Log file "./DNS.out.log", debug mask 0x14
Not find in cacheMap
TTL is -1 
over is 2 
time is 1622826326
 lastCallTime 1622826324
over Time is 1 
TTL is -1 
over is 2 
time is 1622826326
 lastCallTime 1622826324
over Time is 1 
TTL is -1 
over is 2 
time is 1622826326
 lastCallTime 1622826324
find in hashMap and store it
it is a bad net websiteTTL is -1 
over is 2 
time is 1622826328
 lastCallTime 1622826326
over Time is 1 
TTL is -1 
over is 2 
time is 1622826328
 lastCallTime 1622826326
find in cache
it is a bad net websiteTTL is -1 
over is 3 
time is 1622826329
 lastCallTime 1622826326
over Time is 1 
TTL is -1 
over is 3 
time is 1622826329
 lastCallTime 1622826326
find in cache
it is a bad net websiteTTL is -1 
over is 3 
time is 1622826329
 lastCallTime 1622826326
over Time is 1 
TTL is -1 
over is 3 
time is 1622826329
 lastCallTime 1622826326
find in cache
it is a bad net websiteTTL is -1 
over is 3 
time is 1622826329
 lastCallTime 1622826326
over Time is 1 
TTL is -1 
over is 3 
time is 1622826329
 lastCallTime 1622826326
find in cache
it is a bad net websiteTTL is -1 
over is 4 
time is 1622826330
 lastCallTime 1622826326
over Time is 1 
TTL is -1 
over is 4 
time is 1622826330
 lastCallTime 1622826326
find in cache
it is a bad net websiteTTL is -1 
over is 4 
time is 1622826330
 lastCallTime 1622826326
over Time is 1 
TTL is -1 
over is 4 
time is 1622826330
 lastCallTime 1622826326
find in cache
it is a bad net websiteTTL is -1 
over is 4 
time is 1622826330
 lastCallTime 1622826326
over Time is 1 
TTL is -1 
over is 4 
time is 1622826330
 lastCallTime 1622826326
find in cache
it is a bad net websiteTTL is -1 
over is 5 
time is 1622826331
 lastCallTime 1622826326
over Time is 1 
TTL is -1 
over is 5 
time is 1622826331
 lastCallTime 1622826326
find in cache
it is a bad net websiteTTL is -1 
over is 5 
time is 1622826331
 lastCallTime 1622826326
over Time is 1 
TTL is -1 
over is 5 
time is 1622826331
 lastCallTime 1622826326
find in cache
it is a bad net websiteTTL is -1 
over is 6 
time is 1622826332
 lastCallTime 1622826326
over Time is 1 
TTL is -1 
over is 6 
time is 1622826332
 lastCallTime 1622826326
find in cache
it is a bad net websiteTTL is -1 
over is 6 
time is 1622826332
 lastCallTime 1622826326
over Time is 1 
TTL is -1 
over is 6 
time is 1622826332
 lastCallTime 1622826326
find in cache
it is a bad net websiteTTL is -1 
over is 6 
time is 1622826332
 lastCallTime 1622826326
over Time is 1 
TTL is -1 
over is 6 
time is 1622826332
 lastCallTime 1622826326
find in cache
it is a bad net websiteTTL is -1 
over is 6 
time is 1622826332
 lastCallTime 1622826326
over Time is 1 
TTL is -1 
over is 6 
time is 1622826332
 lastCallTime 1622826326
find in cache
it is a bad net websiteTTL is -1 
over is 7 
time is 1622826333
 lastCallTime 1622826326
over Time is 1 
TTL is -1 
over is 7 
time is 1622826333
 lastCallTime 1622826326
find in cache
it is a bad net websiteTTL is -1 
over is 7 
time is 1622826333
 lastCallTime 1622826326
over Time is 1 
TTL is -1 
over is 7 
time is 1622826333
 lastCallTime 1622826326
find in cache
it is a bad net websiteTTL is -1 
over is 8 
time is 1622826334
 lastCallTime 1622826326
over Time is 1 
TTL is -1 
over is 8 
time is 1622826334
 lastCallTime 1622826326
find in cache
it is a bad net websiteTTL is -1 
over is 12 
time is 1622826338
 lastCallTime 1622826326
over Time is 1 
TTL is -1 
over is 12 
time is 1622826338
 lastCallTime 1622826326
find in cache
it is a bad net websiteTTL is -1 
over is 13 
time is 1622826339
 lastCallTime 1622826326
over Time is 1 
TTL is -1 
over is 13 
time is 1622826339
 lastCallTime 1622826326
find in cache
it is a bad net websiteTTL is -1 
over is 13 
time is 1622826339
 lastCallTime 1622826326
over Time is 1 
TTL is -1 
over is 13 
time is 1622826339
 lastCallTime 1622826326
find in cache
it is a bad net websiteTTL is -1 
over is 14 
time is 1622826340
 lastCallTime 1622826326
over Time is 1 
TTL is -1 
over is 14 
time is 1622826340
 lastCallTime 1622826326
find in cache
it is a bad net websiteTTL is -1 
over is 15 
time is 1622826341
 lastCallTime 1622826326
over Time is 1 
TTL is -1 
over is 15 
time is 1622826341
 lastCallTime 1622826326
find in cache
it is a bad net websiteTTL is -1 
over is 15 
time is 1622826341
 lastCallTime 1622826326
over Time is 1 
TTL is -1 
over is 15 
time is 1622826341
 lastCallTime 1622826326
find in cache
it is a bad net websiteTTL is -1 
over is 17 
time is 1622826343
 lastCallTime 1622826326
over Time is 1 
TTL is -1 
over is 17 
time is 1622826343
 lastCallTime 1622826326
find in cache
it is a bad net websiteNot find in cacheMap
TTL is -1 
over is 35 
time is 1622826359
 lastCallTime 1622826324
over Time is 1 
TTL is -1 
over is 35 
time is 1622826359
 lastCallTime 1622826324
over Time is 1 
ip is 2485564892 ttl is 541
is not a ipv4
is not a ipv4
Not find in cacheMap
TTL is -1 
over is 39 
time is 1622826363
 lastCallTime 1622826324
over Time is 1 
is not a ipv4
is not a ipv4
TTL is 541 
over is 8 
time is 1622826367
 lastCallTime 1622826359
over Time is 1 
TTL is 541 
over is 8 
time is 1622826367
 lastCallTime 1622826359
find in cache
is not a ipv4
is not a ipv4
TTL is 541 
over is 10 
time is 1622826369
 lastCallTime 1622826359
over Time is 1 
TTL is 541 
over is 10 
time is 1622826369
 lastCallTime 1622826359
find in cache
is not a ipv4
