000.000 =============================================================
000.000                     Station A                               
000.000 -------------------------------------------------------------
000.000 Protocol.lib, version 4.0, jiangyanjun0718@bupt.edu.cn
000.000 Channel: 8000 bps, 270 ms propagation delay, bit error rate 1.0E-05
000.000 Log file "1400.log", TCP port 59144, debug mask 0x07
000.000 Station A is waiting for station B on TCP port 59144 ... Done.
000.953 New epoch: Wed May  5 15:21:08 2021
000.953 =================================================================
000.953 
000.953 Designed by Jiang Yanjun, build: May  5 2021  15:21:03
000.953 进入了网络层准备好、
000.953 Send DATA 0 31, ID 0
001.064 Impose noise on received data, 1/768=1.3E-03
001.204 进入了物理层准备好、
001.204 进入了网络层准备好、
001.204 Send DATA 1 31, ID 0
001.457 进入了物理层准备好、
001.457 进入了网络层准备好、
001.457 Send DATA 2 31, ID 0
001.503 接收到了帧、
001.503 CRC 校验出错！
001.503 Send NAK 0 31, ID 0
001.739 进入了物理层准备好、
001.739 进入了网络层准备好、
001.739 Send DATA 3 31, ID 0
001.771 接收到了帧、
001.771 Recv DATA 1 31, ID 20001  frame_expect is 0
001.771 启动了ACK计时器
002.008 进入了物理层准备好、
002.008 进入了网络层准备好、
002.008 Send DATA 4 31, ID 0
002.024 接收到了帧、
002.024 Recv DATA 2 31, ID 20002  frame_expect is 0
002.024 启动了ACK计时器
002.260 进入了物理层准备好、
002.261 进入了网络层准备好、
002.261 Send DATA 5 31, ID 0
002.308 接收到了帧、
002.308 Recv DATA 3 0, ID 20003  frame_expect is 0
002.308 启动了ACK计时器
002.308 确认了0 帧
002.529 进入了物理层准备好、
002.529 进入了网络层准备好、
002.529 Send DATA 6 31, ID 0
002.544 接收到了帧、
002.545 Recv DATA 4 1, ID 20004  frame_expect is 0
002.545 启动了ACK计时器
002.545 确认了1 帧
002.785 进入了物理层准备好、
002.785 进入了网络层准备好、
002.785 Send DATA 7 31, ID 0
002.816 接收到了帧、
002.816 Recv DATA 0 2, ID 20000  frame_expect is 0
002.816 启动了ACK计时器
002.816 确认了2 帧
003.056 进入了物理层准备好、
003.056 进入了网络层准备好、
003.056 Send DATA 8 4, ID 0
003.088 接收到了帧、
003.088 Recv DATA 5 3, ID 20005  frame_expect is 5
003.088 启动了ACK计时器
003.088 确认了3 帧
003.327 进入了物理层准备好、
003.327 进入了网络层准备好、
003.327 Send DATA 9 5, ID 0
003.359 接收到了帧、
003.359 Recv DATA 6 4, ID 20006  frame_expect is 6
003.359 启动了ACK计时器
003.359 .... 7 packets received, 6750 bps, 84.37%, Err 1 (5.3e-05)
003.359 确认了4 帧
003.582 进入了物理层准备好、
003.582 进入了网络层准备好、
003.582 Send DATA 10 6, ID 0
003.630 接收到了帧、
003.630 Recv DATA 7 5, ID 20007  frame_expect is 7
003.630 启动了ACK计时器
003.630 确认了5 帧
003.853 进入了物理层准备好、
003.854 进入了网络层准备好、
003.854 Send DATA 11 7, ID 0
003.885 接收到了帧、
003.885 Recv DATA 1 6, ID 20001  frame_expect is 8
003.885 发送了NAKSend NAK 0 7, ID 0
003.885 确认了6 帧
004.123 进入了物理层准备好、
004.123 进入了网络层准备好、
004.123 Send DATA 12 7, ID 0
004.155 接收到了帧、
004.155 Recv DATA 2 7, ID 20002  frame_expect is 8
004.155 启动了ACK计时器
004.155 确认了7 帧
004.376 进入了物理层准备好、
004.376 进入了网络层准备好、
004.376 Send DATA 13 7, ID 0
004.407 接收到了帧、
004.407 Recv DATA 8 8, ID 20008  frame_expect is 8
004.407 启动了ACK计时器
004.407 确认了8 帧
004.644 进入了物理层准备好、
004.644 进入了网络层准备好、
004.644 Send DATA 14 8, ID 0
004.676 接收到了帧、
004.676 Recv DATA 9 9, ID 20009  frame_expect is 9
004.676 启动了ACK计时器
004.676 确认了9 帧
004.914 进入了物理层准备好、
004.914 进入了网络层准备好、
004.914 Send DATA 15 9, ID 0
004.946 接收到了帧、
004.946 Recv DATA 10 10, ID 20010  frame_expect is 10
004.946 启动了ACK计时器
004.946 确认了10 帧
005.167 进入了物理层准备好、
005.167 进入了网络层准备好、
005.167 Send DATA 16 10, ID 0
005.198 接收到了帧、
005.198 Recv DATA 8 11, ID 20008  frame_expect is 11
005.198 发送了NAKSend NAK 0 10, ID 0
005.198 确认了11 帧
005.448 进入了物理层准备好、
005.448 进入了网络层准备好、
005.448 Send DATA 17 10, ID 0
005.464 接收到了帧、
005.464 Recv DATA 11 12, ID 20011  frame_expect is 11
005.464 启动了ACK计时器
005.464 .... 12 packets received, 5811 bps, 72.64%, Err 1 (2.8e-05)
005.464 确认了12 帧
005.703 进入了物理层准备好、
005.703 进入了网络层准备好、
005.703 Send DATA 18 11, ID 0
005.734 接收到了帧、
005.734 Recv DATA 12 13, ID 20012  frame_expect is 12
005.734 启动了ACK计时器
005.734 确认了13 帧
005.972 进入了物理层准备好、
005.972 进入了网络层准备好、
005.972 Send DATA 19 12, ID 0
005.988 接收到了帧、
005.988 Recv DATA 13 14, ID 20013  frame_expect is 13
005.988 启动了ACK计时器
005.988 确认了14 帧
006.242 进入了物理层准备好、
006.242 进入了网络层准备好、
006.242 Send DATA 20 13, ID 0
006.258 接收到了帧、
006.258 Recv DATA 14 15, ID 20014  frame_expect is 14
006.258 启动了ACK计时器
006.258 确认了15 帧
006.498 进入了物理层准备好、
006.498 进入了网络层准备好、
006.498 Send DATA 21 14, ID 0
006.529 接收到了帧、
006.529 Recv DATA 11 16, ID 20011  frame_expect is 15
006.529 发送了NAKSend NAK 0 14, ID 0
006.529 确认了0 帧
006.768 进入了物理层准备好、
006.768 进入了网络层准备好、
006.768 Send DATA 22 14, ID 0
006.784 接收到了帧、
006.784 Recv DATA 15 17, ID 20015  frame_expect is 15
006.784 启动了ACK计时器
006.784 确认了1 帧
007.036 进入了物理层准备好、
007.037 接收到了帧、
007.037 Recv DATA 16 18, ID 20016  frame_expect is 16
007.037 启动了ACK计时器
007.037 确认了2 帧
007.037 进入了网络层准备好、
007.037 Send DATA 23 16, ID 0
007.052 接收到了帧、
007.052 Send DATA 19 16, ID 0
007.322 接收到了帧、
007.322 Recv DATA 17 18, ID 20017  frame_expect is 17
007.322 启动了ACK计时器
007.560 进入了物理层准备好、
007.560 进入了网络层准备好、
007.560 Send DATA 24 17, ID 0
007.575 接收到了帧、
007.575 Recv DATA 18 18, ID 20018  frame_expect is 18
007.575 启动了ACK计时器
007.575 .... 19 packets received, 6138 bps, 76.72%, Err 1 (1.9e-05)
007.828 进入了物理层准备好、
007.828 进入了网络层准备好、
007.828 Send DATA 25 18, ID 0
007.844 接收到了帧、
007.844 Recv DATA 15 18, ID 20015  frame_expect is 19
007.844 发送了NAKSend NAK 0 18, ID 0
008.098 接收到了帧、
008.098 Recv DATA 19 18, ID 20019  frame_expect is 19
008.098 启动了ACK计时器
008.099 进入了物理层准备好、
008.099 进入了网络层准备好、
008.099 Send DATA 26 19, ID 0
008.209 ---!!!!!!!!!!!!!!!!!!!!!!!!!!!!- DATA 4 timeout
008.209 进入了超过了发送窗口的地方Send DATA 20 19, ID 0
008.367 接收到了帧、
008.367 Recv DATA 20 18, ID 20020  frame_expect is 20
008.368 启动了ACK计时器
008.479 ---!!!!!!!!!!!!!!!!!!!!!!!!!!!!- DATA 5 timeout
008.479 进入了超过了发送窗口的地方Send DATA 21 20, ID 0
008.638 接收到了帧、
008.638 Recv DATA 21 23, ID 20021  frame_expect is 21
008.638 启动了ACK计时器
008.638 确认了3 帧
008.638 确认了4 帧
008.638 确认了5 帧
008.638 确认了6 帧
008.638 确认了7 帧
008.891 进入了物理层准备好、
008.891 进入了网络层准备好、
008.891 Send DATA 27 21, ID 0
008.907 接收到了帧、
008.907 Recv DATA 22 24, ID 20022  frame_expect is 22
008.907 启动了ACK计时器
008.907 确认了8 帧
009.158 进入了物理层准备好、
009.158 接收到了帧、
009.158 Recv DATA 19 25, ID 20019  frame_expect is 23
009.158 发送了NAKSend NAK 0 22, ID 0
009.158 确认了9 帧
009.158 进入了物理层准备好、
009.158 进入了网络层准备好、
009.158 Send DATA 28 22, ID 0
009.427 接收到了帧、
009.427 Recv DATA 23 26, ID 20023  frame_expect is 23
009.427 启动了ACK计时器
009.427 确认了10 帧
009.427 进入了物理层准备好、
009.427 进入了网络层准备好、
009.427 Send DATA 29 23, ID 0
009.442 接收到了帧、
009.442 Send DATA 27 23, ID 0
009.711 接收到了帧、
009.712 Recv DATA 24 26, ID 20024  frame_expect is 24
009.712 启动了ACK计时器
009.712 .... 25 packets received, 6041 bps, 75.51%, Err 1 (1.4e-05)
009.949 进入了物理层准备好、
009.949 进入了网络层准备好、
009.949 Send DATA 30 24, ID 0
009.965 接收到了帧、
009.965 Recv DATA 25 26, ID 20025  frame_expect is 25
009.965 启动了ACK计时器
010.217 进入了物理层准备好、
010.218 接收到了帧、
010.218 Recv DATA 23 27, ID 20023  frame_expect is 26
010.218 发送了NAKSend NAK 0 25, ID 0
010.218 确认了11 帧
010.218 进入了物理层准备好、
010.218 进入了网络层准备好、
010.218 Send DATA 31 25, ID 0
010.486 接收到了帧、
010.486 Recv DATA 26 28, ID 20026  frame_expect is 26
010.486 启动了ACK计时器
010.486 确认了12 帧
010.486 进入了物理层准备好、
010.486 进入了网络层准备好、
010.486 Send DATA 0 26, ID 0
010.757 接收到了帧、
010.757 Recv DATA 27 29, ID 20027  frame_expect is 27
010.757 启动了ACK计时器
010.757 确认了13 帧
010.757 进入了物理层准备好、
010.757 进入了网络层准备好、
010.757 Send DATA 1 27, ID 0
010.788 接收到了帧、
010.788 Send DATA 30 27, ID 0
011.025 接收到了帧、
011.025 Recv DATA 28 29, ID 20028  frame_expect is 28
011.025 启动了ACK计时器
011.277 进入了物理层准备好、
011.277 进入了网络层准备好、
011.278 Send DATA 2 28, ID 0
011.293 接收到了帧、
011.293 Recv DATA 26 30, ID 20026  frame_expect is 29
011.293 发送了NAKSend NAK 0 28, ID 0
011.293 确认了14 帧
011.547 进入了物理层准备好、
011.547 接收到了帧、
011.547 Recv DATA 29 31, ID 20029  frame_expect is 29
011.547 启动了ACK计时器
011.547 确认了15 帧
011.547 进入了网络层准备好、
011.547 Send DATA 3 29, ID 0
011.817 接收到了帧、
011.817 Recv DATA 30 0, ID 20030  frame_expect is 30
011.817 启动了ACK计时器
011.817 .... 31 packets received, 6000 bps, 75.00%, Err 1 (1.2e-05)
011.817 确认了0 帧
011.817 进入了物理层准备好、
011.817 进入了网络层准备好、
011.817 Send DATA 4 30, ID 0
012.068 接收到了帧、
012.068 Recv DATA 31 1, ID 20031  frame_expect is 31
012.068 启动了ACK计时器
012.068 确认了1 帧
012.084 接收到了帧、
012.084 Send DATA 2 31, ID 0
012.339 进入了物理层准备好、
012.339 进入了网络层准备好、
012.339 Send DATA 5 31, ID 0
012.371 接收到了帧、
012.371 Recv DATA 0 1, ID 20032  frame_expect is 0
012.371 启动了ACK计时器
012.608 接收到了帧、
012.608 Recv DATA 29 2, ID 20029  frame_expect is 1
012.608 发送了NAKSend NAK 0 0, ID 0
012.608 确认了2 帧
012.609 进入了物理层准备好、
012.609 进入了网络层准备好、
012.609 Send DATA 6 0, ID 0
012.877 接收到了帧、
012.877 Recv DATA 1 3, ID 20033  frame_expect is 1
012.877 启动了ACK计时器
012.877 确认了3 帧
012.877 进入了物理层准备好、
012.877 进入了网络层准备好、
012.877 Send DATA 7 1, ID 0
013.129 接收到了帧、
013.129 Recv DATA 2 4, ID 20034  frame_expect is 2
013.129 启动了ACK计时器
013.129 确认了4 帧
013.145 接收到了帧、
013.145 Send DATA 5 2, ID 0
013.401 进入了物理层准备好、
013.401 进入了网络层准备好、
013.401 Send DATA 8 2, ID 0
013.416 接收到了帧、
013.416 Recv DATA 3 4, ID 20035  frame_expect is 3
013.416 启动了ACK计时器
013.672 进入了物理层准备好、
013.672 进入了网络层准备好、
013.672 Send DATA 9 3, ID 0
013.688 接收到了帧、
013.688 Recv DATA 1 5, ID 20033  frame_expect is 4
013.688 发送了NAKSend NAK 0 3, ID 0
013.688 确认了5 帧
013.940 接收到了帧、
013.940 Recv DATA 4 6, ID 20036  frame_expect is 4
013.940 启动了ACK计时器
013.940 .... 37 packets received, 5964 bps, 74.55%, Err 1 (9.6e-06)
013.940 确认了6 帧
013.940 进入了物理层准备好、
013.940 进入了网络层准备好、
013.940 Send DATA 10 4, ID 0
014.209 接收到了帧、
014.209 Recv DATA 5 7, ID 20037  frame_expect is 5
014.209 启动了ACK计时器
014.209 确认了7 帧
014.209 进入了物理层准备好、
014.209 进入了网络层准备好、
014.209 Send DATA 11 5, ID 0
014.240 接收到了帧、
014.240 Send DATA 8 5, ID 0
014.496 接收到了帧、
014.496 Recv DATA 6 7, ID 20038  frame_expect is 6
014.496 启动了ACK计时器
014.496 Impose noise on received data, 2/108344=1.8E-05
014.735 进入了物理层准备好、
014.736 进入了网络层准备好、
014.736 Send DATA 12 6, ID 0
014.751 接收到了帧、
014.751 Recv DATA 7 8, ID 20039  frame_expect is 7
014.751 启动了ACK计时器
014.751 确认了8 帧
015.005 接收到了帧、
015.005 CRC 校验出错！
015.005 Send NAK 0 7, ID 0
015.005 进入了物理层准备好、
015.005 进入了网络层准备好、
015.005 Send DATA 13 7, ID 0
015.274 接收到了帧、
015.274 Recv DATA 8 10, ID 20040  frame_expect is 8
015.274 启动了ACK计时器
015.274 确认了9 帧
015.274 确认了10 帧
015.274 进入了物理层准备好、
015.274 进入了网络层准备好、
015.274 Send DATA 14 8, ID 0
015.528 进入了物理层准备好、
015.528 进入了网络层准备好、
015.528 Send DATA 15 8, ID 0
015.544 接收到了帧、
015.544 Recv DATA 9 11, ID 20041  frame_expect is 9
015.544 启动了ACK计时器
015.544 确认了11 帧
015.576 接收到了帧、
015.576 Send DATA 12 9, ID 0
015.814 接收到了帧、
015.814 Recv DATA 10 11, ID 20042  frame_expect is 10
015.814 启动了ACK计时器
016.067 进入了物理层准备好、
016.067 进入了网络层准备好、
016.067 Send DATA 16 10, ID 0
016.082 接收到了帧、
016.082 Recv DATA 8 12, ID 20040  frame_expect is 11
016.082 发送了NAKSend NAK 0 10, ID 0
016.082 确认了12 帧
016.333 接收到了帧、
016.333 Recv DATA 11 13, ID 20043  frame_expect is 11
016.333 启动了ACK计时器
016.333 .... 44 packets received, 5968 bps, 74.61%, Err 2 (1.6e-05)
016.333 确认了13 帧
016.333 进入了物理层准备好、
016.333 进入了网络层准备好、
016.333 Send DATA 17 11, ID 0
016.585 接收到了帧、
016.585 Recv DATA 12 14, ID 20044  frame_expect is 12
016.585 启动了ACK计时器
016.585 确认了14 帧
016.601 进入了物理层准备好、
016.601 进入了网络层准备好、
016.601 Send DATA 18 12, ID 0
016.854 接收到了帧、
016.854 Recv DATA 13 15, ID 20045  frame_expect is 13
016.854 启动了ACK计时器
016.854 确认了15 帧
016.854 进入了物理层准备好、
016.854 进入了网络层准备好、
016.854 Send DATA 19 13, ID 0
016.870 接收到了帧、
016.870 Send DATA 16 13, ID 0
017.123 接收到了帧、
017.123 Recv DATA 14 15, ID 20046  frame_expect is 14
017.123 启动了ACK计时器
017.392 接收到了帧、
017.392 Recv DATA 11 16, ID 20043  frame_expect is 15
017.392 发送了NAKSend NAK 0 14, ID 0
017.392 确认了0 帧
017.392 进入了物理层准备好、
017.392 进入了网络层准备好、
017.392 Send DATA 20 14, ID 0
017.663 接收到了帧、
017.663 Recv DATA 15 17, ID 20047  frame_expect is 15
017.663 启动了ACK计时器
017.663 确认了1 帧
017.663 进入了物理层准备好、
017.663 进入了网络层准备好、
017.663 Send DATA 21 15, ID 0
017.917 进入了物理层准备好、
017.917 进入了网络层准备好、
017.917 Send DATA 22 15, ID 0
017.933 接收到了帧、
017.933 Recv DATA 16 18, ID 20048  frame_expect is 16
017.933 启动了ACK计时器
017.933 确认了2 帧
018.187 接收到了帧、
018.187 Recv DATA 17 19, ID 20049  frame_expect is 17
018.187 启动了ACK计时器
018.187 确认了3 帧
018.187 进入了物理层准备好、
018.187 进入了网络层准备好、
018.187 Send DATA 23 17, ID 0
018.203 接收到了帧、
018.203 Send DATA 20 17, ID 0
018.457 接收到了帧、
018.458 Recv DATA 15 19, ID 20047  frame_expect is 18
018.458 发送了NAKSend NAK 0 17, ID 0
018.727 接收到了帧、
018.727 Recv DATA 18 20, ID 20050  frame_expect is 18
018.727 启动了ACK计时器
018.727 .... 51 packets received, 5971 bps, 74.64%, Err 2 (1.4e-05)
018.727 确认了4 帧
018.728 进入了物理层准备好、
018.728 进入了网络层准备好、
018.728 Send DATA 24 18, ID 0
018.982 进入了物理层准备好、
018.983 进入了网络层准备好、
018.983 Send DATA 25 18, ID 0
018.998 接收到了帧、
018.998 Recv DATA 19 21, ID 20051  frame_expect is 19
018.998 启动了ACK计时器
018.999 确认了5 帧
019.251 接收到了帧、
019.251 Recv DATA 20 22, ID 20052  frame_expect is 20
019.251 启动了ACK计时器
019.251 确认了6 帧
019.251 进入了物理层准备好、
019.251 进入了网络层准备好、
019.251 Send DATA 26 20, ID 0
019.522 接收到了帧、
019.522 Recv DATA 21 23, ID 20053  frame_expect is 21
019.522 启动了ACK计时器
019.522 确认了7 帧
019.522 进入了物理层准备好、
019.522 进入了网络层准备好、
019.522 Send DATA 27 21, ID 0
019.554 接收到了帧、
019.554 Send DATA 24 21, ID 0
019.794 接收到了帧、
019.794 Recv DATA 18 23, ID 20050  frame_expect is 22
019.794 发送了NAKSend NAK 0 21, ID 0
020.047 进入了物理层准备好、
020.047 进入了网络层准备好、
020.047 Send DATA 28 21, ID 0
020.063 接收到了帧、
020.063 Recv DATA 22 24, ID 20054  frame_expect is 22
020.063 启动了ACK计时器
020.063 确认了8 帧
020.318 接收到了帧、
020.318 Recv DATA 23 25, ID 20055  frame_expect is 23
020.319 启动了ACK计时器
020.319 确认了9 帧
020.319 进入了物理层准备好、
020.319 进入了网络层准备好、
020.319 Send DATA 29 23, ID 0
020.574 进入了物理层准备好、
020.574 进入了网络层准备好、
020.574 Send DATA 30 23, ID 0
020.590 接收到了帧、
020.590 Recv DATA 24 26, ID 20056  frame_expect is 24
020.590 启动了ACK计时器
020.590 确认了10 帧
020.845 进入了物理层准备好、
020.845 接收到了帧、
020.845 Recv DATA 25 27, ID 20057  frame_expect is 25
020.845 启动了ACK计时器
020.846 .... 58 packets received, 6057 bps, 75.72%, Err 2 (1.3e-05)
020.846 确认了11 帧
020.846 进入了网络层准备好、
020.846 Send DATA 31 25, ID 0
020.876 接收到了帧、
020.876 Send DATA 28 25, ID 0
021.113 接收到了帧、
021.114 Recv DATA 22 27, ID 20054  frame_expect is 26
021.114 发送了NAKSend NAK 0 25, ID 0
021.370 进入了物理层准备好、
021.370 进入了网络层准备好、
021.370 Send DATA 0 25, ID 0
021.386 接收到了帧、
021.386 Recv DATA 26 28, ID 20058  frame_expect is 26
021.386 启动了ACK计时器
021.386 确认了12 帧
021.641 接收到了帧、
021.641 Recv DATA 27 29, ID 20059  frame_expect is 27
021.641 启动了ACK计时器
021.641 确认了13 帧
021.642 进入了物理层准备好、
021.642 进入了网络层准备好、
021.642 Send DATA 1 27, ID 0
021.896 接收到了帧、
021.896 Recv DATA 28 30, ID 20060  frame_expect is 28
021.896 启动了ACK计时器
021.896 确认了14 帧
021.912 进入了物理层准备好、
021.912 进入了网络层准备好、
021.912 Send DATA 2 28, ID 0
022.168 接收到了帧、
022.168 Recv DATA 29 31, ID 20061  frame_expect is 29
022.168 启动了ACK计时器
022.168 确认了15 帧
022.168 进入了物理层准备好、
022.168 进入了网络层准备好、
022.168 Send DATA 3 29, ID 0
022.185 接收到了帧、
022.185 Send DATA 0 29, ID 0
022.437 接收到了帧、
022.437 Recv DATA 26 31, ID 20058  frame_expect is 30
022.437 发送了NAKSend NAK 0 29, ID 0
022.707 接收到了帧、
022.708 Recv DATA 30 0, ID 20062  frame_expect is 30
022.708 启动了ACK计时器
022.708 确认了0 帧
022.708 进入了物理层准备好、
022.708 进入了网络层准备好、
022.708 Send DATA 4 30, ID 0
022.957 接收到了帧、
022.957 Recv DATA 31 1, ID 20063  frame_expect is 31
022.957 启动了ACK计时器
022.957 .... 64 packets received, 6034 bps, 75.43%, Err 2 (1.1e-05)
022.957 确认了1 帧
022.973 进入了物理层准备好、
022.973 进入了网络层准备好、
022.973 Send DATA 5 31, ID 0
023.224 接收到了帧、
023.224 Recv DATA 0 2, ID 20064  frame_expect is 0
023.224 启动了ACK计时器
023.224 确认了2 帧
023.224 进入了物理层准备好、
023.224 进入了网络层准备好、
023.224 Send DATA 6 0, ID 0
023.494 接收到了帧、
023.494 Recv DATA 1 3, ID 20065  frame_expect is 1
023.494 启动了ACK计时器
023.494 确认了3 帧
023.494 进入了物理层准备好、
023.494 进入了网络层准备好、
023.494 Send DATA 7 1, ID 0
023.510 接收到了帧、
023.510 Send DATA 4 1, ID 0
023.762 接收到了帧、
023.762 Recv DATA 30 3, ID 20062  frame_expect is 2
023.762 发送了NAKSend NAK 0 1, ID 0
024.033 进入了物理层准备好、
024.033 进入了网络层准备好、
024.033 Send DATA 8 1, ID 0
024.048 接收到了帧、
024.049 Recv DATA 2 4, ID 20066  frame_expect is 2
024.049 启动了ACK计时器
024.049 确认了4 帧
024.301 接收到了帧、
024.301 Recv DATA 3 5, ID 20067  frame_expect is 3
024.301 启动了ACK计时器
024.301 确认了5 帧
024.301 进入了物理层准备好、
024.301 进入了网络层准备好、
024.301 Send DATA 9 3, ID 0
024.555 接收到了帧、
024.555 Recv DATA 4 6, ID 20068  frame_expect is 4
024.555 启动了ACK计时器
024.555 确认了6 帧
024.555 进入了物理层准备好、
024.555 进入了网络层准备好、
024.555 Send DATA 10 4, ID 0
024.824 接收到了帧、
024.824 Recv DATA 5 7, ID 20069  frame_expect is 5
024.824 启动了ACK计时器
024.824 确认了7 帧
024.825 进入了物理层准备好、
024.825 进入了网络层准备好、
024.825 Send DATA 11 5, ID 0
024.856 接收到了帧、
024.856 Send DATA 8 5, ID 0
025.111 接收到了帧、
025.111 Recv DATA 2 7, ID 20066  frame_expect is 6
025.111 发送了NAKSend NAK 0 5, ID 0
025.350 进入了物理层准备好、
025.350 进入了网络层准备好、
025.350 Send DATA 12 5, ID 0
025.366 接收到了帧、
025.366 Recv DATA 6 8, ID 20070  frame_expect is 6
025.366 启动了ACK计时器
025.366 .... 71 packets received, 6026 bps, 75.32%, Err 2 (1.0e-05)
025.366 确认了8 帧
025.620 接收到了帧、
025.620 Recv DATA 7 9, ID 20071  frame_expect is 7
025.620 启动了ACK计时器
025.620 确认了9 帧
025.620 进入了物理层准备好、
025.620 进入了网络层准备好、
025.620 Send DATA 13 7, ID 0
025.892 接收到了帧、
025.892 Recv DATA 8 10, ID 20072  frame_expect is 8
025.892 启动了ACK计时器
025.892 确认了10 帧
025.892 进入了物理层准备好、
025.892 进入了网络层准备好、
025.892 Send DATA 14 8, ID 0
025.924 接收到了帧、
025.924 Send DATA 11 8, ID 0
026.158 接收到了帧、
026.158 Recv DATA 9 10, ID 20073  frame_expect is 9
026.158 启动了ACK计时器
026.411 进入了物理层准备好、
026.411 进入了网络层准备好、
026.411 Send DATA 15 9, ID 0
026.427 接收到了帧、
026.427 Recv DATA 6 10, ID 20070  frame_expect is 10
026.427 发送了NAKSend NAK 0 9, ID 0
026.682 进入了物理层准备好、
026.682 接收到了帧、
026.682 Recv DATA 10 10, ID 20074  frame_expect is 10
026.682 启动了ACK计时器
026.682 进入了网络层准备好、
026.682 Send DATA 16 10, ID 0
026.951 接收到了帧、
026.951 Recv DATA 11 10, ID 20075  frame_expect is 11
026.951 启动了ACK计时器
026.951 进入了物理层准备好、
026.951 进入了网络层准备好、
026.951 Send DATA 17 11, ID 0
027.205 进入了物理层准备好、
027.205 进入了网络层准备好、
027.205 Send DATA 18 11, ID 0
027.221 接收到了帧、
027.221 Recv DATA 12 10, ID 20076  frame_expect is 12
027.221 启动了ACK计时器
027.332 ---!!!!!!!!!!!!!!!!!!!!!!!!!!!!- DATA 12 timeout
027.332 Send DATA 12 12, ID 0
027.476 接收到了帧、
027.476 Recv DATA 13 14, ID 20077  frame_expect is 13
027.476 启动了ACK计时器
027.476 .... 78 packets received, 6088 bps, 76.09%, Err 2 (9.4e-06)
027.476 确认了11 帧
027.476 确认了12 帧
027.476 确认了13 帧
027.476 确认了14 帧
027.747 接收到了帧、
027.747 Recv DATA 10 15, ID 20074  frame_expect is 14
027.747 发送了NAKSend NAK 0 13, ID 0
027.747 确认了15 帧
027.748 进入了物理层准备好、
027.748 进入了网络层准备好、
027.748 Send DATA 19 13, ID 0
027.998 接收到了帧、
027.998 Recv DATA 14 16, ID 20078  frame_expect is 14
027.998 启动了ACK计时器
027.998 确认了0 帧
028.013 进入了物理层准备好、
028.013 进入了网络层准备好、
028.013 Send DATA 20 14, ID 0
028.268 接收到了帧、
028.268 Recv DATA 15 17, ID 20079  frame_expect is 15
028.268 启动了ACK计时器
028.269 确认了1 帧
028.269 进入了物理层准备好、
028.269 进入了网络层准备好、
028.269 Send DATA 21 15, ID 0
028.537 接收到了帧、
028.537 Recv DATA 16 18, ID 20080  frame_expect is 16
028.537 启动了ACK计时器
028.537 确认了2 帧
028.537 进入了物理层准备好、
028.537 进入了网络层准备好、
028.537 Send DATA 22 16, ID 0
028.552 接收到了帧、
028.552 Send DATA 19 16, ID 0
028.805 接收到了帧、
028.805 Recv DATA 14 18, ID 20078  frame_expect is 17
028.805 发送了NAKSend NAK 0 16, ID 0
029.075 接收到了帧、
029.075 Recv DATA 17 19, ID 20081  frame_expect is 17
029.075 启动了ACK计时器
029.075 确认了3 帧
029.075 进入了物理层准备好、
029.075 进入了网络层准备好、
029.075 Send DATA 23 17, ID 0
029.343 接收到了帧、
029.343 Recv DATA 18 20, ID 20082  frame_expect is 18
029.343 启动了ACK计时器
029.343 确认了4 帧
029.343 进入了物理层准备好、
029.343 进入了网络层准备好、
029.343 Send DATA 24 18, ID 0
029.598 进入了物理层准备好、
029.598 进入了网络层准备好、
029.598 Send DATA 25 18, ID 0
029.614 接收到了帧、
029.614 Recv DATA 19 21, ID 20083  frame_expect is 19
029.614 启动了ACK计时器
029.614 .... 84 packets received, 6062 bps, 75.77%, Err 2 (8.7e-06)
029.614 确认了5 帧
029.869 接收到了帧、
029.869 Recv DATA 20 22, ID 20084  frame_expect is 20
029.869 启动了ACK计时器
029.869 确认了6 帧
029.869 接收到了帧、
029.869 Send DATA 23 20, ID 0
030.121 接收到了帧、
030.121 Recv DATA 17 22, ID 20081  frame_expect is 21
030.121 发送了NAKSend NAK 0 20, ID 0
030.137 进入了物理层准备好、
030.137 进入了网络层准备好、
030.137 Send DATA 26 20, ID 0
030.390 接收到了帧、
030.390 Recv DATA 21 23, ID 20085  frame_expect is 21
030.390 启动了ACK计时器
030.390 确认了7 帧
030.406 进入了物理层准备好、
030.406 进入了网络层准备好、
030.406 Send DATA 27 21, ID 0
030.658 进入了物理层准备好、
030.658 进入了网络层准备好、
030.658 Send DATA 28 21, ID 0
030.674 接收到了帧、
030.674 Recv DATA 22 24, ID 20086  frame_expect is 22
030.674 启动了ACK计时器
030.674 确认了8 帧
030.911 接收到了帧、
030.911 Recv DATA 23 25, ID 20087  frame_expect is 23
030.911 启动了ACK计时器
030.911 确认了9 帧
030.927 接收到了帧、
030.927 Send DATA 26 23, ID 0
031.182 接收到了帧、
031.182 Recv DATA 21 25, ID 20085  frame_expect is 24
031.182 发送了NAKSend NAK 0 23, ID 0
031.197 进入了物理层准备好、
031.197 进入了网络层准备好、
031.198 Send DATA 29 23, ID 0
031.449 接收到了帧、
031.449 Recv DATA 24 26, ID 20088  frame_expect is 24
031.449 启动了ACK计时器
031.449 确认了10 帧
031.465 进入了物理层准备好、
031.465 进入了网络层准备好、
031.465 Send DATA 30 24, ID 0
031.718 接收到了帧、
031.718 Recv DATA 25 27, ID 20089  frame_expect is 25
031.718 启动了ACK计时器
031.718 .... 90 packets received, 6047 bps, 75.58%, Err 2 (8.1e-06)
031.718 确认了11 帧
031.734 进入了物理层准备好、
031.735 进入了网络层准备好、
031.735 Send DATA 31 25, ID 0
031.987 接收到了帧、
031.987 Recv DATA 26 28, ID 20090  frame_expect is 26
031.988 启动了ACK计时器
031.988 确认了12 帧
031.988 进入了物理层准备好、
031.988 进入了网络层准备好、
031.988 Send DATA 0 26, ID 0
032.003 接收到了帧、
032.003 Send DATA 29 26, ID 0
032.257 接收到了帧、
032.257 Recv DATA 24 28, ID 20088  frame_expect is 27
032.257 发送了NAKSend NAK 0 26, ID 0
032.511 接收到了帧、
032.511 Recv DATA 27 29, ID 20091  frame_expect is 27
032.511 启动了ACK计时器
032.511 确认了13 帧
032.527 进入了物理层准备好、
032.527 进入了网络层准备好、
032.527 Send DATA 1 27, ID 0
032.781 接收到了帧、
032.781 Recv DATA 28 30, ID 20092  frame_expect is 28
032.781 启动了ACK计时器
032.781 确认了14 帧
032.797 进入了物理层准备好、
032.797 进入了网络层准备好、
032.798 Send DATA 2 28, ID 0
033.051 接收到了帧、
033.051 Recv DATA 29 31, ID 20093  frame_expect is 29
033.051 启动了ACK计时器
033.051 确认了15 帧
033.051 进入了物理层准备好、
033.051 进入了网络层准备好、
033.051 Send DATA 3 29, ID 0
033.323 接收到了帧、
033.323 Recv DATA 30 0, ID 20094  frame_expect is 30
033.323 启动了ACK计时器
033.323 确认了0 帧
033.323 进入了物理层准备好、
033.323 进入了网络层准备好、
033.323 Send DATA 4 30, ID 0
033.354 接收到了帧、
033.354 Send DATA 1 30, ID 0
033.593 接收到了帧、
033.593 Recv DATA 27 0, ID 20091  frame_expect is 31
033.593 发送了NAKSend NAK 0 30, ID 0
033.861 接收到了帧、
033.861 Recv DATA 31 1, ID 20095  frame_expect is 31
033.861 启动了ACK计时器
033.861 .... 96 packets received, 6026 bps, 75.33%, Err 2 (7.6e-06)
033.861 确认了1 帧
033.861 进入了物理层准备好、
033.861 进入了网络层准备好、
033.862 Send DATA 5 31, ID 0
034.099 接收到了帧、
034.099 Recv DATA 0 2, ID 20096  frame_expect is 0
034.099 启动了ACK计时器
034.099 确认了2 帧
034.115 进入了物理层准备好、
034.115 进入了网络层准备好、
034.115 Send DATA 6 0, ID 0
034.383 接收到了帧、
034.383 Recv DATA 1 3, ID 20097  frame_expect is 1
034.383 启动了ACK计时器
034.383 确认了3 帧
034.383 进入了物理层准备好、
034.383 进入了网络层准备好、
034.383 Send DATA 7 1, ID 0
034.462 Impose noise on received data, 3/268064=1.1E-05
034.635 接收到了帧、
034.635 Recv DATA 2 4, ID 20098  frame_expect is 2
034.635 启动了ACK计时器
034.635 确认了4 帧
034.651 接收到了帧、
034.651 Send DATA 5 2, ID 0
034.906 进入了物理层准备好、
034.906 进入了网络层准备好、
034.906 Send DATA 8 2, ID 0
034.921 接收到了帧、
034.922 CRC 校验出错！
034.922 Send NAK 0 2, ID 0
035.189 接收到了帧、
035.189 Recv DATA 3 4, ID 20099  frame_expect is 3
035.189 启动了ACK计时器
035.189 进入了物理层准备好、
035.189 进入了网络层准备好、
035.189 Send DATA 9 3, ID 0
035.442 接收到了帧、
035.442 Recv DATA 4 4, ID 20100  frame_expect is 4
035.442 启动了ACK计时器
035.443 进入了物理层准备好、
035.443 进入了网络层准备好、
035.443 Send DATA 10 4, ID 0
035.698 接收到了帧、
035.698 Recv DATA 5 4, ID 20101  frame_expect is 5
035.698 启动了ACK计时器
035.714 进入了物理层准备好、
035.714 进入了网络层准备好、
035.714 Send DATA 11 5, ID 0
035.969 接收到了帧、
035.969 Recv DATA 6 7, ID 20102  frame_expect is 6
035.969 启动了ACK计时器
035.969 .... 103 packets received, 6073 bps, 75.91%, Err 3 (1.1e-05)
035.969 确认了5 帧
035.969 确认了6 帧
035.969 确认了7 帧
035.969 进入了物理层准备好、
035.969 进入了网络层准备好、
035.969 Send DATA 12 6, ID 0
036.221 接收到了帧、
036.221 Recv DATA 3 8, ID 20099  frame_expect is 7
036.222 发送了NAKSend NAK 0 6, ID 0
036.222 确认了8 帧
036.238 接收到了帧、
036.238 Send DATA 9 6, ID 0
036.488 接收到了帧、
036.488 Recv DATA 7 8, ID 20103  frame_expect is 7
036.488 启动了ACK计时器
036.504 进入了物理层准备好、
036.504 进入了网络层准备好、
036.504 Send DATA 13 7, ID 0
036.769 接收到了帧、
036.769 Recv DATA 8 8, ID 20104  frame_expect is 8
036.769 启动了ACK计时器
036.770 进入了物理层准备好、
036.770 进入了网络层准备好、
036.770 Send DATA 14 8, ID 0
037.038 接收到了帧、
037.038 Recv DATA 9 8, ID 20105  frame_expect is 9
037.038 启动了ACK计时器
037.038 进入了物理层准备好、
037.038 进入了网络层准备好、
037.038 Send DATA 15 9, ID 0
037.307 接收到了帧、
037.307 Recv DATA 7 8, ID 20103  frame_expect is 10
037.308 发送了NAKSend NAK 0 9, ID 0
037.308 进入了物理层准备好、
037.308 进入了网络层准备好、
037.308 Send DATA 16 9, ID 0
037.419 ---!!!!!!!!!!!!!!!!!!!!!!!!!!!!- DATA 10 timeout
037.420 Send DATA 10 9, ID 0
037.561 接收到了帧、
037.561 Recv DATA 10 12, ID 20106  frame_expect is 10
037.561 启动了ACK计时器
037.561 确认了9 帧
037.561 确认了10 帧
037.561 确认了11 帧
037.561 确认了12 帧
037.832 接收到了帧、
037.832 Recv DATA 11 13, ID 20107  frame_expect is 11
037.832 启动了ACK计时器
037.832 确认了13 帧
037.832 进入了物理层准备好、
037.832 进入了网络层准备好、
037.832 Send DATA 17 11, ID 0
038.086 接收到了帧、
038.086 Recv DATA 12 14, ID 20108  frame_expect is 12
038.086 启动了ACK计时器
038.086 .... 109 packets received, 6058 bps, 75.72%, Err 3 (1.0e-05)
038.086 确认了14 帧
038.102 进入了物理层准备好、
038.102 进入了网络层准备好、
038.102 Send DATA 18 12, ID 0
038.356 接收到了帧、
038.356 Recv DATA 10 15, ID 20106  frame_expect is 13
038.356 发送了NAKSend NAK 0 12, ID 0
038.356 确认了15 帧
038.372 进入了物理层准备好、
038.372 进入了网络层准备好、
038.372 Send DATA 19 12, ID 0
038.626 接收到了帧、
038.627 Recv DATA 13 16, ID 20109  frame_expect is 13
038.627 启动了ACK计时器
038.627 确认了0 帧
038.627 进入了物理层准备好、
038.627 进入了网络层准备好、
038.627 Send DATA 20 13, ID 0
038.643 接收到了帧、
038.643 Send DATA 17 13, ID 0
038.897 接收到了帧、
038.897 Recv DATA 14 16, ID 20110  frame_expect is 14
038.897 启动了ACK计时器
039.149 接收到了帧、
039.149 Recv DATA 15 17, ID 20111  frame_expect is 15
039.149 启动了ACK计时器
039.149 确认了1 帧
039.165 进入了物理层准备好、
039.165 进入了网络层准备好、
039.165 Send DATA 21 15, ID 0
039.420 接收到了帧、
039.420 Recv DATA 13 18, ID 20109  frame_expect is 16
039.420 发送了NAKSend NAK 0 15, ID 0
039.420 确认了2 帧
039.436 进入了物理层准备好、
039.436 进入了网络层准备好、
039.436 Send DATA 22 15, ID 0
039.673 接收到了帧、
039.673 Recv DATA 16 19, ID 20112  frame_expect is 16
039.673 启动了ACK计时器
039.673 确认了3 帧
039.705 进入了物理层准备好、
039.705 进入了网络层准备好、
039.705 Send DATA 23 16, ID 0
039.943 接收到了帧、
039.943 Recv DATA 17 20, ID 20113  frame_expect is 17
039.943 启动了ACK计时器
039.943 确认了4 帧
039.959 接收到了帧、
039.960 Send DATA 21 17, ID 0
040.214 接收到了帧、
040.214 Recv DATA 18 20, ID 20114  frame_expect is 18
040.214 启动了ACK计时器
040.214 .... 115 packets received, 6042 bps, 75.53%, Err 3 (9.6e-06)
040.230 进入了物理层准备好、
040.230 进入了网络层准备好、
040.230 Send DATA 24 18, ID 0
040.246 Impose noise on received data, 4/314312=1.3E-05
040.468 接收到了帧、
040.468 Recv DATA 16 21, ID 20112  frame_expect is 19
040.469 发送了NAKSend NAK 0 18, ID 0
040.469 确认了5 帧
040.501 进入了物理层准备好、
040.501 进入了网络层准备好、
040.501 Send DATA 25 18, ID 0
040.739 接收到了帧、
040.739 Recv DATA 19 22, ID 20115  frame_expect is 19
040.739 启动了ACK计时器
040.740 确认了6 帧
040.755 进入了物理层准备好、
040.755 进入了网络层准备好、
040.755 Send DATA 26 19, ID 0
041.010 接收到了帧、
041.010 Recv DATA 20 23, ID 20116  frame_expect is 20
041.010 启动了ACK计时器
041.010 确认了7 帧
041.026 接收到了帧、
041.026 Send DATA 24 20, ID 0
041.278 接收到了帧、
041.278 Recv DATA 21 23, ID 20117  frame_expect is 21
041.278 启动了ACK计时器
041.293 进入了物理层准备好、
041.293 进入了网络层准备好、
041.293 Send DATA 27 21, ID 0
041.532 接收到了帧、
041.532 Recv DATA 19 24, ID 20115  frame_expect is 22
041.532 发送了NAKSend NAK 0 21, ID 0
041.532 确认了8 帧
041.563 进入了物理层准备好、
041.563 进入了网络层准备好、
041.563 Send DATA 28 21, ID 0
041.803 接收到了帧、
041.803 Recv DATA 22 25, ID 20118  frame_expect is 22
041.803 启动了ACK计时器
041.803 确认了9 帧
041.819 进入了物理层准备好、
041.819 进入了网络层准备好、
041.819 Send DATA 29 22, ID 0
042.058 接收到了帧、
042.058 Recv DATA 23 26, ID 20119  frame_expect is 23
042.058 启动了ACK计时器
042.058 确认了10 帧
042.074 接收到了帧、
042.074 Send DATA 27 23, ID 0
042.327 接收到了帧、
042.327 Recv DATA 24 26, ID 20120  frame_expect is 24
042.327 启动了ACK计时器
042.327 .... 121 packets received, 6031 bps, 75.38%, Err 4 (1.2e-05)
042.358 进入了物理层准备好、
042.358 进入了网络层准备好、
042.358 Send DATA 30 24, ID 0
042.593 接收到了帧、
042.593 Recv DATA 22 27, ID 20118  frame_expect is 25
042.593 发送了NAKSend NAK 0 24, ID 0
042.593 确认了11 帧
042.624 进入了物理层准备好、
042.624 进入了网络层准备好、
042.624 Send DATA 31 24, ID 0
042.861 接收到了帧、
042.861 Recv DATA 25 28, ID 20121  frame_expect is 25
042.861 启动了ACK计时器
042.861 确认了12 帧
042.893 进入了物理层准备好、
042.893 进入了网络层准备好、
042.893 Send DATA 0 25, ID 0
043.128 接收到了帧、
043.128 Recv DATA 26 29, ID 20122  frame_expect is 26
043.128 启动了ACK计时器
043.128 确认了13 帧
043.145 接收到了帧、
043.145 Send DATA 30 26, ID 0
043.399 接收到了帧、
043.399 Recv DATA 27 29, ID 20123  frame_expect is 27
043.399 启动了ACK计时器
043.415 进入了物理层准备好、
043.415 进入了网络层准备好、
043.415 Send DATA 1 27, ID 0
043.669 接收到了帧、
043.669 Recv DATA 25 30, ID 20121  frame_expect is 28
043.669 发送了NAKSend NAK 0 27, ID 0
043.669 确认了14 帧
043.685 进入了物理层准备好、
043.685 进入了网络层准备好、
043.685 Send DATA 2 27, ID 0
043.921 接收到了帧、
043.922 Recv DATA 28 31, ID 20124  frame_expect is 28
043.922 启动了ACK计时器
043.922 确认了15 帧
043.954 进入了物理层准备好、
043.954 进入了网络层准备好、
043.954 Send DATA 3 28, ID 0
044.191 接收到了帧、
044.191 Recv DATA 29 0, ID 20125  frame_expect is 29
044.191 启动了ACK计时器
044.191 确认了0 帧
044.207 接收到了帧、
044.207 Send DATA 1 29, ID 0
044.460 接收到了帧、
044.461 Recv DATA 30 0, ID 20126  frame_expect is 30
044.461 启动了ACK计时器
044.461 .... 127 packets received, 6017 bps, 75.22%, Err 4 (1.1e-05)
044.477 进入了物理层准备好、
044.477 进入了网络层准备好、
044.477 Send DATA 4 30, ID 0
044.732 接收到了帧、
044.732 Recv DATA 28 1, ID 20124  frame_expect is 31
044.732 发送了NAKSend NAK 0 30, ID 0
044.732 确认了1 帧
044.748 进入了物理层准备好、
044.749 进入了网络层准备好、
044.749 Send DATA 5 30, ID 0
045.002 接收到了帧、
045.002 Recv DATA 31 2, ID 20127  frame_expect is 31
045.002 启动了ACK计时器
045.002 确认了2 帧
045.018 进入了物理层准备好、
045.018 进入了网络层准备好、
045.018 Send DATA 6 31, ID 0
045.256 接收到了帧、
045.256 Recv DATA 0 3, ID 20128  frame_expect is 0
045.256 启动了ACK计时器
045.256 确认了3 帧
045.271 接收到了帧、
045.272 Send DATA 4 0, ID 0
045.525 接收到了帧、
045.525 Recv DATA 1 3, ID 20129  frame_expect is 1
045.525 启动了ACK计时器
045.541 进入了物理层准备好、
045.542 进入了网络层准备好、
045.542 Send DATA 7 1, ID 0
045.794 接收到了帧、
045.794 Recv DATA 31 4, ID 20127  frame_expect is 2
045.794 发送了NAKSend NAK 0 1, ID 0
045.794 确认了4 帧
045.810 进入了物理层准备好、
045.810 进入了网络层准备好、
045.810 Send DATA 8 1, ID 0
046.063 接收到了帧、
046.063 Recv DATA 2 5, ID 20130  f