000.000 =============================================================
000.000                     Station A                               
000.000 -------------------------------------------------------------
000.000 Protocol.lib, version 4.0, jiangyanjun0718@bupt.edu.cn
000.000 Channel: 8000 bps, 270 ms propagation delay, bit error rate 1.0E-05
000.000 Log file "2000.log", TCP port 59144, debug mask 0x00
000.000 Station A is waiting for station B on TCP port 59144 ... Done.
000.858 New epoch: Wed May  5 15:50:07 2021
000.858 =================================================================
000.858 
000.858 Designed by Jiang Yanjun, build: May  5 2021  15:48:17
003.245 .... 7 packets received, 6810 bps, 85.13%, Err 1 (5.3e-05)
005.375 .... 15 packets received, 7254 bps, 90.67%, Err 1 (2.8e-05)
007.469 .... 23 packets received, 7443 bps, 93.03%, Err 1 (1.9e-05)
009.589 .... 31 packets received, 7514 bps, 93.93%, Err 1 (1.4e-05)
011.727 .... 39 packets received, 7544 bps, 94.30%, Err 1 (1.2e-05)
013.844 .... 47 packets received, 7577 bps, 94.71%, Err 1 (9.6e-06)
015.924 .... 55 packets received, 7619 bps, 95.24%, Err 1 (8.3e-06)
018.048 .... 63 packets received, 7631 bps, 95.39%, Err 1 (7.3e-06)
020.152 .... 71 packets received, 7648 bps, 95.60%, Err 1 (6.5e-06)
022.265 .... 79 packets received, 7659 bps, 95.73%, Err 1 (5.8e-06)
024.398 .... 87 packets received, 7661 bps, 95.76%, Err 1 (5.3e-06)
026.497 .... 95 packets received, 7673 bps, 95.91%, Err 1 (4.9e-06)
028.610 .... 103 packets received, 7679 bps, 95.99%, Err 1 (4.5e-06)
030.732 .... 111 packets received, 7682 bps, 96.03%, Err 1 (4.2e-06)
032.828 .... 119 packets received, 7691 bps, 96.14%, Err 2 (7.8e-06)
035.229 .... 123 packets received, 7390 bps, 92.37%, Err 3 (1.1e-05)
037.342 .... 135 packets received, 7637 bps, 95.46%, Err 3 (1.0e-05)
039.980 .... 140 packets received, 7382 bps, 92.28%, Err 4 (1.3e-05)
042.094 .... 152 packets received, 7601 bps, 95.01%, Err 4 (1.2e-05)
044.205 .... 160 packets received, 7609 bps, 95.11%, Err 4 (1.2e-05)
046.322 .... 168 packets received, 7615 bps, 95.19%, Err 4 (1.1e-05)
048.434 .... 176 packets received, 7621 bps, 95.27%, Err 4 (1.1e-05)
050.529 .... 184 packets received, 7630 bps, 95.37%, Err 4 (1.0e-05)
052.659 .... 192 packets received, 7632 bps, 95.41%, Err 4 (9.7e-06)
054.774 .... 200 packets received, 7637 bps, 95.46%, Err 4 (9.3e-06)
056.879 .... 208 packets received, 7642 bps, 95.53%, Err 4 (8.9e-06)
058.988 .... 216 packets received, 7647 bps, 95.59%, Err 4 (8.6e-06)
061.100 .... 224 packets received, 7651 bps, 95.64%, Err 4 (8.3e-06)
063.224 .... 232 packets received, 7653 bps, 95.66%, Err 4 (8.0e-06)
065.337 .... 240 packets received, 7656 bps, 95.71%, Err 4 (7.8e-06)
067.451 .... 248 packets received, 7659 bps, 95.74%, Err 4 (7.5e-06)
069.557 .... 256 packets received, 7663 bps, 95.79%, Err 4 (7.3e-06)
071.686 .... 264 packets received, 7664 bps, 95.80%, Err 4 (7.1e-06)
073.800 .... 272 packets received, 7667 bps, 95.83%, Err 5 (8.6e-06)
076.944 .... 279 packets received, 7538 bps, 94.22%, Err 6 (9.9e-06)
079.058 .... 291 packets received, 7649 bps, 95.61%, Err 6 (9.6e-06)
081.167 .... 299 packets received, 7652 bps, 95.65%, Err 6 (9.3e-06)
083.293 .... 307 packets received, 7653 bps, 95.67%, Err 6 (9.1e-06)
085.406 .... 315 packets received, 7656 bps, 95.70%, Err 6 (8.9e-06)
087.506 .... 323 packets received, 7659 bps, 95.74%, Err 6 (8.7e-06)
089.638 .... 331 packets received, 7660 bps, 95.75%, Err 6 (8.5e-06)
091.749 .... 339 packets received, 7662 bps, 95.78%, Err 8 (1.1e-05)
093.869 .... 346 packets received, 7642 bps, 95.52%, Err 8 (1.1e-05)
095.975 .... 354 packets received, 7645 bps, 95.56%, Err 8 (1.1e-05)
098.081 .... 362 packets received, 7648 bps, 95.60%, Err 8 (1.0e-05)
100.201 .... 370 packets received, 7649 bps, 95.62%, Err 8 (1.0e-05)
102.318 .... 378 packets received, 7651 bps, 95.64%, Err 8 (9.9e-06)
104.424 .... 386 packets received, 7654 bps, 95.67%, Err 8 (9.7e-06)
106.546 .... 394 packets received, 7655 bps, 95.69%, Err 8 (9.5e-06)
108.654 .... 402 packets received, 7658 bps, 95.72%, Err 8 (9.3e-06)
110.757 .... 410 packets received, 7660 bps, 95.75%, Err 8 (9.1e-06)
113.672 .... 416 packets received, 7571 bps, 94.64%, Err 9 (1.0e-05)
115.775 .... 428 packets received, 7646 bps, 95.58%, Err 9 (9.8e-06)
117.887 .... 436 packets received, 7648 bps, 95.61%, Err 9 (9.6e-06)
120.005 .... 444 packets received, 7650 bps, 95.62%, Err 9 (9.4e-06)
122.111 .... 452 packets received, 7652 bps, 95.65%, Err 9 (9.3e-06)
124.234 .... 460 packets received, 7653 bps, 95.67%, Err 9 (9.1e-06)
126.336 .... 468 packets received, 7656 bps, 95.70%, Err 9 (9.0e-06)
128.431 .... 476 packets received, 7658 bps, 95.73%, Err 9 (8.8e-06)
130.566 .... 484 packets received, 7659 bps, 95.73%, Err 9 (8.7e-06)
132.688 .... 492 packets received, 7660 bps, 95.75%, Err 9 (8.5e-06)
134.777 .... 500 packets received, 7663 bps, 95.78%, Err 9 (8.4e-06)
136.900 .... 508 packets received, 7663 bps, 95.79%, Err 9 (8.3e-06)
139.034 .... 516 packets received, 7664 bps, 95.80%, Err 9 (8.1e-06)
141.133 .... 524 packets received, 7666 bps, 95.82%, Err 9 (8.0e-06)
143.263 .... 532 packets received, 7666 bps, 95.83%, Err 9 (7.9e-06)
145.362 .... 540 packets received, 7668 bps, 95.85%, Err 9 (7.8e-06)
147.473 .... 548 packets received, 7670 bps, 95.87%, Err 9 (7.7e-06)
150.663 .... 556 packets received, 7615 bps, 95.19%, Err 10 (8.3e-06)
152.784 .... 567 packets received, 7658 bps, 95.72%, Err 10 (8.2e-06)
154.866 .... 575 packets received, 7660 bps, 95.75%, Err 10 (8.1e-06)
157.001 .... 583 packets received, 7661 bps, 95.76%, Err 11 (8.8e-06)
159.102 .... 590 packets received, 7649 bps, 95.62%, Err 11 (8.7e-06)
161.221 .... 598 packets received, 7651 bps, 95.63%, Err 11 (8.6e-06)
163.328 .... 606 packets received, 7652 bps, 95.65%, Err 11 (8.5e-06)
165.455 .... 614 packets received, 7653 bps, 95.66%, Err 11 (8.4e-06)
167.566 .... 622 packets received, 7654 bps, 95.68%, Err 11 (8.2e-06)
169.673 .... 630 packets received, 7656 bps, 95.70%, Err 11 (8.1e-06)
171.768 .... 638 packets received, 7658 bps, 95.72%, Err 11 (8.0e-06)
173.907 .... 646 packets received, 7658 bps, 95.72%, Err 11 (7.9e-06)
176.005 .... 654 packets received, 7660 bps, 95.74%, Err 11 (7.9e-06)
178.108 .... 662 packets received, 7661 bps, 95.76%, Err 11 (7.8e-06)
180.246 .... 670 packets received, 7661 bps, 95.76%, Err 11 (7.7e-06)
182.342 .... 678 packets received, 7663 bps, 95.79%, Err 11 (7.6e-06)
185.527 .... 685 packets received, 7608 bps, 95.10%, Err 12 (8.1e-06)
187.643 .... 697 packets received, 7654 bps, 95.67%, Err 12 (8.0e-06)
189.754 .... 705 packets received, 7655 bps, 95.69%, Err 13 (8.6e-06)
191.861 .... 713 packets received, 7656 bps, 95.70%, Err 13 (8.5e-06)
193.970 .... 721 packets received, 7658 bps, 95.72%, Err 13 (8.4e-06)
196.336 .... 725 packets received, 7607 bps, 95.08%, Err 14 (9.0e-06)
198.457 .... 737 packets received, 7649 bps, 95.62%, Err 14 (8.9e-06)
200.593 .... 745 packets received, 7650 bps, 95.62%, Err 14 (8.8e-06)
203.479 .... 752 packets received, 7611 bps, 95.14%, Err 15 (9.3e-06)
205.610 .... 763 packets received, 7642 bps, 95.53%, Err 15 (9.2e-06)
207.721 .... 771 packets received, 7644 bps, 95.54%, Err 15 (9.1e-06)
209.822 .... 779 packets received, 7645 bps, 95.56%, Err 15 (9.0e-06)
211.947 .... 787 packets received, 7646 bps, 95.57%, Err 15 (8.9e-06)
214.039 .... 795 packets received, 7648 bps, 95.59%, Err 15 (8.8e-06)
216.164 .... 803 packets received, 7648 bps, 95.60%, Err 15 (8.7e-06)
218.265 .... 811 packets received, 7650 bps, 95.62%, Err 15 (8.6e-06)
220.394 .... 819 packets received, 7650 bps, 95.63%, Err 15 (8.5e-06)
222.492 .... 827 packets received, 7652 bps, 95.64%, Err 15 (8.5e-06)
224.599 .... 831 packets received, 7616 bps, 95.20%, Err 16 (8.9e-06)
226.723 .... 842 packets received, 7644 bps, 95.55%, Err 16 (8.9e-06)
228.849 .... 850 packets received, 7645 bps, 95.56%, Err 16 (8.8e-06)
230.956 .... 858 packets received, 7646 bps, 95.58%, Err 16 (8.7e-06)
233.065 .... 866 packets received, 7647 bps, 95.59%, Err 16 (8.6e-06)
235.183 .... 874 packets received, 7648 bps, 95.60%, Err 16 (8.5e-06)
237.298 .... 882 packets received, 7649 bps, 95.61%, Err 16 (8.5e-06)
239.394 .... 890 packets received, 7650 bps, 95.63%, Err 16 (8.4e-06)
242.301 .... 897 packets received, 7618 bps, 95.22%, Err 18 (9.3e-06)
244.439 .... 908 packets received, 7643 bps, 95.54%, Err 19 (9.8e-06)
246.526 .... 915 packets received, 7637 bps, 95.46%, Err 19 (9.7e-06)
248.659 .... 923 packets received, 7637 bps, 95.46%, Err 19 (9.6e-06)
250.770 .... 927 packets received, 7605 bps, 95.07%, Err 20 (1.0e-05)
252.860 .... 938 packets received, 7632 bps, 95.39%, Err 20 (9.9e-06)
254.978 .... 946 packets received, 7632 bps, 95.41%, Err 20 (9.8e-06)
257.897 .... 953 packets received, 7602 bps, 95.02%, Err 21 (1.0e-05)
259.989 .... 964 packets received, 7627 bps, 95.34%, Err 21 (1.0e-05)
262.119 .... 972 packets received, 7628 bps, 95.35%, Err 21 (1.0e-05)
264.233 .... 980 packets received, 7629 bps, 95.36%, Err 21 (1.0e-05)
266.327 .... 988 packets received, 7630 bps, 95.38%, Err 21 (9.9e-06)
268.451 .... 996 packets received, 7631 bps, 95.39%, Err 21 (9.8e-06)
270.580 .... 1004 packets received, 7631 bps, 95.39%, Err 21 (9.7e-06)
272.959 .... 1008 packets received, 7595 bps, 94.93%, Err 22 (1.0e-05)
275.325 .... 1016 packets received, 7589 bps, 94.86%, Err 23 (1.0e-05)
277.422 .... 1028 packets received, 7620 bps, 95.25%, Err 23 (1.0e-05)
279.530 .... 1036 packets received, 7621 bps, 95.27%, Err 23 (1.0e-05)
281.644 .... 1044 packets received, 7622 bps, 95.28%, Err 23 (1.0e-05)
283.782 .... 1052 packets received, 7623 bps, 95.28%, Err 23 (1.0e-05)
285.887 .... 1060 packets received, 7624 bps, 95.30%, Err 23 (1.0e-05)
287.977 .... 1068 packets received, 7625 bps, 95.32%, Err 23 (1.0e-05)
290.105 .... 1076 packets received, 7626 bps, 95.33%, Err 23 (9.9e-06)
292.217 .... 1084 packets received, 7627 bps, 95.34%, Err 23 (9.9e-06)
294.320 .... 1092 packets received, 7628 bps, 95.35%, Err 23 (9.8e-06)
296.438 .... 1100 packets received, 7629 bps, 95.36%, Err 23 (9.7e-06)
298.548 .... 1108 packets received, 7630 bps, 95.37%, Err 23 (9.7e-06)
300.669 .... 1116 packets received, 7631 bps, 95.38%, Err 23 (9.6e-06)
302.779 .... 1124 packets received, 7631 bps, 95.39%, Err 23 (9.5e-06)
304.899 .... 1132 packets received, 7632 bps, 95.40%, Err 23 (9.5e-06)
307.013 .... 1140 packets received, 7633 bps, 95.41%, Err 23 (9.4e-06)
309.136 .... 1148 packets received, 7634 bps, 95.42%, Err 23 (9.3e-06)
311.247 .... 1156 packets received, 7634 bps, 95.43%, Err 23 (9.3e-06)
313.362 .... 1164 packets received, 7635 bps, 95.44%, Err 23 (9.2e-06)
315.455 .... 1172 packets received, 7636 bps, 95.46%, Err 23 (9.1e-06)
317.565 .... 1180 packets received, 7637 bps, 95.47%, Err 23 (9.1e-06)
319.694 .... 1188 packets received, 7638 bps, 95.47%, Err 23 (9.0e-06)
321.792 .... 1196 packets received, 7639 bps, 95.49%, Err 23 (9.0e-06)
323.914 .... 1204 packets received, 7639 bps, 95.49%, Err 23 (8.9e-06)
326.032 .... 1212 packets received, 7640 bps, 95.50%, Err 23 (8.8e-06)
328.401 .... 1216 packets received, 7610 bps, 95.12%, Err 24 (9.2e-06)
330.511 .... 1228 packets received, 7636 bps, 95.44%, Err 24 (9.1e-06)
332.637 .... 1236 packets received, 7636 bps, 95.45%, Err 24 (9.0e-06)
334.749 .... 1244 packets received, 7637 bps, 95.46%, Err 24 (9.0e-06)
336.865 .... 1252 packets received, 7637 bps, 95.47%, Err 24 (8.9e-06)
338.964 .... 1260 packets received, 7639 bps, 95.48%, Err 24 (8.9e-06)
341.080 .... 1268 packets received, 7639 bps, 95.49%, Err 24 (8.8e-06)
343.195 .... 1276 packets received, 7640 bps, 95.50%, Err 24 (8.8e-06)
345.294 .... 1284 packets received, 7641 bps, 95.51%, Err 24 (8.7e-06)
347.425 .... 1292 packets received, 7641 bps, 95.51%, Err 24 (8.7e-06)
349.527 .... 1300 packets received, 7642 bps, 95.53%, Err 24 (8.6e-06)
351.626 .... 1308 packets received, 7643 bps, 95.54%, Err 24 (8.6e-06)
353.765 .... 1316 packets received, 7643 bps, 95.54%, Err 24 (8.5e-06)
355.860 .... 1324 packets received, 7644 bps, 95.55%, Err 24 (8.5e-06)
357.990 .... 1332 packets received, 7644 bps, 95.56%, Err 24 (8.4e-06)
360.094 .... 1340 packets received, 7645 bps, 95.57%, Err 24 (8.4e-06)
362.194 .... 1348 packets received, 7646 bps, 95.58%, Err 24 (8.3e-06)
364.324 .... 1356 packets received, 7647 bps, 95.58%, Err 24 (8.3e-06)
367.206 .... 1363 packets received, 7625 bps, 95.32%, Err 25 (8.5e-06)
369.335 .... 1374 packets received, 7643 bps, 95.53%, Err 25 (8.5e-06)
371.437 .... 1382 packets received, 7643 bps, 95.54%, Err 26 (8.8e-06)
373.548 .... 1389 packets received, 7639 bps, 95.48%, Err 26 (8.7e-06)
375.659 .... 1397 packets received, 7639 bps, 95.49%, Err 26 (8.7e-06)
377.768 .... 1405 packets received, 7640 bps, 95.50%, Err 26 (8.6e-06)
380.423 .... 1410 packets received, 7614 bps, 95.17%, Err 27 (8.9e-06)
382.536 .... 1422 packets received, 7636 bps, 95.45%, Err 27 (8.8e-06)
384.639 .... 1430 packets received, 7637 bps, 95.46%, Err 27 (8.8e-06)
386.754 .... 1438 packets received, 7637 bps, 95.47%, Err 28 (9.1e-06)
388.851 .... 1446 packets received, 7638 bps, 95.48%, Err 28 (9.0e-06)
391.500 .... 1451 packets received, 7613 bps, 95.16%, Err 29 (9.3e-06)
393.624 .... 1463 packets received, 7634 bps, 95.43%, Err 29 (9.2e-06)
395.741 .... 1471 packets received, 7635 bps, 95.43%, Err 29 (9.2e-06)
398.626 .... 1477 packets received, 7610 bps, 95.13%, Err 30 (9.4e-06)
401.554 .... 1487 packets received, 7606 bps, 95.07%, Err 31 (9.7e-06)
403.654 .... 1499 packets received, 7627 bps, 95.34%, Err 31 (9.6e-06)
405.778 .... 1507 packets received, 7627 bps, 95.34%, Err 31 (9.6e-06)
407.900 .... 1515 packets received, 7628 bps, 95.35%, Err 31 (9.5e-06)
410.531 .... 1520 packets received, 7604 bps, 95.05%, Err 32 (9.8e-06)
412.649 .... 1532 packets received, 7624 bps, 95.31%, Err 32 (9.7e-06)
414.776 .... 1540 packets received, 7625 bps, 95.31%, Err 32 (9.7e-06)
416.872 .... 1548 packets received, 7626 bps, 95.32%, Err 32 (9.6e-06)
420.038 .... 1555 packets received, 7602 bps, 95.03%, Err 33 (9.8e-06)
422.161 .... 1567 packets received, 7622 bps, 95.28%, Err 33 (9.8e-06)
424.270 .... 1575 packets received, 7623 bps, 95.29%, Err 33 (9.7e-06)
426.394 .... 1583 packets received, 7624 bps, 95.30%, Err 33 (9.7e-06)
428.493 .... 1591 packets received, 7625 bps, 95.31%, Err 33 (9.6e-06)
430.611 .... 1599 packets received, 7625 bps, 95.31%, Err 33 (9.6e-06)
432.721 .... 1607 packets received, 7626 bps, 95.32%, Err 33 (9.6e-06)
434.837 .... 1615 packets received, 7626 bps, 95.33%, Err 33 (9.5e-06)
436.957 .... 1623 packets received, 7627 bps, 95.34%, Err 33 (9.5e-06)
439.053 .... 1631 packets received, 7628 bps, 95.35%, Err 33 (9.4e-06)
441.433 .... 1635 packets received, 7605 bps, 95.06%, Err 35 (9.9e-06)
443.557 .... 1647 packets received, 7624 bps, 95.30%, Err 35 (9.9e-06)
445.653 .... 1655 packets received, 7625 bps, 95.31%, Err 35 (9.8e-06)
447.771 .... 1663 packets received, 7626 bps, 95.32%, Err 35 (9.8e-06)
449.886 .... 1666 packets received, 7603 bps, 95.04%, Err 36 (1.0e-05)
452.536 .... 1675 packets received, 7600 bps, 94.99%, Err 37 (1.0e-05)
454.649 .... 1687 packets received, 7618 bps, 95.23%, Err 37 (1.0e-05)
456.747 .... 1695 packets received, 7619 bps, 95.24%, Err 37 (1.0e-05)
458.872 .... 1703 packets received, 7620 bps, 95.25%, Err 37 (1.0e-05)
460.983 .... 1711 packets received, 7620 bps, 95.25%, Err 37 (1.0e-05)
463.095 .... 1719 packets received, 7621 bps, 95.26%, Err 37 (1.0e-05)
465.197 .... 1727 packets received, 7622 bps, 95.27%, Err 37 (1.0e-05)
467.323 .... 1735 packets received, 7622 bps, 95.28%, Err 37 (9.9e-06)
469.433 .... 1743 packets received, 7623 bps, 95.28%, Err 38 (1.0e-05)
471.563 .... 1751 packets received, 7623 bps, 95.29%, Err 38 (1.0e-05)
473.659 .... 1759 packets received, 7624 bps, 95.30%, Err 38 (1.0e-05)
475.763 .... 1767 packets received, 7625 bps, 95.31%, Err 38 (1.0e-05)
477.875 .... 1775 packets received, 7625 bps, 95.32%, Err 38 (1.0e-05)
479.986 .... 1783 packets received, 7626 bps, 95.32%, Err 38 (9.9e-06)
482.122 .... 1791 packets received, 7626 bps, 95.32%, Err 38 (9.9e-06)
484.233 .... 1799 packets received, 7627 bps, 95.33%, Err 38 (9.8e-06)
486.337 .... 1807 packets received, 7627 bps, 95.34%, Err 38 (9.8e-06)
488.450 .... 1815 packets received, 7628 bps, 95.35%, Err 38 (9.7e-06)
490.546 .... 1823 packets received, 7629 bps, 95.36%, Err 38 (9.7e-06)
492.661 .... 1830 packets received, 7625 bps, 95.31%, Err 39 (9.9e-06)
494.786 .... 1833 packets received, 7605 bps, 95.06%, Err 40 (1.0e-05)
498.221 .... 1845 packets received, 7601 bps, 95.02%, Err 41 (1.0e-05)
500.334 .... 1857 packets received, 7619 bps, 95.23%, Err 41 (1.0e-05)
502.439 .... 1865 packets received, 7619 bps, 95.24%, Err 41 (1.0e-05)
504.554 .... 1873 packets received, 7620 bps, 95.25%, Err 41 (1.0e-05)
506.666 .... 1881 packets received, 7620 bps, 95.25%, Err 41 (1.0e-05)
508.768 .... 1889 packets received, 7621 bps, 95.26%, Err 41 (1.0e-05)
510.892 .... 1897 packets received, 7621 bps, 95.27%, Err 41 (1.0e-05)
513.000 .... 1905 packets received, 7622 bps, 95.28%, Err 41 (1.0e-05)
516.176 .... 1912 packets received, 7603 bps, 95.04%, Err 42 (1.0e-05)
518.286 .... 1924 packets received, 7619 bps, 95.24%, Err 42 (1.0e-05)
520.394 .... 1932 packets received, 7620 bps, 95.25%, Err 42 (1.0e-05)
522.495 .... 1940 packets received, 7621 bps, 95.26%, Err 42 (1.0e-05)
524.618 .... 1948 packets received, 7621 bps, 95.26%, Err 42 (1.0e-05)
527.794 .... 1955 packets received, 7602 bps, 95.03%, Err 43 (1.0e-05)
531.247 .... 1967 packets received, 7599 bps, 94.99%, Err 44 (1.0e-05)
533.340 .... 1979 packets received, 7616 bps, 95.19%, Err 44 (1.0e-05)
535.470 .... 1987 packets received, 7616 bps, 95.20%, Err 44 (1.0e-05)
538.086 .... 1992 packets received, 7598 bps, 94.97%, Err 45 (1.0e-05)
540.221 .... 2004 packets received, 7613 bps, 95.17%, Err 45 (1.0e-05)
542.316 .... 2012 packets received, 7614 bps, 95.18%, Err 45 (1.0e-05)
544.450 .... 2020 packets received, 7614 bps, 95.18%, Err 45 (1.0e-05)
546.820 .... 2024 packets received, 7596 bps, 94.95%, Err 46 (1.1e-05)
548.941 .... 2036 packets received, 7612 bps, 95.15%, Err 46 (1.0e-05)
551.049 .... 2044 packets received, 7612 bps, 95.15%, Err 46 (1.0e-05)
553.157 .... 2052 packets received, 7613 bps, 95.16%, Err 46 (1.0e-05)
555.271 .... 2060 packets received, 7614 bps, 95.17%, Err 46 (1.0e-05)
558.443 .... 2067 packets received, 7596 bps, 94.95%, Err 47 (1.1e-05)
560.818 .... 2075 packets received, 7593 bps, 94.91%, Err 48 (1.1e-05)
562.919 .... 2087 packets received, 7608 bps, 95.10%, Err 48 (1.1e-05)
565.037 .... 2095 packets received, 7609 bps, 95.11%, Err 48 (1.1e-05)
567.159 .... 2103 packets received, 7609 bps, 95.11%, Err 48 (1.1e-05)
569.273 .... 2111 packets received, 7610 bps, 95.12%, Err 48 (1.1e-05)
571.406 .... 2119 packets received, 7610 bps, 95.12%, Err 48 (1.1e-05)
573.496 .... 2126 packets received, 7607 bps, 95.09%, Err 49 (1.1e-05)
575.625 .... 2134 packets received, 7608 bps, 95.09%, Err 50 (1.1e-05)
577.751 .... 2141 packets received, 7604 bps, 95.05%, Err 50 (1.1e-05)
579.861 .... 2149 packets received, 7605 bps, 95.06%, Err 50 (1.1e-05)
583.044 .... 2156 packets received, 7588 bps, 94.85%, Err 51 (1.1e-05)
585.130 .... 2168 packets received, 7603 bps, 95.04%, Err 51 (1.1e-05)
587.241 .... 2176 packets received, 7604 bps, 95.04%, Err 51 (1.1e-05)
589.384 .... 2184 packets received, 7604 bps, 95.05%, Err 51 (1.1e-05)
591.479 .... 2192 packets received, 7604 bps, 95.06%, Err 51 (1.1e-05)
593.609 .... 2200 packets received, 7605 bps, 95.06%, Err 51 (1.1e-05)
595.708 .... 2208 packets received, 7605 bps, 95.07%, Err 51 (1.1e-05)
597.825 .... 2216 packets received, 7606 bps, 95.07%, Err 51 (1.1e-05)
599.931 .... 2224 packets received, 7607 bps, 95.08%, Err 51 (1.1e-05)
602.055 .... 2231 packets received, 7604 bps, 95.04%, Err 52 (1.1e-05)
604.155 .... 2239 packets received, 7604 bps, 95.05%, Err 52 (1.1e-05)
606.294 .... 2247 packets received, 7604 bps, 95.06%, Err 52 (1.1e-05)
608.404 .... 2255 packets received, 7605 bps, 95.06%, Err 52 (1.1e-05)
610.493 .... 2263 packets received, 7606 bps, 95.07%, Err 52 (1.1e-05)
612.621 .... 2271 packets received, 7606 bps, 95.08%, Err 52 (1.1e-05)
614.722 .... 2279 packets received, 7607 bps, 95.08%, Err 52 (1.1e-05)
617.364 .... 2284 packets received, 7591 bps, 94.88%, Err 53 (1.1e-05)
619.488 .... 2296 packets received, 7604 bps, 95.06%, Err 53 (1.1e-05)
621.580 .... 2304 packets received, 7605 bps, 95.07%, Err 53 (1.1e-05)
623.706 .... 2312 packets received, 7606 bps, 95.07%, Err 54 (1.1e-05)
625.831 .... 2319 packets received, 7603 bps, 95.03%, Err 54 (1.1e-05)
627.939 .... 2327 packets received, 7603 bps, 95.04%, Err 54 (1.1e-05)
630.069 .... 2335 packets received, 7604 bps, 95.04%, Err 54 (1.1e-05)
632.146 .... 2343 packets received, 7604 bps, 95.06%, Err 54 (1.1e-05)
634.281 .... 2351 packets received, 7605 bps, 95.06%, Err 54 (1.1e-05)
636.402 .... 2359 packets received, 7605 bps, 95.06%, Err 54 (1.1e-05)
639.828 .... 2367 packets received, 7590 bps, 94.87%, Err 55 (1.1e-05)
641.940 .... 2379 packets received, 7603 bps, 95.04%, Err 55 (1.1e-05)
644.060 .... 2382 packets received, 7588 bps, 94.85%, Err 56 (1.1e-05)
646.158 .... 2394 packets received, 7601 bps, 95.02%, Err 56 (1.1e-05)
648.300 .... 2402 packets received, 7601 bps, 95.02%, Err 56 (1.1e-05)
650.412 .... 2410 packets received, 7602 bps, 95.02%, Err 56 (1.1e-05)
652.520 .... 2418 packets received, 7602 bps, 95.03%, Err 56 (1.1e-05)
655.419 .... 2424 packets received, 7588 bps, 94.84%, Err 57 (1.1e-05)
657.530 .... 2436 packets received, 7601 bps, 95.01%, Err 57 (1.1e-05)
659.628 .... 2444 packets received, 7601 bps, 95.02%, Err 57 (1.1e-05)
661.743 .... 2452 packets received, 7602 bps, 95.02%, Err 57 (1.1e-05)
663.874 .... 2460 packets received, 7602 bps, 95.02%, Err 57 (1.1e-05)
665.993 .... 2468 packets received, 7602 bps, 95.03%, Err 57 (1.1e-05)
668.103 .... 2476 packets received, 7603 bps, 95.04%, Err 57 (1.1e-05)
670.222 .... 2484 packets received, 7603 bps, 95.04%, Err 57 (1.1e-05)
672.589 .... 2488 packets received, 7589 bps, 94.86%, Err 58 (1.1e-05)
674.695 .... 2500 packets received, 7601 bps, 95.02%, Err 58 (1.1e-05)
676.834 .... 2508 packets received, 7602 bps, 95.02%, Err 58 (1.1e-05)
678.936 .... 2516 packets received, 7602 bps, 95.03%, Err 59 (1.1e-05)
681.042 .... 2523 packets received, 7600 bps, 95.00%, Err 59 (1.1e-05)
683.168 .... 2531 packets received, 7600 bps, 95.00%, Err 59 (1.1e-05)
685.283 .... 2539 packets received, 7601 bps, 95.01%, Err 60 (1.1e-05)
687.390 .... 2546 packets received, 7598 bps, 94.98%, Err 60 (1.1e-05)
689.515 .... 2554 packets received, 7598 bps, 94.98%, Err 60 (1.1e-05)
691.628 .... 2561 packets received, 7596 bps, 94.95%, Err 61 (1.1e-05)
693.732 .... 2569 packets received, 7597 bps, 94.96%, Err 61 (1.1e-05)
695.854 .... 2577 packets received, 7597 bps, 94.96%, Err 61 (1.1e-05)
697.969 .... 2585 packets received, 7597 bps, 94.97%, Err 61 (1.1e-05)
700.078 .... 2593 packets received, 7598 bps, 94.97%, Err 61 (1.1e-05)
702.186 .... 2601 packets received, 7598 bps, 94.98%, Err 61 (1.1e-05)
704.304 .... 2609 packets received, 7599 bps, 94.99%, Err 61 (1.1e-05)
706.414 .... 2617 packets received, 7599 bps, 94.99%, Err 61 (1.1e-05)
708.534 .... 2625 packets received, 7600 bps, 95.00%, Err 61 (1.1e-05)
710.649 .... 2633 packets received, 7600 bps, 95.00%, Err 61 (1.1e-05)
712.758 .... 2641 packets received, 7601 bps, 95.01%, Err 61 (1.1e-05)
714.860 .... 2649 packets received, 7601 bps, 95.02%, Err 61 (1.1e-05)
716.969 .... 2657 packets received, 7602 bps, 95.02%, Err 61 (1.1e-05)
719.094 .... 2665 packets received, 7602 bps, 95.03%, Err 61 (1.1e-05)
721.208 .... 2673 packets received, 7602 bps, 95.03%, Err 61 (1.1e-05)
723.833 .... 2678 packets received, 7589 bps, 94.86%, Err 62 (1.1e-05)
725.951 .... 2690 packets received, 7601 bps, 95.01%, Err 62 (1.1e-05)
728.054 .... 2698 packets received, 7601 bps, 95.02%, Err 62 (1.1e-05)
730.192 .... 2706 packets received, 7601 bps, 95.02%, Err 62 (1.1e-05)
732.290 .... 2714 packets received, 7602 bps, 95.03%, Err 62 (1.1e-05)
734.406 .... 2722 packets received, 7603 bps, 95.03%, Err 62 (1.1e-05)
736.764 .... 2726 packets received, 7589 bps, 94.87%, Err 63 (1.1e-05)
738.886 .... 2738 packets received, 7601 bps, 95.01%, Err 63 (1.1e-05)
740.994 .... 2745 packets received, 7598 bps, 94.98%, Err 64 (1.1e-05)
743.111 .... 2753 packets received, 7599 bps, 94.99%, Err 64 (1.1e-05)
745.212 .... 2761 packets received, 7599 bps, 94.99%, Err 64 (1.1e-05)
747.342 .... 2769 packets received, 7600 bps, 95.00%, Err 64 (1.1e-05)
749.455 .... 2777 packets received, 7600 bps, 95.00%, Err 64 (1.1e-05)
751.840 .... 2781 packets received, 7587 bps, 94.84%, Err 65 (1.1e-05)
753.939 .... 2793 packets received, 7598 bps, 94.98%, Err 65 (1.1e-05)
756.055 .... 2801 packets received, 7599 bps, 94.98%, Err 65 (1.1e-05)
758.169 .... 2809 packets received, 7599 bps, 94.99%, Err 65 (1.1e-05)
760.273 .... 2817 packets received, 7600 bps, 95.00%, Err 65 (1.1e-05)
762.376 .... 2825 packets received, 7600 bps, 95.00%, Err 65 (1.1e-05)
764.505 .... 2833 packets received, 7601 bps, 95.01%, Err 65 (1.1e-05)
766.623 .... 2841 packets received, 7601 bps, 95.01%, Err 65 (1.1e-05)
768.705 .... 2849 packets received, 7602 bps, 95.02%, Err 65 (1.1e-05)
771.626 .... 2855 packets received, 7589 bps, 94.86%, Err 66 (1.1e-05)
773.750 .... 2867 packets received, 7600 bps, 95.00%, Err 66 (1.1e-05)
775.843 .... 2870 packets received, 7587 bps, 94.84%, Err 68 (1.1e-05)
777.969 .... 2881 packets received, 7595 bps, 94.94%, Err 68 (1.1e-05)
780.059 .... 2889 packets received, 7596 bps, 94.95%, Err 68 (1.1e-05)
782.177 .... 2897 packets received, 7596 bps, 94.95%, Err 68 (1.1e-05)
784.294 .... 2905 packets received, 7597 bps, 94.96%, Err 68 (1.1e-05)
786.414 .... 2913 packets received, 7597 bps, 94.96%, Err 68 (1.1e-05)
788.516 .... 2921 packets received, 7598 bps, 94.97%, Err 68 (1.1e-05)
790.626 .... 2929 packets received, 7598 bps, 94.98%, Err 68 (1.1e-05)
792.756 .... 2937 packets received, 7598 bps, 94.98%, Err 68 (1.1e-05)
794.860 .... 2945 packets received, 7599 bps, 94.99%, Err 68 (1.1e-05)
796.969 .... 2953 packets received, 7599 bps, 94.99%, Err 68 (1.1e-05)
799.101 .... 2961 packets received, 7600 bps, 94.99%, Err 68 (1.1e-05)
801.185 .... 2969 packets received, 7600 bps, 95.00%, Err 68 (1.1e-05)
803.294 .... 2977 packets received, 7601 bps, 95.01%, Err 68 (1.1e-05)
805.431 .... 2985 packets received, 7601 bps, 95.01%, Err 68 (1.1e-05)
807.530 .... 2993 packets received, 7601 bps, 95.02%, Err 68 (1.1e-05)
809.655 .... 3001 packets received, 7602 bps, 95.02%, Err 68 (1.1e-05)
811.773 .... 3009 packets received, 7602 bps, 95.02%, Err 69 (1.1e-05)
813.864 .... 3016 packets received, 7600 bps, 95.00%, Err 69 (1.1e-05)
815.996 .... 3024 packets received, 7600 bps, 95.00%, Err 69 (1.1e-05)
818.112 .... 3032 packets received, 7601 bps, 95.01%, Err 69 (1.1e-05)
820.224 .... 3040 packets received, 7601 bps, 95.01%, Err 69 (1.1e-05)
822.318 .... 3048 packets received, 7602 bps, 95.02%, Err 69 (1.1e-05)
824.437 .... 3056 packets received, 7602 bps, 95.02%, Err 69 (1.0e-05)
826.541 .... 3064 packets received, 7602 bps, 95.03%, Err 69 (1.0e-05)
828.938 .... 3068 packets received, 7590 bps, 94.88%, Err 70 (1.1e-05)
831.062 .... 3080 packets received, 7601 bps, 95.01%, Err 70 (1.1e-05)
833.157 .... 3088 packets received, 7601 bps, 95.01%, Err 70 (1.1e-05)
835.258 .... 3096 packets received, 7602 bps, 95.02%, Err 70 (1.0e-05)
837.374 .... 3104 packets received, 7602 bps, 95.02%, Err 70 (1.0e-05)
839.509 .... 3112 packets received, 7602 bps, 95.03%, Err 70 (1.0e-05)
841.622 .... 3120 packets received, 7602 bps, 95.03%, Err 70 (1.0e-05)
843.712 .... 3128 packets received, 7603 bps, 95.04%, Err 70 (1.0e-05)
845.846 .... 3136 packets received, 7603 bps, 95.04%, Err 70 (1.0e-05)
847.954 .... 3144 packets received, 7604 bps, 95.05%, Err 70 (1.0e-05)
850.063 .... 3152 packets received, 7604 bps, 95.05%, Err 70 (1.0e-05)
852.177 .... 3160 packets received, 7604 bps, 95.06%, Err 70 (1.0e-05)
854.292 .... 3168 packets received, 7605 bps, 95.06%, Err 70 (1.0e-05)
856.406 .... 3176 packets received, 7605 bps, 95.06%, Err 70 (1.0e-05)
858.518 .... 3184 packets received, 7606 bps, 95.07%, Err 70 (1.0e-05)
860.629 .... 3192 packets received, 7606 bps, 95.07%, Err 70 (1.0e-05)
862.737 .... 3200 packets received, 7606 bps, 95.08%, Err 70 (1.0e-05)
864.847 .... 3208 packets received, 7607 bps, 95.08%, Err 70 (1.0e-05)
866.970 .... 3216 packets received, 7607 bps, 95.09%, Err 70 (1.0e-05)
869.079 .... 3224 packets received, 7607 bps, 95.09%, Err 70 (1.0e-05)
871.192 .... 3232 packets received, 7608 bps, 95.10%, Err 70 (1.0e-05)
873.307 .... 3240 packets received, 7608 bps, 95.10%, Err 70 (1.0e-05)
875.425 .... 3248 packets received, 7608 bps, 95.10%, Err 70 (1.0e-05)
877.535 .... 3251 packets received, 7597 bps, 94.96%, Err 71 (1.0e-05)
879.659 .... 3263 packets received, 7607 bps, 95.08%, Err 72 (1.0e-05)
881.763 .... 3271 packets received, 7607 bps, 95.09%, Err 72 (1.0e-05)
883.884 .... 3279 packets received, 7607 bps, 95.09%, Err 72 (1.0e-05)
886.260 .... 3283 packets received, 7596 bps, 94.95%, Err 73 (1.0e-05)
888.359 .... 3295 packets received, 7606 bps, 95.07%, Err 73 (1.0e-05)
890.481 .... 3303 packets received, 7606 bps, 95.08%, Err 73 (1.0e-05)
892.589 .... 3311 packets received, 7607 bps, 95.08%, Err 73 (1.0e-05)
894.985 .... 3315 packets received, 7595 bps, 94.94%, Err 74 (1.0e-05)
897.105 .... 3327 packets received, 7605 bps, 95.06%, Err 74 (1.0e-05)
899.223 .... 3335 packets received, 7605 bps, 95.06%, Err 74 (1.0e-05)
901.319 .... 3343 packets received, 7606 bps, 95.07%, Err 74 (1.0e-05)
903.439 .... 3351 packets received, 7606 bps, 95.07%, Err 74 (1.0e-05)
905.551 .... 3359 packets received, 7606 bps, 95.08%, Err 74 (1.0e-05)
907.663 .... 3367 packets received, 7607 bps, 95.08%, Err 75 (1.0e-05)
909.784 .... 3375 packets received, 7607 bps, 95.09%, Err 75 (1.0e-05)
911.884 .... 3383 packets received, 7607 bps, 95.09%, Err 75 (1.0e-05)
914.013 .... 3391 packets received, 7608 bps, 95.09%, Err 75 (1.0e-05)
916.128 .... 3399 packets received, 7608 bps, 95.10%, Err 75 (1.0e-05)
918.212 .... 3407 packets received, 7608 bps, 95.11%, Err 75 (1.0e-05)
920.326 .... 3415 packets received, 7609 bps, 95.11%, Err 75 (1.0e-05)
922.460 .... 3423 packets received, 7609 bps, 95.11%, Err 75 (1.0e-05)
924.569 .... 3431 packets received, 7609 bps, 95.12%, Err 75 (1.0e-05)
926.675 .... 3439 packets received, 7610 bps, 95.12%, Err 75 (1.0e-05)
928.789 .... 3447 packets received, 7610 bps, 95.13%, Err 75 (1.0e-05)
930.906 .... 3455 packets received, 7610 bps, 95.13%, Err 75 (1.0e-05)
933.010 .... 3463 packets received, 7611 bps, 95.13%, Err 75 (1.0e-05)
935.144 .... 3471 packets received, 7611 bps, 95.14%, Err 75 (1.0e-05)
937.265 .... 3479 packets received, 7611 bps, 95.14%, Err 75 (1.0e-05)
939.371 .... 3487 packets received, 7612 bps, 95.14%, Err 75 (1.0e-05)
941.483 .... 3495 packets received, 7612 bps, 95.15%, Err 75 (1.0e-05)
943.599 .... 3503 packets received, 7612 bps, 95.15%, Err 75 (9.9e-06)
945.695 .... 3511 packets received, 7613 bps, 95.16%, Err 75 (9.9e-06)
947.795 .... 3518 packets received, 7611 bps, 95.14%, Err 76 (1.0e-05)
949.934 .... 3526 packets received, 7611 bps, 95.14%, Err 76 (1.0e-05)
952.030 .... 3534 packets received, 7611 bps, 95.14%, Err 76 (1.0e-05)
955.187 .... 3541 packets received, 7601 bps, 95.02%, Err 77 (1.0e-05)
957.301 .... 3553 packets received, 7610 bps, 95.13%, Err 77 (1.0e-05)
959.433 .... 3561 packets received, 7610 bps, 95.13%, Err 77 (1.0e-05)
961.542 .... 3569 packets received, 7611 bps, 95.13%, Err 77 (1.0e-05)
963.659 .... 3576 packets received, 7609 bps, 95.11%, Err 78 (1.0e-05)
965.751 .... 3584 packets received, 7609 bps, 95.12%, Err 78 (1.0e-05)
967.866 .... 3592 packets received, 7610 bps, 95.12%, Err 78 (1.0e-05)
969.993 .... 3600 packets received, 7610 bps, 95.12%, Err 78 (1.0e-05)
973.430 .... 3608 packets received, 7600 bps, 95.00%, Err 81 (1.0e-05)
975.541 .... 3619 packets received, 7606 bps, 95.08%, Err 81 (1.0e-05)
977.660 .... 3627 packets received, 7607 bps, 95.08%, Err 81 (1.0e-05)
979.769 .... 3635 packets received, 7607 bps, 95.09%, Err 81 (1.0e-05)
981.888 .... 3643 packets received, 7607 bps, 95.09%, Err 81 (1.0e-05)
983.990 .... 3651 packets received, 7608 bps, 95.10%, Err 81 (1.0e-05)
986.112 .... 3659 packets received, 7608 bps, 95.10%, Err 81 (1.0e-05)
988.224 .... 3667 packets received, 7608 bps, 95.10%, Err 81 (1.0e-05)
990.317 .... 3675 packets received, 7609 bps, 95.11%, Err 81 (1.0e-05)
992.457 .... 3683 packets received, 7609 bps, 95.11%, Err 81 (1.0e-05)
994.558 .... 3691 packets received, 7609 bps, 95.12%, Err 81 (1.0e-05)
996.681 .... 3699 packets received, 7609 bps, 95.12%, Err 81 (1.0e-05)
998.799 .... 3707 packets received, 7610 bps, 95.12%, Err 81 (1.0e-05)
1000.924 .... 3715 packets received, 7610 bps, 95.12%, Err 81 (1.0e-05)
1003.026 .... 3723 packets received, 7610 bps, 95.13%, Err 81 (1.0e-05)
1005.141 .... 3731 packets received, 7611 bps, 95.13%, Err 81 (1.0e-05)
1007.246 .... 3739 packets received, 7611 bps, 95.14%, Err 81 (1.0e-05)
1009.360 .... 3747 packets received, 7611 bps, 95.14%, Err 81 (1.0e-05)
1011.490 .... 3755 packets received, 7611 bps, 95.14%, Err 81 (1.0e-05)
1013.603 .... 3763 packets received, 7612 bps, 95.15%, Err 81 (1.0e-05)
1015.710 .... 3771 packets received, 7612 bps, 95.15%, Err 81 (1.0e-05)
1017.826 .... 3779 packets received, 7612 bps, 95.15%, Err 81 (1.0e-05)
1019.932 .... 3787 packets received, 7613 bps, 95.16%, Err 81 (9.9e-06)
1022.048 .... 3795 packets received, 7613 bps, 95.16%, Err 81 (9.9e-06)
1024.144 .... 3803 packets received, 7613 bps, 95.17%, Err 81 (9.9e-06)
1026.544 .... 3808 packets received, 7606 bps, 95.07%, Err 82 (1.0e-05)
1028.655 .... 3819 packets received, 7612 bps, 95.15%, Err 82 (1.0e-05)
1030.786 .... 3827 packets received, 7612 bps, 95.15%, Err 82 (1.0e-05)
1032.880 .... 3835 packets received, 7612 bps, 95.16%, Err 82 (9.9e-06)
1035.017 .... 3842 packets received, 7611 bps, 95.13%, Err 83 (1.0e-05)
1037.127 .... 3849 packets received, 7609 bps, 95.11%, Err 84 (1.0e-05)
1039.224 .... 3857 packets received, 7609 bps, 95.12%, Err 84 (1.0e-05)
1041.350 .... 3865 packets received, 7610 bps, 95.12%, Err 84 (1.0e-05)
1043.452 .... 3873 packets received, 7610 bps, 95.12%, Err 85 (1.0e-05)
1045.584 .... 3880 packets received, 7608 bps, 95.10%, Err 85 (1.0e-05)
1047.674 .... 3888 packets received, 7609 bps, 95.11%, Err 85 (1.0e-05)
1049.794 .... 3896 packets received, 7609 bps, 95.11%, Err 86 (1.0e-05)
1052.689 .... 3903 packets received, 7601 bps, 95.02%, Err 87 (1.0e-05)
1054.817 .... 3914 packets received, 7608 bps, 95.09%, Err 87 (1.0e-05)
1056.933 .... 3922 packets received, 7608 bps, 95.10%, Err 88 (1.0e-05)
1059.043 .... 3930 packets received, 7608 bps, 95.10%, Err 88 (1.0e-05)
1061.163 .... 3938 packets received, 7608 bps, 95.10%, Err 89 (1.0e-05)
1063.278 .... 3946 packets received, 7609 bps, 95.11%, Err 89 (1.0e-05)
1065.375 .... 3954 packets received, 7609 bps, 95.11%, Err 89 (1.0e-05)
1067.509 .... 3962 packets received, 7609 bps, 95.11%, Err 89 (1.0e-05)
1069.625 .... 3970 packets received, 7609 bps, 95.12%, Err 89 (1.0e-05)
1071.719 .... 3978 packets received, 7610 bps, 95.12%, Err 89 (1.0e-05)
1073.833 .... 3986 packets received, 7610 bps, 95.13%, Err 89 (1.0e-05)
1075.935 .... 3994 packets received, 7610 bps, 95.13%, Err 89 (1.0e-05)
1078.067 .... 4002 packets received, 7611 bps, 95.13%, Err 89 (1.0e-05)
1080.172 .... 4010 packets received, 7611 bps, 95.14%, Err 89 (1.0e-05)
1082.285 .... 4018 packets received, 7611 bps, 95.14%, Err 89 (1.0e-05)
1084.394 .... 4026 packets received, 7612 bps, 95.14%, Err 89 (1.0e-05)
1086.534 .... 4034 packets received, 7612 bps, 95.15%, Err 89 (1.0e-05)
1088.640 .... 4042 packets received, 7612 bps, 95.15%, Err 89 (1.0e-05)
1090.739 .... 4050 packets received, 7612 bps, 95.15%, Err 89 (1.0e-05)
1092.875 .... 4058 packets received, 7612 bps, 95.16%, Err 89 (1.0e-05)
1095.229 .... 4062 packets received, 7604 bps, 95.04%, Err 91 (1.0e-05)
1097.362 .... 4073 packets received, 7609 bps, 95.12%, Err 91 (1.0e-05)
1099.494 .... 4081 packets received, 7609 bps, 95.12%, Err 91 (1.0e-05)
1101.865 .... 4085 packets received, 7601 bps, 95.01%, Err 92 (1.0e-05)
1103.952 .... 4097 packets received, 7608 bps, 95.11%, Err 92 (1.0e-05)
1106.083 .... 4105 packets received, 7609 bps, 95.11%, Err 92 (1.0e-05)
1108.191 .... 4113 packets received, 7609 bps, 95.11%, Err 92 (1.0e-05)
1110.315 .... 4121 packets received, 7609 bps, 95.11%, Err 93 (1.0e-05)
1112.405 .... 4129 packets received, 7610 bps, 95.12%, Err 93 (1.0e-05)
1114.520 .... 4137 packets received, 7610 bps, 95.12%, Err 94 (1.1e-05)
1116.630 .... 4144 packets received, 7608 bps, 95.10%, Err 94 (1.1e-05)
1118.758 .... 4152 packets received, 7608 bps, 95.11%, Err 94 (1.1e-05)
1120.877 .... 4160 packets received, 7609 bps, 95.11%, Err 94 (1.0e-05)
1122.998 .... 4168 packets received, 7609 bps, 95.11%, Err 94 (1.0e-05)
1125.095 .... 4176 packets received, 7609 bps, 95.12%, Err 94 (1.0e-05)
1127.203 .... 4184 packets received, 7610 bps, 95.12%, Err 94 (1.0e-05)
1129.334 .... 4192 packets received, 7610 bps, 95.12%, Err 94 (1.0e-05)
1131.435 .... 4200 packets received, 7610 bps, 95.13%, Err 94 (1.0e-05)
1133.542 .... 4208 packets received, 7610 bps, 95.13%, Err 94 (1.0e-05)
1135.662 .... 4216 packets received, 7611 bps, 95.13%, Err 94 (1.0e-05)
1137.780 .... 4224 packets received, 7611 bps, 95.14%, Err 94 (1.0e-05)
1139.906 .... 4232 packets received, 7611 bps, 95.14%, Err 94 (1.0e-05)
1142.014 .... 4240 packets received, 7611 bps, 95.14%, Err 95 (1.0e-05)
1144.119 .... 4248 packets received, 7612 bps, 95.15%, Err 95 (1.0e-05)
1146.228 .... 4256 packets received, 7612 bps, 95.15%, Err 95 (1.0e-05)
1148.326 .... 4264 packets received, 7612 bps, 95.15%, Err 95 (1.0e-05)
1150.461 .... 4272 packets received, 7612 bps, 95.15%, Err 96 (1.0e-05)
1152.571 .... 4280 packets received, 7613 bps, 95.16%, Err 97 (1.1e-05)
1154.682 .... 4288 packets received, 7613 bps, 95.16%, Err 97 (1.1e-05)
1156.781 .... 4296 packets received, 7613 bps, 95.17%, Err 97 (1.0e-05)
1158.907 .... 4304 packets received, 7613 bps, 95.17%, Err 97 (1.0e-05)
1161.008 .... 4312 packets received, 7614 bps, 95.17%, Err 97 (1.0e-05)
1164.438 .... 4320 packets received, 7605 bps, 95.07%, Err 98 (1.1e-05)
1166.568 .... 4332 packets received, 7613 bps, 95.16%, Err 98 (1.1e-05)
1168.677 .... 4340 packets received, 7613 bps, 95.16%, Err 98 (1.0e-05)
1170.785 .... 4348 packets received, 7613 bps, 95.16%, Err 98 (1.0e-05)
1174.221 .... 4356 packets received, 7605 bps, 95.06%, Err 99 (1.1e-05)
1176.350 .... 4368 packets received, 7612 bps, 95.15%, Err 99 (1.1e-05)
1178.435 .... 4375 packets received, 7611 bps, 95.13%, Err 100 (1.1e-05)
1180.540 .... 4383 packets received, 7611 bps, 95.14%, Err 100 (1.1e-05)
1182.670 .... 4391 packets received, 7611 bps, 95.14%, Err 100 (1.1e-05)
1184.767 .... 4399 packets received, 7611 bps, 95.14%, Err 100 (1.1e-05)
1186.902 .... 4407 packets received, 7612 bps, 95.14%, Err 100 (1.1e-05)
1189.009 .... 4415 packets received, 7612 bps, 95.15%, Err 100 (1.1e-05)
1191.133 .... 4423 packets received, 7612 bps, 95.15%, Err 100 (1.1e-05)
1193.241 .... 4431 packets received, 7612 bps, 95.15%, Err 100 (1.0e-05)
1195.339 .... 4439 packets received, 7613 bps, 95.16%, Err 100 (1.0e-05)
1197.450 .... 4447 packets received, 7613 bps, 95.16%, Err 100 (1.0e-05)
1200.347 .... 4453 packets received, 7605 bps, 95.06%, Err 101 (1.1e-05)
1202.481 .... 4465 packets received, 7612 bps, 95.15%, Err 101 (1.1e-05)
1204.594 .... 4473 packets received, 7612 bps, 95.15%, Err 101 (1.0e-05)
1206.705 .... 4481 packets received, 7612 bps, 95.15%, Err 101 (1.0e-05)
1208.821 .... 4489 packets received, 7613 bps, 95.16%, Err 101 (1.0e-05)
1210.931 .... 4497 packets received, 7613 bps, 95.16%, Err 102 (1.1e-05)
1213.052 .... 4505 packets received, 7613 bps, 95.16%, Err 102 (1.1e-05)
1215.169 .... 4513 packets received, 7613 bps, 95.16%, Err 102 (1.1e-05)
1217.270 .... 4521 packets received, 7614 bps, 95.17%, Err 102 (1.0e-05)
1219.367 .... 4529 packets received, 7614 bps, 95.17%, Err 102 (1.0e-05)
1221.497 .... 4537 packets received, 7614 bps, 95.17%, Err 102 (1.0e-05)
1223.613 .... 4545 packets received, 7614 bps, 95.18%, Err 102 (1.0e-05)
1225.735 .... 4552 packets received, 7613 bps, 95.16%, Err 103 (1.1e-05)
1227.831 .... 4560 packets received, 7613 bps, 95.16%, Err 103 (1.0e-05)
1229.948 .... 4568 packets received, 7613 bps, 95.17%, Err 103 (1.0e-05)
1232.055 .... 4576 packets received, 7614 bps, 95.17%, Err 104 (1.1e-05)
1234.175 .... 4584 packets received, 7614 bps, 95.17%, Err 104 (1.1e-05)
1236.270 .... 4587 packets received, 7606 bps, 95.07%, Err 105 (1.1e-05)
1238.391 .... 4599 packets received, 7613 bps, 95.16%, Err 105 (1.1e-05)
1240.530 .... 4607 packets received, 7613 bps, 95.16%, Err 105 (1.1e-05)
1242.630 .... 4615 packets received, 7613 bps, 95.16%, Err 105 (1.1e-05)
1244.743 .... 4623 packets received, 7613 bps, 95.17%, Err 105 (1.1e-05)
1246.864 .... 4631 packets received, 7613 bps, 95.17%, Err 105 (1.1e-05)
1248.977 .... 4639 packets received, 7614 bps, 95.17%, Err 105 (1.1e-05)
1251.082 .... 4647 packets received, 7614 bps, 95.17%, Err 105 (1.0e-05)
1253.204 .... 4655 packets received, 7614 bps, 95.18%, Err 105 (1.0e-05)
1255.316 .... 4663 packets received, 7614 bps, 95.18%, Err 105 (1.0e-05)
1257.431 .... 4671 packets received, 7615 bps, 95.18%, Err 105 (1.0e-05)
1259.533 .... 4679 packets received, 7615 bps, 95.19%, Err 105 (1.0e-05)
1261.652 .... 4687 packets received, 7615 bps, 95.19%, Err 105 (1.0e-05)
1263.753 .... 4695 packets received, 7615 bps, 95.19%, Err 105 (1.0e-05)
1265.881 .... 4703 packets received, 7616 bps, 95.19%, Err 105 (1.0e-05)
1268.513 .... 4708 packets received, 7608 bps, 95.10%, Err 106 (1.0e-05)
1270.624 .... 4720 packets received, 7615 bps, 95.18%, Err 106 (1.0e-05)
1272.728 .... 4728 packets received, 7615 bps, 95.19%, Err 106 (1.0e-05)
1274.850 .... 4736 packets received, 7615 bps, 95.19%, Err 106 (1.0e-05)
1276.955 .... 4744 packets received, 7615 bps, 95.19%, Err 106 (1.0e-05)
1279.084 .... 4752 packets received, 7615 bps, 95.19%, Err 106 (1.0e-05)
1281.190 .... 4760 packets received, 7616 bps, 95.20%, Err 106 (1.0e-05)
1283.301 .... 4768 packets received, 7616 bps, 95.20%, Err 106 (1.0e-05)
1285.414 .... 4776 packets received, 7616 bps, 95.20%, Err 106 (1.0e-05)
1287.536 .... 4784 packets received, 7616 bps, 95.20%, Err 106 (1.0e-05)
1289.653 .... 4792 packets received, 7617 bps, 95.21%, Err 106 (1.0e-05)
1291.743 .... 4800 packets received, 7617 bps, 95.21%, Err 107 (1.0e-05)
1293.873 .... 4807 packets received, 7615 bps, 95.19%, Err 107 (1.0e-05)
1295.968 .... 4815 packets received, 7616 bps, 95.20%, Err 107 (1.0e-05)
1298.075 .... 4823 packets received, 7616 bps, 95.20%, Err 107 (1.0e-05)
1300.204 .... 4831 packets received, 7616 bps, 95.20%, Err 107 (1.0e-05)
1302.321 .... 4839 packets received, 7616 bps, 95.20%, Err 107 (1.0e-05)
1304.446 .... 4847 packets received, 7617 bps, 95.21%, Err 107 (1.0e-05)
1306.543 .... 4855 packets received, 7617 bps, 95.21%, Err 107 (1.0e-05)
1308.662 .... 4863 packets received, 7617 bps, 95.21%, Err 107 (1.0e-05)
1310.758 .... 4871 packets received, 7617 bps, 95.22%, Err 107 (1.0e-05)
1312.889 .... 4879 packets received, 7617 bps, 95.22%, Err 107 (1.0e-05)
1314.995 .... 4887 packets received, 7618 bps, 95.22%, Err 107 (1.0e-05)
1317.097 .... 4895 packets received, 7618 bps, 95.22%, Err 107 (1.0e-05)
1319.216 .... 4903 packets received, 7618 bps, 95.23%, Err 107 (1.0e-05)
1321.320 .... 4911 packets received, 7618 bps, 95.23%, Err 107 (1.0e-05)
1323.441 .... 4919 packets received, 7619 bps, 95.23%, Err 107 (1.0e-05)
1325.547 .... 4927 packets received, 7619 bps, 95.24%, Err 107 (1.0e-05)
1327.677 .... 4935 packets received, 7619 bps, 95.24%, Err 107 (1.0e-05)
1329.772 .... 4943 packets received, 7619 bps, 95.24%, Err 107 (1.0e-05)
1331.875 .... 4951 packets received, 7620 bps, 95.24%, Err 107 (1.0e-05)
1334.014 .... 4959 packets received, 7620 bps, 95.25%, Err 107 (1.0e-05)
1336.124 .... 4967 packets received, 7620 bps, 95.25%, Err 107 (1.0e-05)
1338.220 .... 4975 packets received, 7620 bps, 95.25%, Err 107 (1.0e-05)
1340.340 .... 4983 packets received, 7620 bps, 95.25%, Err 107 (1.0e-05)
1342.455 .... 4991 packets received, 7621 bps, 95.26%, Err 107 (1.0e-05)
1344.579 .... 4999 packets received, 7621 bps, 95.26%, Err 107 (1.0e-05)
1346.673 .... 5007 packets received, 7621 bps, 95.26%, Err 107 (9.9e-06)
1348.789 .... 5015 packets received, 7621 bps, 95.27%, Err 107 (9.9e-06)
1350.905 .... 5023 packets received, 7621 bps, 95.27%, Err 107 (9.9e-06)
1352.997 .... 5030 packets received, 7620 bps, 95.25%, Err 108 (1.0e-05)
1355.119 .... 5038 packets received, 7620 bps, 95.25%, Err 108 (1.0e-05)
1357.233 .... 5046 packets received, 7621 bps, 95.26%, Err 108 (1.0e-05)
1359.371 .... 5054 packets received, 7621 bps, 95.26%, Err 108 (9.9e-06)
1361.461 .... 5062 packets received, 7621 bps, 95.26%, Err 108 (9.9e-06)
1363.590 .... 5070 packets received, 7621 bps, 95.26%, Err 108 (9.9e-06)
1365.695 .... 5078 packets received, 7621 bps, 95.27%, Err 108 (9.9e-06)
1367.815 .... 5086 packets received, 7622 bps, 95.27%, Err 108 (9.9e-06)
1369.934 .... 5094 packets received, 7622 bps, 95.27%, Err 108 (9.9e-06)
1372.040 .... 5102 packets received, 7622 bps, 95.27%, Err 108 (9.8e-06)
1375.470 .... 5110 packets received, 7615 bps, 95.19%, Err 109 (9.9e-06)
1377.580 .... 5122 packets received, 7621 bps, 95.26%, Err 109 (9.9e-06)
1380.759 .... 5129 packets received, 7614 bps, 95.17%, Err 110 (1.0e-05)
1382.849 .... 5141 packets received, 7620 bps, 95.25%, Err 110 (9.9e-06)
1384.975 .... 5149 packets received, 7620 bps, 95.25%, Err 110 (9.9e-06)
1387.100 .... 5157 packets received, 7620 bps, 95.25%, Err 110 (9.9e-06)
1389.198 .... 5165 packets received, 7621 bps, 95.26%, Err 110 (9.9e-06)
1391.327 .... 5173 packets received, 7621 bps, 95.26%, Err 110 (9.9e-06)
1393.440 .... 5181 packets received, 7621 bps, 95.26%, Err 110 (9.9e-06)
1396.591 .... 5188 packets received, 7614 bps, 95.18%, Err 111 (9.9e-06)
1398.714 .... 5200 packets received, 7620 bps, 95.25%, Err 111 (9.9e-06)
1402.131 .... 5208 packets received, 7613 bps, 95.16%, Err 112 (1.0e-05)
1404.263 .... 5220 packets received, 7619 bps, 95.24%, Err 112 (1.0e-05)
1406.378 .... 5228 packets received, 7619 bps, 95.24%, Err 112 (1.0e-05)
1409.014 .... 5233 packets received, 7612 bps, 95.15%, Err 114 (1.0e-05)
1412.168 .... 5243 packets received, 7610 bps, 95.12%, Err 115 (1.0e-05)
1414.302 .... 5255 packets received, 7616 bps, 95.20%, Err 115 (1.0e-05)
1416.404 .... 5263 packets received, 7616 bps, 95.20%, Err 115 (1.0e-05)
1418.526 .... 5271 packets received, 7616 bps, 95.20%, Err 115 (1.0e-05)
1420.628 .... 5279 packets received, 7616 bps, 95.21%, Err 115 (1.0e-05)
1422.736 .... 5287 packets received, 7617 bps, 95.21%, Err 115 (1.0e-05)
1424.874 .... 5295 packets received, 7617 bps, 95.21%, Err 115 (1.0e-05)
1426.982 .... 5303 packets received, 7617 bps, 95.21%, Err 115 (1.0e-05)
1429.089 .... 5311 packets received, 7617 bps, 95.21%, Err 116 (1.0e-05)
1431.213 .... 5319 packets received, 7617 bps, 95.22%, Err 116 (1.0e-05)
1433.328 .... 5327 packets received, 7618 bps, 95.22%, Err 116 (1.0e-05)
1435.409 .... 5335 packets received, 7618 bps, 95.22%, Err 116 (1.0e-05)
1437.544 .... 5343 packets received, 7618 bps, 95.22%, Err 116 (1.0e-05)
1439.653 .... 5351 packets received, 7618 bps, 95.23%, Err 116 (1.0e-05)
1441.768 .... 5359 packets received, 7618 bps, 95.23%, Err 116 (1.0e-05)
1443.887 .... 5367 packets received, 7619 bps, 95.23%, Err 116 (1.0e-05)
1445.982 .... 5375 packets received, 7619 bps, 95.24%, Err 116 (1.0e-05)
1449.421 .... 5383 packets received, 7612 bps, 95.15%, Err 117 (1.0e-05)
1451.541 .... 5395 packets received, 7618 bps, 95.22%, Err 117 (1.0e-05)
1453.641 .... 5403 packets received, 7618 bps, 95.23%, Err 117 (1.0e-05)
1455.795 .... 5411 packets received, 7618 bps, 95.23%, Err 117 (1.0e-05)
1457.913 .... 5419 packets received, 7618 bps, 95.23%, Err 117 (1.0e-05)
1460.033 .... 5427 packets received, 7618 bps, 95.23%, Err 117 (1.0e-05)
1462.145 .... 5435 packets received, 7619 bps, 95.23%, Err 117 (1.0e-05)
1464.252 .... 5443 packets received, 7619 bps, 95.24%, Err 117 (1.0e-05)
1466.359 .... 5451 packets received, 7619 bps, 95.24%, Err 117 (1.0e-05)
1468.462 .... 5459 packets received, 7619 bps, 95.24%, Err 117 (1.0e-05)
1470.570 .... 5467 packets received, 7620 bps, 95.24%, Err 117 (1.0e-05)
1472.708 .... 5475 packets received, 7620 bps, 95.25%, Err 117 (9.9e-06)
1474.818 .... 5483 packets received, 7620 bps, 95.25%, Err 117 (9.9e-06)
1476.924 .... 5491 packets received, 7620 bps, 95.25%, Err 117 (9.9e-06)
1479.030 .... 5499 packets received, 7620 bps, 95.25%, Err 117 (9.9e-06)
1481.136 .... 5507 packets received, 7621 bps, 95.26%, Err 117 (9.9e-06)
1483.258 .... 5515 packets received, 7621 bps, 95.26%, Err 117 (9.9e-06)
1485.378 .... 5522 packets received, 7619 bps, 95.24%, Err 118 (9.9e-06)
1487.488 .... 5530 packets received, 7620 bps, 95.25%, Err 118 (9.9e-06)
1489.597 .... 5538 packets received, 7620 bps, 95.25%, Err 118 (9.9e-06)
1491.708 .... 5546 packets received, 7620 bps, 95.25%, Err 118 (9.9e-06)
1493.820 .... 5554 packets received, 7620 bps, 95.25%, Err 118 (9.9e-06)
1495.923 .... 5562 packets received, 7620 bps, 95.26%, Err 118 (9.9e-06)
1498.047 .... 5570 packets received, 7621 bps, 95.26%, Err 118 (9.9e-06)
1500.158 .... 5573 packets received, 7614 bps, 95.17%, Err 119 (9.9e-06)
1502.273 .... 5585 packets received, 7620 bps, 95.25%, Err 119 (9.9e-06)
1504.385 .... 5593 packets received, 7620 bps, 95.25%, Err 119 (9.9e-06)
1507.278 .... 5599 packets received, 7613 bps, 95.17%, Err 121 (1.0e-05)
1509.391 .... 5611 packets received, 7619 bps, 95.24%, Err 121 (1.0e-05)
1511.486 .... 5619 packets received, 7619 bps, 95.24%, Err 121 (1.0e-05)
1513.610 .... 5627 packets received, 7619 bps, 95.24%, Err 121 (1.0e-05)
1515.708 .... 5635 packets received, 7620 bps, 95.25%, Err 121 (1.0e-05)
1517.853 .... 5643 packets received, 7620 bps, 95.25%, Err 121 (1.0e-05)
1519.963 .... 5651 packets received, 7620 bps, 95.25%, Err 121 (1.0e-05)
1522.595 .... 5656 packets received, 7613 bps, 95.17%, Err 122 (1.0e-05)
1524.719 .... 5668 packets received, 7619 bps, 95.24%, Err 122 (1.0e-05)
1526.824 .... 5671 packets received, 7612 bps, 95.16%, Err 123 (1.0e-05)
1528.951 .... 5683 packets received, 7618 bps, 95.22%, Err 123 (1.0e-05)
1531.052 .... 5691 packets received, 7618 bps, 95.23%, Err 123 (1.0e-05)
1533.183 .... 5699 packets received, 7618 bps, 95.23%, Err 123 (1.0e-05)
1535.284 .... 5707 packets received, 7619 bps, 95.23%, Err 123 (1.0e-05)
1537.396 .... 5715 packets received, 7619 bps, 95.23%, Err 123 (1.0e-05)
1539.518 .... 5723 packets received, 7619 bps, 95.24%, Err 123 (1.0e-05)
1542.427 .... 5729 packets received, 7612 bps, 95.16%, Err 124 (1.0e-05)
1544.539 .... 5741 packets received, 7618 bps, 95.22%, Err 124 (1.0e-05)
1546.658 .... 5749 packets received, 7618 bps, 95.23%, Err 124 (1.0e-05)
1548.760 .... 5757 packets received, 7618 bps, 95.23%, Err 124 (1.0e-05)
1550.875 .... 5765 packets received, 7619 bps, 95.23%, Err 124 (1.0e-05)
1552.999 .... 5773 packets received, 7619 bps, 95.23%, Err 124 (1.0e-05)
1555.090 .... 5781 packets received, 7619 bps, 95.24%, Err 124 (1.0e-05)
1557.215 .... 5789 packets received, 7619 bps, 95.24%, Err 124 (1.0e-05)
1559.326 .... 5797 packets received, 7619 bps, 95.24%, Err 124 (9.9e-06)
1561.718 .... 5802 packets received, 7614 bps, 95.18%, Err 125 (1.0e-05)
1563.822 .... 5813 packets received, 7618 bps, 95.23%, Err 125 (1.0e-05)
1565.954 .... 5821 packets received, 7618 bps, 95.23%, Err 126 (1.0e-05)
1568.074 .... 5829 packets received, 7619 bps, 95.23%, Err 126 (1.0e-05)
1570.179 .... 5837 packets received, 7619 bps, 95.23%, Err 126 (1.0e-05)
1572.301 .... 5845 packets received, 7619 bps, 95.24%, Err 126 (1.0e-05)
1575.721 .... 5853 packets received, 7613 bps, 95.16%, Err 127 (1.0e-05)
1577.822 .... 5865 packets received, 7618 bps, 95.23%, Err 127 (1.0e-05)
1579.941 .... 5873 packets received, 7618 bps, 95.23%, Err 127 (1.0e-05)
1582.057 .... 5881 packets received, 7619 bps, 95.23%, Err 127 (1.0e-05)
1584.165 .... 5889 packets received, 7619 bps, 95.23%, Err 127 (1.0e-05)
1586.277 .... 5897 packets received, 7619 bps, 95.24%, Err 127 (1.0e-05)
1588.403 .... 5905 packets received, 7619 bps, 95.24%, Err 127 (1.0e-05)
1590.502 .... 5913 packets received, 7619 bps, 95.24%, Err 127 (1.0e-05)
1592.610 .... 5921 packets received, 7620 bps, 95.24%, Err 127 (1.0e-05)
1594.737 .... 5929 packets received, 7620 bps, 95.25%, Err 127 (1.0e-05)
1596.825 .... 5937 packets received, 7620 bps, 95.25%, Err 127 (9.9e-06)
1598.955 .... 5945 packets received, 7620 bps, 95.25%, Err 127 (9.9e-06)
1601.053 .... 5953 packets received, 7620 bps, 95.25%, Err 127 (9.9e-06)
1603.160 .... 5960 packets received, 7619 bps, 95.24%, Err 128 (1.0e-05)
1605.294 .... 5968 packets received, 7619 bps, 95.24%, Err 128 (1.0e-05)
1607.409 .... 5976 packets received, 7619 bps, 95.24%, Err 128 (1.0e-05)
1609.757 .... 5980 packets received, 7613 bps, 95.17%, Err 129 (1.0e-05)
1611.894 .... 5992 packets received, 7619 bps, 95.23%, Err 129 (1.0e-05)
1613.997 .... 6000 packets received, 7619 bps, 95.23%, Err 129 (1.0e-05)
1616.104 .... 6008 packets received, 7619 bps, 95.24%, Err 129 (1.0e-05)
1618.237 .... 6016 packets received, 7619 bps, 95.24%, Err 129 (1.0e-05)
1620.601 .... 6021 packets received, 7614 bps, 95.18%, Err 130 (1.0e-05)
1622.721 .... 6032 packets received, 7618 bps, 95.23%, Err 130 (1.0e-05)
1624.815 .... 6040 packets received, 7618 bps, 95.23%, Err 130 (1.0e-05)
1626.941 .... 6048 packets received, 7619 bps, 95.23%, Err 130 (1.0e-05)
1629.066 .... 6056 packets received, 7619 bps, 95.23%, Err 130 (1.0e-05)
1631.161 .... 6064 packets received, 7619 bps, 95.24%, Err 130 (1.0e-05)
1634.609 .... 6071 packets received, 7612 bps, 95.15%, Err 132 (1.0e-05)
1636.702 .... 6083 packets received, 7617 bps, 95.21%, Err 132 (1.0e-05)
1638.835 .... 6091 packets received, 7617 bps, 95.21%, Err 132 (1.0e-05)
1640.940 .... 6099 packets received, 7617 bps, 95.22%, Err 132 (1.0e-05)
1643.036 .... 6107 packets received, 7617 bps, 95.22%, Err 132 (1.0e-05)
1645.159 .... 6115 packets received, 7618 bps, 95.22%, Err 132 (1.0e-05)
1648.610 .... 6123 packets received, 7612 bps, 95.15%, Err 133 (1.0e-05)
1651.252 .... 6132 packets received, 7611 bps, 95.13%, Err 135 (1.0e-05)
1653.366 .... 6144 packets received, 7616 bps, 95.20%, Err 135 (1.0e-05)
1656.555 .... 6151 packets received, 7610 bps, 95.12%, Err 136 (1.0e-05)
1658.661 .... 6163 packets received, 7615 bps, 95.19%, Err 136 (1.0e-05)
1660.752 .... 6171 packets received, 7615 bps, 95.19%, Err 136 (1.0e-05)
1662.871 .... 6179 packets received, 7615 bps, 95.19%, Err 136 (1.0e-05)
1664.995 .... 6187 packets received, 7615 bps, 95.19%, Err 136 (1.0e-05)
1667.110 .... 6195 packets received, 7616 bps, 95.19%, Err 136 (1.0e-05)
1669.216 .... 6203 packets received, 7616 bps, 95.20%, Err 136 (1.0e-05)
1671.329 .... 6211 packets received, 7616 bps, 95.20%, Err 136 (1.0e-05)
1673.446 .... 6219 packets received, 7616 bps, 95.20%, Err 136 (1.0e-05)
1675.550 .... 6227 packets received, 7616 bps, 95.20%, Err 136 (1.0e-05)
1677.939 .... 6231 packets received, 7610 bps, 95.13%, Err 137 (1.0e-05)
1680.047 .... 6243 packets received, 7615 bps, 95.19%, Err 137 (1.0e-05)
1683.216 .... 6250 packets received, 7610 bps, 95.12%, Err 138 (1.0e-05)
1685.328 .... 6257 packets received, 7609 bps, 95.11%, Err 139 (1.0e-05)
1687.441 .... 6269 packets received, 7614 bps, 95.17%, Err 139 (1.0e-05)
1690.618 .... 6276 packets received, 7608 bps, 95.10%, Err 140 (1.0e-05)
1693.533 .... 6286 packets received, 7607 bps, 95.09%, Err 141 (1.0e-05)
1696.705 .... 6297 packets received, 7606 bps, 95.07%, Err 142 (1.0e-05)
1698.808 .... 6309 packets received, 7611 bps, 95.14%, Err 142 (1.0e-05)
1700.920 .... 6317 packets received, 7611 bps, 95.14%, Err 142 (1.0e-05)
1703.017 .... 6325 packets received, 7611 bps, 95.14%, Err 142 (1.0e-05)
1705.144 .... 6333 packets received, 7611 bps, 95.14%, Err 142 (1.0e-05)
1707.269 .... 6341 packets received, 7612 bps, 95.14%, Err 142 (1.0e-05)
1709.386 .... 6349 packets received, 7612 bps, 95.15%, Err 142 (1.0e-05)
1711.485 .... 6357 packets received, 7612 bps, 95.15%, Err 143 (1.0e-05)
1713.613 .... 6365 packets received, 7612 bps, 95.15%, Err 143 (1.0e-05)
1715.713 .... 6373 packets received, 7612 bps, 95.15%, Err 143 (1.0e-05)
1717.830 .... 6381 packets received, 7612 bps, 95.16%, Err 143 (1.0e-05)
1719.949 .... 6389 packets received, 7613 bps, 95.16%, Err 143 (1.0e-05)
1722.067 .... 6397 packets received, 7613 bps, 95.16%, Err 143 (1.0e-05)
1724.178 .... 6405 packets received, 7613 bps, 95.16%, Err 143 (1.0e-05)
1727.591 .... 6413 packets received, 7607 bps, 95.09%, Err 145 (1.0e-05)
1729.705 .... 6424 packets received, 7611 bps, 95.14%, Err 145 (1.0e-05)
1731.835 .... 6432 packets received, 7611 bps, 95.14%, Err 145 (1.0e-05)
1733.949 .... 6440 packets received, 7611 bps, 95.14%, Err 145 (1.0e-05)
1736.047 .... 6448 packets received, 7612 bps, 95.15%, Err 145 (1.0e-05)
1738.145 .... 6456 packets received, 7612 bps, 95.15%, Err 145 (1.0e-05)
1740.261 .... 6464 packets received, 7612 bps, 95.15%, Err 145 (1.0e-05)
1742.398 .... 6472 packets received, 7612 bps, 95.15%, Err 145 (1.0e-05)
1744.510 .... 6480 packets received, 7612 bps, 95.15%, Err 145 (1.0e-05)
1746.611 .... 6488 packets received, 7613 bps, 95.16%, Err 145 (1.0e-05)
1748.722 .... 6496 packets received, 7613 bps, 95.16%, Err 145 (1.0e-05)
1750.852 .... 6504 packets received, 7613 bps, 95.16%, Err 145 (1.0e-05)
1752.950 .... 6511 packets received, 7612 bps, 95.15%, Err 146 (1.0e-05)
1756.366 .... 6519 packets received, 7606 bps, 95.08%, Err 147 (1.0e-05)
1758.506 .... 6531 packets received, 7611 bps, 95.14%, Err 147 (1.0e-05)
1760.610 .... 6539 packets received, 7611 bps, 95.14%, Err 147 (1.0e-05)
1762.727 .... 6547 packets received, 7611 bps, 95.14%, Err 147 (1.0e-05)
1764.824 .... 6555 packets received, 7612 bps, 95.15%, Err 147 (1.0e-05)
1766.946 .... 6563 packets received, 7612 bps, 95.15%, Err 147 (1.0e-05)
1769.055 .... 6571 packets received, 7612 bps, 95.15%, Err 147 (1.0e-05)
1771.161 .... 6579 packets received, 7612 bps, 95.15%, Err 147 (1.0e-05)
1773.292 .... 6587 packets received, 7612 bps, 95.15%, Err 147 (1.0e-05)
1775.395 .... 6595 packets received, 7613 bps, 95.16%, Err 147 (1.0e-05)
1778.297 .... 6601 packets received, 7607 bps, 95.09%, Err 148 (1.0e-05)
1780.402 .... 6613 packets received, 7612 bps, 95.15%, Err 148 (1.0e-05)
1782.520 .... 6621 packets received, 7612 bps, 95.15%, Err 148 (1.0e-05)
1784.634 .... 6629 packets received, 7612 bps, 95.15%, Err 148 (1.0e-05)
1786.748 .... 6637 packets received, 7612 bps, 95.15%, Err 148 (1.0e-05)
1788.865 .... 6645 packets received, 7612 bps, 95.16%, Err 148 (1.0e-05)
1790.998 .... 6653 packets received, 7613 bps, 95.16%, Err 148 (1.0e-05)
1794.411 .... 6661 packets received, 7607 bps, 95.09%, Err 150 (1.0e-05)
1796.536 .... 6672 packets received, 7611 bps, 95.13%, Err 150 (1.0e-05)
1798.645 .... 6680 packets received, 7611 bps, 95.14%, Err 150 (1.0e-05)
1800.743 .... 6687 packets received, 7610 bps, 95.12%, Err 151 (1.0e-05)
1802.862 .... 6695 packets received, 7610 bps, 95.13%, Err 151 (1.0e-05)
1804.978 .... 6703 packets received, 7610 bps, 95.13%, Err 151 (1.0e-05)
1807.091 .... 6711 packets received, 7610 bps, 95.13%, Err 151 (1.0e-05)
1809.196 .... 6719 packets received, 7611 bps, 95.13%, Err 151 (1.0e-05)
1811.323 .... 6727 packets received, 7611 bps, 95.13%, Err 151 (1.0e-05)
1813.419 .... 6735 packets received, 7611 bps, 95.14%, Err 151 (1.0e-05)
1816.846 .... 6743 packets received, 7606 bps, 95.07%, Err 152 (1.0e-05)
1818.968 .... 6755 packets received, 7610 bps, 95.13%, Err 152 (1.0e-05)
1821.088 .... 6763 packets received, 7610 bps, 95.13%, Err 152 (1.0e-05)
1823.198 .... 6771 packets received, 7611 bps, 95.13%, Err 152 (1.0e-05)
1826.374 .... 6778 packets received, 7605 bps, 95.07%, Err 153 (1.0e-05)
1828.470 .... 6789 packets received, 7609 bps, 95.11%, Err 154 (1.1e-05)
1830.592 .... 6797 packets received, 7609 bps, 95.11%, Err 154 (1.1e-05)
1832.706 .... 6805 packets received, 7609 bps, 95.11%, Err 154 (1.1e-05)
1834.819 .... 6813 packets received, 7609 bps, 95.12%, Err 154 (1.0e-05)
1836.933 .... 6821 packets received, 7609 bps, 95.12%, Err 154 (1.0e-05)
1839.048 .... 6829 packets received, 7610 bps, 95.12%, Err 154 (1.0e-05)
1841.152 .... 6837 packets received, 7610 bps, 95.12%, Err 154 (1.0e-05)
1843.282 .... 6845 packets received, 7610 bps, 95.12%, Err 154 (1.0e-05)
1845.388 .... 6853 packets received, 7610 bps, 95.13%, Err 155 (1.1e-05)
1847.484 .... 6861 packets received, 7610 bps, 95.13%, Err 155 (1.0e-05)
1849.602 .... 6869 packets received, 7610 bps, 95.13%, Err 155 (1.0e-05)
1851.702 .... 6877 packets received, 7611 bps, 95.13%, Err 155 (1.0e-05)
1853.836 .... 6885 packets received, 7611 bps, 95.13%, Err 155 (1.0e-05)
1855.954 .... 6893 packets received, 7611 bps, 95.14%, Err 155 (1.0e-05)
1858.063 .... 6901 packets received, 7611 bps, 95.14%, Err 155 (1.0e-05)
1860.166 .... 6909 packets received, 7611 bps, 95.14%, Err 155 (1.0e-05)
1862.285 .... 6917 packets received, 7611 bps, 95.14%, Err 155 (1.0e-05)
1864.377 .... 6925 packets received, 7612 bps, 95.15%, Err 155 (1.0e-05)
1866.514 .... 6933 packets received, 7612 bps, 95.15%, Err 155 (1.0e-05)
1868.614 .... 6936 packets received, 7606 bps, 95.08%, Err 156 (1.0e-05)
1870.734 .... 6948 packets received, 7611 bps, 95.14%, Err 156 (1.0e-05)
1872.823 .... 6956 packets received, 7611 bps, 95.14%, Err 156 (1.0e-05)
1874.965 .... 6964 packets received, 7611 bps, 95.14%, Err 156 (1.0e-05)
1877.062 .... 6972 packets received, 7612 bps, 95.14%, Err 156 (1.0e-05)
1879.191 .... 6980 packets received, 7612 bps, 95.15%, Err 156 (1.0e-05)
1882.612 .... 6988 packets received, 7607 bps, 95.08%, Err 157 (1.0e-05)
1884.732 .... 7000 packets received, 7611 bps, 95.14%, Err 157 (1.0e-05)
1886.835 .... 7008 packets received, 7611 bps, 95.14%, Err 157 (1.0e-05)
1889.210 .... 7012 packets received, 7606 bps, 95.07%, Err 158 (1.0e-05)
1891.310 .... 7020 packets received, 7606 bps, 95.08%, Err 159 (1.1e-05)
1893.434 .... 7031 packets received, 7610 bps, 95.12%, Err 159 (1.1e-05)
1896.085 .... 7036 packets received, 7604 bps, 95.05%, Err 160 (1.1e-05)
1898.193 .... 7048 packets received, 7609 bps, 95.11%, Err 160 (1.1e-05)
1900.312 .... 7056 packets received, 7609 bps, 95.11%, Err 160 (1.1e-05)
1902.420 .... 7064 packets received, 7609 bps, 95.11%, Err 160 (1.1e-05)
1904.534 .... 7072 packets received, 7609 bps, 95.12%, Err 160 (1.1e-05)
1906.665 .... 7080 packets received, 7609 bps, 95.12%, Err 160 (1.0e-05)
1908.748 .... 7088 packets received, 7610 bps, 95.12%, Err 160 (1.0e-05)
1910.871 .... 7096 packets received, 7610 bps, 95.12%, Err 160 (1.0e-05)
1913.003 .... 7104 packets received, 7610 bps, 95.12%, Err 160 (1.0e-05)
1915.118 .... 7112 packets received, 7610 bps, 95.13%, Err 160 (1.0e-05)
1917.225 .... 7120 packets received, 7610 bps, 95.13%, Err 160 (1.0e-05)
1919.335 .... 7128 packets received, 7610 bps, 95.13%, Err 160 (1.0e-05)
1921.456 .... 7136 packets received, 7610 bps, 95.13%, Err 160 (1.0e-05)
1923.571 .... 7144 packets received, 7611 bps, 95.13%, Err 160 (1.0e-05)
1925.669 .... 7152 packets received, 7611 bps, 95.14%, Err 160 (1.0e-05)
1927.781 .... 7160 packets received, 7611 bps, 95.14%, Err 160 (1.0e-05)
1929.908 .... 7168 packets received, 7611 bps, 95.14%, Err 160 (1.0e-05)
1932.021 .... 7176 packets received, 7611 bps, 95.14%, Err 160 (1.0e-05)
1934.131 .... 7184 packets received, 7611 bps, 95.14%, Err 160 (1.0e-05)
1936.252 .... 7192 packets received, 7612 bps, 95.14%, Err 160 (1.0e-05)
1938.355 .... 7200 packets received, 7612 bps, 95.15%, Err 160 (1.0e-05)
1940.476 .... 7208 packets received, 7612 bps, 95.15%, Err 160 (1.0e-05)
1943.368 .... 7214 packets received, 7607 bps, 95.09%, Err 161 (1.0e-05)
1945.486 .... 7226 packets received, 7611 bps, 95.14%, Err 161 (1.0e-05)
1947.577 .... 7234 packets received, 7611 bps, 95.14%, Err 161 (1.0e-05)
1949.715 .... 7242 packets received, 7612 bps, 95.14%, Err 161 (1.0e-05)
1951.803 .... 7250 packets received, 7612 bps, 95.15%, Err 161 (1.0e-05)
1953.934 .... 7258 packets received, 7612 bps, 95.15%, Err 161 (1.0e-05)
1956.055 .... 7266 packets received, 7612 bps, 95.15%, Err 161 (1.0e-05)
1958.168 .... 7274 packets received, 7612 bps, 95.15%, Err 161 (1.0e-05)
1960.283 .... 7282 packets received, 7612 bps, 95.15%, Err 161 (1.0e-05)
1962.387 .... 7290 packets received, 7612 bps, 95.16%, Err 162 (1.0e-05)
1964.483 .... 7298 packets received, 7613 bps, 95.16%, Err 162 (1.0e-05)
1966.618 .... 7306 packets received, 7613 bps, 95.16%, Err 163 (1.0e-05)
1968.731 .... 7314 packets received, 7613 bps, 95.16%, Err 163 (1.0e-05)
1970.827 .... 7322 packets received, 7613 bps, 95.16%, Err 163 (1.0e-05)
1972.957 .... 7330 packets received, 7613 bps, 95.17%, Err 163 (1.0e-05)
1975.051 .... 7338 packets received, 7613 bps, 95.17%, Err 163 (1.0e-05)
1977.182 .... 7346 packets received, 7614 bps, 95.17%, Err 163 (1.0e-05)
1979.278 .... 7354 packets received, 7614 bps, 95.17%, Err 163 (1.0e-05)
1981.397 .... 7362 packets received, 7614 bps, 95.17%, Err 163 (1.0e-05)
1984.031 .... 7367 packets received, 7609 bps, 95.11%, Err 164 (1.0e-05)
1987.221 .... 7378 packets received, 7608 bps, 95.10%, Err 165 (1.0e-05)
1989.320 .... 7390 packets received, 7612 bps, 95.15%, Err 165 (1.0e-05)
1991.451 .... 7398 packets received, 7612 bps, 95.16%, Err 165 (1.0e-05)
1993.564 .... 7406 packets received, 7613 bps, 95.16%, Err 165 (1.0e-05)
1995.672 .... 7409 packets received, 7608 bps, 95.10%, Err 166 (1.0e-05)
1997.779 .... 7420 packets received, 7611 bps, 95.14%, Err 167 (1.0e-05)
1999.898 .... 7428 packets received, 7611 bps, 95.14%, Err 167 (1.0e-05)
2002.026 .... 7436 packets received, 7611 bps, 95.14%, Err 167 (1.0e-05)
2004.121 .... 7444 packets received, 7611 bps, 95.14%, Err 167 (1.0e-05)
2006.253 .... 7452 packets received, 7611 bps, 95.14%, Err 167 (1.0e-05)
2008.353 .... 7460 packets received, 7612 bps, 95.14%, Err 167 (1.0e-05)
2010.456 .... 7468 packets received, 7612 bps, 95.15%, Err 167 (1.0e-05)
2012.587 .... 7476 packets received, 7612 bps, 95.15%, Err 167 (1.0e-05)
2015.762 .... 7483 packets received, 7607 bps, 95.09%, Err 168 (1.0e-05)
2017.840 .... 7490 packets received, 7606 bps, 95.08%, Err 169 (1.0e-05)
2019.982 .... 7502 packets received, 7610 bps, 95.13%, Err 169 (1.0e-05)
2022.079 .... 7509 packets received, 7610 bps, 95.12%, Err 170 (1.1e-05)
2024.197 .... 7517 packets received, 7610 bps, 95.12%, Err 170 (1.1e-05)
2026.314 .... 7525 packets received, 7610 bps, 95.12%, Err 170 (1.0e-05)
2028.420 .... 7533 packets received, 7610 bps, 95.12%, Err 170 (1.0e-05)
2030.541 .... 7541 packets received, 7610 bps, 95.13%, Err 170 (1.0e-05)
2032.663 .... 7549 packets received, 7610 bps, 95.13%, Err 170 (1.0e-05)
2034.769 .... 7557 packets received, 7610 bps, 95.13%, Err 170 (1.0e-05)
2036.875 .... 7565 packets received, 7611 bps, 95.13%, Err 170 (1.0e-05)
2038.996 .... 7573 packets received, 7611 bps, 95.13%, Err 170 (1.0e-05)
2041.111 .... 7581 packets received, 7611 bps, 95.14%, Err 170 (1.0e-05)
2043.225 .... 7589 packets received, 7611 bps, 95.14%, Err 170 (1.0e-05)
2045.341 .... 7597 packets received, 7611 bps, 95.14%, Err 170 (1.0e-05)
2047.454 .... 7605 packets received, 7611 bps, 95.14%, Err 170 (1.0e-05)
2049.565 .... 7613 packets received, 7611 bps, 95.14%, Err 170 (1.0e-05)
2051.673 .... 7621 packets received, 7612 bps, 95.14%, Err 170 (1.0e-05)
2053.780 .... 7629 packets received, 7612 bps, 95.15%, Err 170 (1.0e-05)
2055.901 .... 7637 packets received, 7612 bps, 95.15%, Err 170 (1.0e-05)
2058.005 .... 7645 packets received, 7612 bps, 95.15%, Err 170 (1.0e-05)
2060.127 .... 7653 packets received, 7612 bps, 95.15%, Err 170 (1.0e-05)
2062.477 .... 7657 packets received, 7607 bps, 95.09%, Err 171 (1.0e-05)
2064.604 .... 7669 packets received, 7612 bps, 95.14%, Err 171 (1.0e-05)
2066.723 .... 7677 packets received, 7612 bps, 95.15%, Err 171 (1.0e-05)
2068.844 .... 7685 packets received, 7612 bps, 95.15%, Err 171 (1.0e-05)
2070.979 .... 7693 packets received, 7612 bps, 95.15%, Err 172 (1.0e-05)
2073.075 .... 7700 packets received, 7611 bps, 95.14%, Err 172 (1.0e-05)
2075.175 .... 7708 packets received, 7611 bps, 95.14%, Err 172 (1.0e-05)
2077.297 .... 7716 packets received, 7611 bps, 95.14%, Err 172 (1.0e-05)
2080.187 .... 7722 packets received, 7607 bps, 95.08%, Err 174 (1.0e-05)
2082.309 .... 7733 packets received, 7610 bps, 95.12%, Err 174 (1.0e-05)
2084.413 .... 7741 packets received, 7610 bps, 95.12%, Err 174 (1.0e-05)
2086.541 .... 7749 packets received, 7610 bps, 95.13%, Err 174 (1.0e-05)
2088.641 .... 7757 packets received, 7610 bps, 95.13%, Err 174 (1.0e-05)
2090.739 .... 7765 packets received, 7610 bps, 95.13%, Err 174 (1.0e-05)
2092.864 .... 7773 packets received, 7611 bps, 95.13%, Err 174 (1.0e-05)
2094.993 .... 7781 packets received, 7611 bps, 95.13%, Err 174 (1.0e-05)
2097.086 .... 7789 packets received, 7611 bps, 95.14%, Err 174 (1.0e-05)
2099.211 .... 7797 packets received, 7611 bps, 95.14%, Err 175 (1.0e-05)
2101.322 .... 7805 packets received, 7611 bps, 95.14%, Err 175 (1.0e-05)
2103.439 .... 7812 packets received, 7610 bps, 95.13%, Err 176 (1.0e-05)
2105.536 .... 7820 packets received, 7610 bps, 95.13%, Err 176 (1.0e-05)
2107.655 .... 7828 packets received, 7611 bps, 95.13%, Err 176 (1.0e-05)
2109.778 .... 7836 packets received, 7611 bps, 95.13%, Err 176 (1.0e-05)
2111.901 .... 7843 packets received, 7610 bps, 95.12%, Err 177 (1.0e-05)
2114.014 .... 7851 packets received, 7610 bps, 95.12%, Err 177 (1.0e-05)
2116.119 .... 7859 packets received, 7610 bps, 95.13%, Err 177 (1.0e-05)
2118.231 .... 7867 packets received, 7610 bps, 95.13%, Err 177 (1.0e-05)
2120.341 .... 7875 packets received, 7610 bps, 95.13%, Err 177 (1.0e-05)
2122.461 .... 7883 packets received, 7611 bps, 95.13%, Err 177 (1.0e-05)
2124.563 .... 7891 packets received, 7611 bps, 95.13%, Err 177 (1.0e-05)
2126.687 .... 7899 packets received, 7611 bps, 95.14%, Err 177 (1.0e-05)
2128.794 .... 7907 packets received, 7611 bps, 95.14%, Err 177 (1.0e-05)
2130.913 .... 7915 packets received, 7611 bps, 95.14%, Err 177 (1.0e-05)
2133.020 .... 7923 packets received, 7611 bps, 95.14%, Err 177 (1.0e-05)
2135.118 .... 7931 packets received, 7611 bps, 95.14%, Err 177 (1.0e-05)
2137.240 .... 7939 packets received, 7612 bps, 95.14%, Err 177 (1.0e-05)
2139.901 .... 7945 packets received, 7608 bps, 95.10%, Err 178 (1.0e-05)
2141.998 .... 7956 packets received, 7611 bps, 95.14%, Err 178 (1.0e-05)
2144.106 .... 7964 packets received, 7611 bps, 95.14%, Err 178 (1.0e-05)
2146.219 .... 7971 packets received, 7610 bps, 95.13%, Err 179 (1.0e-05)
2148.341 .... 7979 packets received, 7610 bps, 95.13%, Err 179 (1.0e-05)
2150.439 .... 7987 packets received, 7611 bps, 95.13%, Err 179 (1.0e-05)
2152.559 .... 7995 packets received, 7611 bps, 95.13%, Err 179 (1.0e-05)
2154.676 .... 8003 packets received, 7611 bps, 95.14%, Err 179 (1.0e-05)
2156.799 .... 8011 packets received, 7611 bps, 95.14%, Err 179 (1.0e-05)
2158.919 .... 8019 packets received, 7611 bps, 95.14%, Err 179 (1.0e-05)
2161.019 .... 8027 packets received, 7611 bps, 95.14%, Err 179 (1.0e-05)
2163.118 .... 8035 packets received, 7611 bps, 95.14%, Err 179 (1.0e-05)
2165.264 .... 8043 packets received, 7611 bps, 95.14%, Err 180 (1.0e-05)
2167.369 .... 8051 packets received, 7612 bps, 95.14%, Err 180 (1.0e-05)
2169.481 .... 8059 packets received, 7612 bps, 95.15%, Err 180 (1.0e-05)
2171.588 .... 8067 packets received, 7612 bps, 95.15%, Err 180 (1.0e-05)
2173.707 .... 8075 packets received, 7612 bps, 95.15%, Err 181 (1.0e-05)
2175.810 .... 8082 packets received, 7611 bps, 95.14%, Err 181 (1.0e-05)
2177.925 .... 8090 packets received, 7611 bps, 95.14%, Err 181 (1.0e-05)
2180.035 .... 8098 packets received, 7612 bps, 95.14%, Err 181 (1.0e-05)
2182.154 .... 8106 packets received, 7612 bps, 95.15%, Err 181 (1.0e-05)
2184.522 .... 8111 packets received, 7608 bps, 95.10%, Err 182 (1.0e-05)
2186.621 .... 8122 packets received, 7611 bps, 95.14%, Err 182 (1.0e-05)
2189.810 .... 8129 packets received, 7607 bps, 95.08%, Err 184 (1.1e-05)
2192.713 .... 8139 packets received, 7606 bps, 95.07%, Err 185 (1.1e-05)
2194.817 .... 8150 packets received, 7609 bps, 95.11%, Err 185 (1.1e-05)
2196.937 .... 8158 packets received, 7609 bps, 95.11%, Err 186 (1.1e-05)
2199.047 .... 8166 packets received, 7609 bps, 95.11%, Err 186 (1.1e-05)
2201.167 .... 8174 packets received, 7609 bps, 95.11%, Err 186 (1.1e-05)
2203.285 .... 8182 packets received, 7609 bps, 95.12%, Err 187 (1.1e-05)
2205.395 .... 8190 packets received, 7609 bps, 95.12%, Err 187 (1.1e-05)
2207.503 .... 8198 packets received, 7610 bps, 95.12%, Err 187 (1.1e-05)
2210.689 .... 8206 packets received, 7606 bps, 95.08%, Err 188 (1.1e-05)
2212.796 .... 8217 packets received, 7609 bps, 95.11%, Err 188 (1.1e-05)
2214.900 .... 8225 packets received, 7609 bps, 95.11%, Err 188 (1.1e-05)
2217.008 .... 8233 packets received, 7609 bps, 95.12%, Err 188 (1.1e-05)
2219.111 .... 8241 packets received, 7609 bps, 95.12%, Err 188 (1.1e-05)
2221.246 .... 8249 packets received, 7610 bps, 95.12%, Err 188 (1.1e-05)
2223.366 .... 8257 packets received, 7610 bps, 95.12%, Err 188 (1.1e-05)
2225.459 .... 8265 packets received, 7610 bps, 95.12%, Err 188 (1.1e-05)
2227.568 .... 8273 packets received, 7610 bps, 95.12%, Err 188 (1.1e-05)
2229.685 .... 8281 packets received, 7610 bps, 95.13%, Err 188 (1.1e-05)
2231.793 .... 8289 packets received, 7610 bps, 95.13%, Err 188 (1.1e-05)
2233.907 .... 8297 packets received, 7610 bps, 95.13%, Err 188 (1.1e-05)
2236.032 .... 8305 packets received, 7610 bps, 95.13%, Err 188 (1.1e-05)
2238.161 .... 8313 packets received, 7611 bps, 95.13%, Err 188 (1.1e-05)
2240.240 .... 8317 packets received, 7607 bps, 95.09%, Err 189 (1.1e-05)
2242.374 .... 8328 packets received, 7610 bps, 95.12%, Err 189 (1.1e-05)
2244.498 .... 8336 packets received, 7610 bps, 95.13%, Err 189 (1.1e-05)
2246.583 .... 8344 packets received, 7610 bps, 95.13%, Err 189 (1.1e-05)
2248.710 .... 8352 packets received, 7610 bps, 95.13%, Err 189 (1.1e-05)
2250.832 .... 8360 packets received, 7610 bps, 95.13%, Err 189 (1.1e-05)
2252.931 .... 8368 packets received, 7611 bps, 95.13%, Err 189 (1.0e-05)
2255.027 .... 8375 packets received, 7610 bps, 95.12%, Err 190 (1.1e-05)
2257.135 .... 8379 packets received, 7606 bps, 95.08%, Err 191 (1.1e-05)
2259.279 .... 8390 packets received, 7609 bps, 95.12%, Err 191 (1.1e-05)
2261.357 .... 8398 packets received, 7609 bps, 95.12%, Err 191 (1.1e-05)
2263.498 .... 8406 packets received, 7610 bps, 95.12%, Err 191 (1.1e-05)
2265.608 .... 8414 packets received, 7610 bps, 95.12%, Err 191 (1.1e-05)
2267.703 .... 8422 packets received, 7610 bps, 95.12%, Err 191 (1.1e-05)
2269.837 .... 8430 packets received, 7610 bps, 95.12%, Err 191 (1.1e-05)
2271.929 .... 8438 packets received, 7610 bps, 95.13%, Err 191 (1.1e-05)
2274.051 .... 8446 packets received, 7610 bps, 95.13%, Err 191 (1.1e-05)
2276.163 .... 8454 packets received, 7610 bps, 95.13%, Err 191 (1.0e-05)
2278.274 .... 8462 packets received, 7611 bps, 95.13%, Err 191 (1.0e-05)
2280.384 .... 8470 packets received, 7611 bps, 95.13%, Err 191 (1.0e-05)
2282.500 .... 8478 packets received, 7611 bps, 95.13%, Err 191 (1.0e-05)
2284.618 .... 8486 packets received, 7611 bps, 95.14%, Err 191 (1.0e-05)
2286.725 .... 8494 packets received, 7611 bps, 95.14%, Err 191 (1.0e-05)
2288.847 .... 8502 packets received, 7611 bps, 95.14%, Err 191 (1.0e-05)
2290.955 .... 8510 packets received, 7611 bps, 95.14%, Err 191 (1.0e-05)
2293.085 .... 8518 packets received, 7611 bps, 95.14%, Err 191 (1.0e-05)
2295.197 .... 8526 packets received, 7612 bps, 95.14%, Err 191 (1.0e-05)
2297.315 .... 8534 packets received, 7612 bps, 95.15%, Err 191 (1.0e-05)
2299.413 .... 8542 packets received, 7612 bps, 95.15%, Err 191 (1.0e-05)
2301.534 .... 8550 packets received, 7612 bps, 95.15%, Err 191 (1.0e-05)
2303.625 .... 8558 packets received, 7612 bps, 95.15%, Err 191 (1.0e-05)
2305.739 .... 8566 packets received, 7612 bps, 95.15%, Err 191 (1.0e-05)
2307.863 .... 8574 packets received, 7612 bps, 95.15%, Err 191 (1.0e-05)
2309.960 .... 8582 packets received, 7613 bps, 95.16%, Err 191 (1.0e-05)
2312.083 .... 8590 packets received, 7613 bps, 95.16%, Err 191 (1.0e-05)
2314.197 .... 8598 packets received, 7613 bps, 95.16%, Err 191 (1.0e-05)
2316.310 .... 8606 packets received, 7613 bps, 95.16%, Err 191 (1.0e-05)
2318.419 .... 8614 packets received, 7613 bps, 95.16%, Err 191 (1.0e-05)
2320.520 .... 8622 packets received, 7613 bps, 95.16%, Err 191 (1.0e-05)
2322.633 .... 8630 packets received, 7613 bps, 95.17%, Err 191 (1.0e-05)
2324.765 .... 8638 packets received, 7613 bps, 95.17%, Err 191 (1.0e-05)
2326.889 .... 8646 packets received, 7613 bps, 95.17%, Err 191 (1.0e-05)
2328.994 .... 8654 packets received, 7614 bps, 95.17%, Err 191 (1.0e-05)
2331.103 .... 8662 packets received, 7614 bps, 95.17%, Err 191 (1.0e-05)
2333.204 .... 8670 packets received, 7614 bps, 95.17%, Err 191 (1.0e-05)
2335.337 .... 8678 packets received, 7614 bps, 95.17%, Err 191 (1.0e-05)
2337.437 .... 8686 packets received, 7614 bps, 95.18%, Err 191 (1.0e-05)
2339.563 .... 8694 packets received, 7614 bps, 95.18%, Err 191 (1.0e-05)
2341.663 .... 8702 packets received, 7614 bps, 95.18%, Err 191 (1.0e-05)
2343.796 .... 8710 packets received, 7614 bps, 95.18%, Err 191 (1.0e-05)
2345.910 .... 8718 packets received, 7615 bps, 95.18%, Err 191 (1.0e-05)
2348.022 .... 8726 packets received, 7615 bps, 95.18%, Err 191 (1.0e-05)
2350.134 .... 8734 packets received, 7615 bps, 95.19%, Err 191 (1.0e-05)
2352.227 .... 8742 packets received, 7615 bps, 95.19%, Err 191 (1.0e-05)
2354.338 .... 8750 packets received, 7615 bps, 95.19%, Err 191 (1.0e-05)
2356.457 .... 8758 packets received, 7615 bps, 95.19%, Err 191 (1.0e-05)
2358.581 .... 8766 packets received, 7615 bps, 95.19%, Err 191 (1.0e-05)
2360.674 .... 8774 packets received, 7616 bps, 95.19%, Err 191 (1.0e-05)
2362.802 .... 8782 packets received, 7616 bps, 95.20%, Err 191 (1.0e-05)
2364.905 .... 8790 packets received, 7616 bps, 95.20%, Err 191 (1.0e-05)
2367.016 .... 8798 packets received, 7616 bps, 95.20%, Err 191 (1.0e-05)
2369.143 .... 8806 packets received, 7616 bps, 95.20%, Err 191 (1.0e-05)
2371.266 .... 8814 packets received, 7616 bps, 95.20%, Err 191 (1.0e-05)
2373.362 .... 8822 packets received, 7616 bps, 95.20%, Err 191 (1.0e-05)
2376.563 .... 8830 packets received, 7613 bps, 95.16%, Err 192 (1.0e-05)
2378.661 .... 8841 packets received, 7616 bps, 95.20%, Err 192 (1.0e-05)
2380.772 .... 8849 packets received, 7616 bps, 95.20%, Err 192 (1.0e-05)
2382.889 .... 8857 packets received, 7616 bps, 95.20%, Err 192 (1.0e-05)
2385.014 .... 8865 packets received, 7616 bps, 95.20%, Err 192 (1.0e-05)
2387.136 .... 8873 packets received, 7616 bps, 95.20%, Err 192 (1.0e-05)
2389.241 .... 8881 packets received, 7616 bps, 95.20%, Err 192 (1.0e-05)
2391.352 .... 8889 packets received, 7616 bps, 95.20%, Err 192 (1.0e-05)
2393.461 .... 8897 packets received, 7616 bps, 95.21%, Err 192 (1.0e-05)
2395.580 .... 8905 packets received, 7617 bps, 95.21%, Err 192 (1.0e-05)
2397.693 .... 8913 packets received, 7617 bps, 95.21%, Err 192 (1.0e-05)
2399.800 .... 8921 packets received, 7617 bps, 95.21%, Err 192 (1.0e-05)
2402.451 .... 8927 packets received, 7614 bps, 95.17%, Err 193 (1.0e-05)
2404.564 .... 8938 packets received, 7616 bps, 95.20%, Err 193 (1.0e-05)
2406.659 .... 8946 packets received, 7616 bps, 95.21%, Err 193 (1.0e-05)
2408.795 .... 8954 packets received, 7616 bps, 95.21%, Err 193 (1.0e-05)
2410.902 .... 8962 packets received, 7617 bps, 95.21%, Err 193 (1.0e-05)
2413.015 .... 8970 packets received, 7617 bps, 95.21%, Err 193 (1.0e-05)
2415.119 .... 8978 packets received, 7617 bps, 95.21%, Err 193 (1.0e-05)
2417.229 .... 8985 packets received, 7616 bps, 95.20%, Err 194 (1.0e-05)
2419.347 .... 8993 packets received, 7616 bps, 95.20%, Err 194 (1.0e-05)
2421.435 .... 9000 packets received, 7616 bps, 95.20%, Err 195 (1.0e-05)
2423.560 .... 9008 packets received, 7616 bps, 95.20%, Err 195 (1.0e-05)
2425.670 .... 9016 packets received, 7616 bps, 95.20%, Err 195 (1.0e-05)
2427.786 .... 9023 packets received, 7615 bps, 95.19%, Err 196 (1.0e-05)
2429.902 .... 9031 packets received, 7615 bps, 95.19%, Err 196 (1.0e-05)
2432.013 .... 9039 packets received, 7615 bps, 95.19%, Err 196 (1.0e-05)
2434.115 .... 9047 packets received, 7615 bps, 95.19%, Err 196 (1.0e-05)
2436.242 .... 9055 packets received, 7616 bps, 95.19%, Err 196 (1.0e-05)
2438.879 .... 9061 packets received, 7612 bps, 95.15%, Err 197 (1.0e-05)
2441.008 .... 9072 packets received, 7615 bps, 95.19%, Err 197 (1.0e-05)
2443.112 .... 9080 packets received, 7615 bps, 95.19%, Err 197 (1.0e-05)
2445.222 .... 9088 packets received, 7615 bps, 95.19%, Err 197 (1.0e-05)
2447.352 .... 9096 packets received, 7615 bps, 95.19%, Err 197 (1.0e-05)
2449.445 .... 9104 packets received, 7615 bps, 95.19%, Err 197 (1.0e-05)
2451.573 .... 9112 packets received, 7616 bps, 95.19%, Err 197 (1.0e-05)
2453.668 .... 9120 packets received, 7616 bps, 95.20%, Err 197 (1.0e-05)
2455.791 .... 9128 packets received, 7616 bps, 95.20%, Err 197 (1.0e-05)
2458.703 .... 9135 packets received, 7613 bps, 95.16%, Err 198 (1.0e-05)
2460.827 .... 9146 packets received, 7615 bps, 95.19%, Err 198 (1.0e-05)
2462.933 .... 9154 packets received, 7615 bps, 95.19%, Err 198 (1.0e-05)
2465.025 .... 9162 packets received