000.000 =============================================================
000.000                     Station A                               
000.000 -------------------------------------------------------------
000.000 Protocol.lib, version 4.0, jiangyanjun0718@bupt.edu.cn
000.000 Channel: 8000 bps, 270 ms propagation delay, bit error rate 1.0E-05
000.000 Log file "3800.log", TCP port 59144, debug mask 0x07
000.000 Station A is waiting for station B on TCP port 59144 ... Done.
000.054 New epoch: Wed May  5 15:22:24 2021
000.054 =================================================================
000.054 
000.054 Designed by Jiang Yanjun, build: May  5 2021  15:22:09
000.054 进入了网络层准备好、
000.054 Send DATA 0 31, ID 0
000.308 进入了物理层准备好、
000.308 进入了网络层准备好、
000.308 Send DATA 1 31, ID 0
000.560 进入了物理层准备好、
000.560 进入了网络层准备好、
000.560 Send DATA 2 31, ID 0
000.608 接收到了帧、
000.608 Recv DATA 0 31, ID 20000  frame_expect is 0
000.608 启动了ACK计时器
000.828 进入了物理层准备好、
000.828 进入了网络层准备好、
000.828 Send DATA 3 0, ID 0
000.860 接收到了帧、
000.860 Recv DATA 1 31, ID 20001  frame_expect is 1
000.860 启动了ACK计时器
001.097 进入了物理层准备好、
001.097 进入了网络层准备好、
001.097 Send DATA 4 1, ID 0
001.129 接收到了帧、
001.129 Recv DATA 2 31, ID 20002  frame_expect is 2
001.129 启动了ACK计时器
001.352 进入了物理层准备好、
001.352 进入了网络层准备好、
001.352 Send DATA 5 2, ID 0
001.398 接收到了帧、
001.398 Recv DATA 3 0, ID 20003  frame_expect is 3
001.398 启动了ACK计时器
001.398 确认了0 帧
001.622 进入了物理层准备好、
001.622 进入了网络层准备好、
001.622 Send DATA 6 3, ID 0
001.669 接收到了帧、
001.669 Recv DATA 4 1, ID 20004  frame_expect is 4
001.669 启动了ACK计时器
001.669 确认了1 帧
001.890 进入了物理层准备好、
001.890 进入了网络层准备好、
001.890 Send DATA 7 4, ID 0
001.921 接收到了帧、
001.921 Recv DATA 5 2, ID 20005  frame_expect is 5
001.921 启动了ACK计时器
001.921 确认了2 帧
002.142 进入了物理层准备好、
002.142 进入了网络层准备好、
002.142 Send DATA 8 5, ID 0
002.189 接收到了帧、
002.189 Recv DATA 6 3, ID 20006  frame_expect is 6
002.189 启动了ACK计时器
002.189 确认了3 帧
002.410 进入了物理层准备好、
002.410 进入了网络层准备好、
002.411 Send DATA 9 6, ID 0
002.457 接收到了帧、
002.457 Recv DATA 7 4, ID 20007  frame_expect is 7
002.457 启动了ACK计时器
002.457 .... 8 packets received, 7739 bps, 96.74%, Err 0 (0.0e+00)
002.457 确认了4 帧
002.681 进入了物理层准备好、
002.681 进入了网络层准备好、
002.681 Send DATA 10 7, ID 0
002.712 接收到了帧、
002.712 Recv DATA 8 5, ID 20008  frame_expect is 8
002.712 启动了ACK计时器
002.712 确认了5 帧
002.949 进入了物理层准备好、
002.949 进入了网络层准备好、
002.949 Send DATA 11 8, ID 0
002.980 接收到了帧、
002.980 Recv DATA 9 6, ID 20009  frame_expect is 9
002.980 启动了ACK计时器
002.980 确认了6 帧
003.201 进入了物理层准备好、
003.201 进入了网络层准备好、
003.201 Send DATA 12 9, ID 0
003.248 接收到了帧、
003.248 Recv DATA 10 7, ID 20010  frame_expect is 10
003.248 启动了ACK计时器
003.248 确认了7 帧
003.470 进入了物理层准备好、
003.470 进入了网络层准备好、
003.470 Send DATA 13 10, ID 0
003.502 接收到了帧、
003.502 Recv DATA 11 8, ID 20011  frame_expect is 11
003.502 启动了ACK计时器
003.502 确认了8 帧
003.739 进入了物理层准备好、
003.739 进入了网络层准备好、
003.739 Send DATA 14 11, ID 0
003.771 接收到了帧、
003.771 Recv DATA 12 9, ID 20012  frame_expect is 12
003.771 启动了ACK计时器
003.771 确认了9 帧
004.005 进入了物理层准备好、
004.005 进入了网络层准备好、
004.005 Send DATA 15 12, ID 0
004.036 接收到了帧、
004.037 Recv DATA 13 10, ID 20013  frame_expect is 13
004.037 启动了ACK计时器
004.037 确认了10 帧
004.257 进入了物理层准备好、
004.257 进入了网络层准备好、
004.257 Send DATA 16 13, ID 0
004.305 接收到了帧、
004.305 Recv DATA 14 11, ID 20014  frame_expect is 14
004.305 启动了ACK计时器
004.305 确认了11 帧
004.527 进入了物理层准备好、
004.527 进入了网络层准备好、
004.527 Send DATA 17 14, ID 0
004.559 接收到了帧、
004.559 Recv DATA 15 12, ID 20015  frame_expect is 15
004.559 启动了ACK计时器
004.559 .... 16 packets received, 7767 bps, 97.08%, Err 0 (0.0e+00)
004.559 确认了12 帧
004.783 进入了物理层准备好、
004.783 进入了网络层准备好、
004.783 Send DATA 18 15, ID 0
004.830 接收到了帧、
004.830 Recv DATA 16 13, ID 20016  frame_expect is 16
004.830 启动了ACK计时器
004.830 确认了13 帧
004.830 Impose noise on received data, 1/38104=2.6E-05
005.052 进入了物理层准备好、
005.052 进入了网络层准备好、
005.052 Send DATA 19 16, ID 0
005.100 接收到了帧、
005.100 Recv DATA 17 14, ID 20017  frame_expect is 17
005.100 启动了ACK计时器
005.100 确认了14 帧
005.322 进入了物理层准备好、
005.323 进入了网络层准备好、
005.323 Send DATA 20 17, ID 0
005.369 接收到了帧、
005.369 CRC 校验出错！
005.369 Send NAK 0 17, ID 0
005.591 进入了物理层准备好、
005.591 进入了网络层准备好、
005.591 Send DATA 21 17, ID 0
005.622 接收到了帧、
005.622 Recv DATA 19 16, ID 20019  frame_expect is 18
005.622 启动了ACK计时器
005.622 确认了15 帧
005.622 确认了0 帧
005.638 接收到了帧、
005.638 Send DATA 17 17, ID 0
005.891 接收到了帧、
005.892 Recv DATA 20 16, ID 20020  frame_expect is 18
005.892 启动了ACK计时器
006.109 进入了物理层准备好、
006.109 进入了网络层准备好、
006.109 Send DATA 22 17, ID 0
006.140 接收到了帧、
006.140 Recv DATA 21 16, ID 20021  frame_expect is 18
006.140 启动了ACK计时器
006.381 进入了物理层准备好、
006.381 进入了网络层准备好、
006.381 Send DATA 23 17, ID 0
006.428 接收到了帧、
006.428 Recv DATA 22 16, ID 20022  frame_expect is 18
006.428 启动了ACK计时器
006.650 进入了物理层准备好、
006.650 进入了网络层准备好、
006.651 Send DATA 24 17, ID 0
006.682 接收到了帧、
006.682 Recv DATA 18 16, ID 20018  frame_expect is 18
006.682 启动了ACK计时器
006.682 .... 19 packets received, 6136 bps, 76.70%, Err 1 (1.9e-05)
006.904 进入了物理层准备好、
006.904 进入了网络层准备好、
006.904 Send DATA 25 22, ID 0
006.950 接收到了帧、
006.951 Recv DATA 23 16, ID 20023  frame_expect is 23
006.951 启动了ACK计时器
007.171 进入了物理层准备好、
007.171 进入了网络层准备好、
007.171 Send DATA 26 23, ID 0
007.219 接收到了帧、
007.219 Recv DATA 24 21, ID 20024  frame_expect is 24
007.219 启动了ACK计时器
007.219 确认了1 帧
007.219 确认了2 帧
007.219 确认了3 帧
007.219 确认了4 帧
007.219 确认了5 帧
007.439 进入了物理层准备好、
007.439 进入了网络层准备好、
007.439 Send DATA 27 24, ID 0
007.471 接收到了帧、
007.471 Recv DATA 25 22, ID 20025  frame_expect is 25
007.471 启动了ACK计时器
007.471 确认了6 帧
007.695 进入了物理层准备好、
007.695 进入了网络层准备好、
007.695 Send DATA 28 25, ID 0
007.743 接收到了帧、
007.743 Recv DATA 26 23, ID 20026  frame_expect is 26
007.743 启动了ACK计时器
007.743 确认了7 帧
007.966 进入了物理层准备好、
007.966 进入了网络层准备好、
007.966 Send DATA 29 26, ID 0
008.013 接收到了帧、
008.013 Recv DATA 27 24, ID 20027  frame_expect is 27
008.013 启动了ACK计时器
008.013 确认了8 帧
008.234 进入了物理层准备好、
008.234 进入了网络层准备好、
008.234 Send DATA 30 27, ID 0
008.250 接收到了帧、
008.250 Recv DATA 28 25, ID 20028  frame_expect is 28
008.250 启动了ACK计时器
008.250 确认了9 帧
008.486 进入了物理层准备好、
008.486 进入了网络层准备好、
008.486 Send DATA 31 28, ID 0
008.518 接收到了帧、
008.518 Recv DATA 29 26, ID 20029  frame_expect is 29
008.518 启动了ACK计时器
008.518 确认了10 帧
008.753 进入了物理层准备好、
008.753 进入了网络层准备好、
008.753 Send DATA 0 29, ID 0
008.784 接收到了帧、
008.784 Recv DATA 30 27, ID 20030  frame_expect is 30
008.784 启动了ACK计时器
008.785 .... 31 packets received, 7519 bps, 93.98%, Err 1 (1.4e-05)
008.785 确认了11 帧
009.020 进入了物理层准备好、
009.020 进入了网络层准备好、
009.021 Send DATA 1 30, ID 0
009.052 接收到了帧、
009.052 Recv DATA 31 28, ID 20031  frame_expect is 31
009.052 启动了ACK计时器
009.052 确认了12 帧
009.288 进入了物理层准备好、
009.288 进入了网络层准备好、
009.288 Send DATA 2 31, ID 0
009.319 接收到了帧、
009.319 Recv DATA 0 29, ID 20032  frame_expect is 0
009.319 启动了ACK计时器
009.319 确认了13 帧
009.541 进入了物理层准备好、
009.541 进入了网络层准备好、
009.541 Send DATA 3 0, ID 0
009.573 接收到了帧、
009.573 Recv DATA 1 30, ID 20033  frame_expect is 1
009.573 启动了ACK计时器
009.573 确认了14 帧
009.808 进入了物理层准备好、
009.808 进入了网络层准备好、
009.808 Send DATA 4 1, ID 0
009.839 接收到了帧、
009.839 Recv DATA 2 31, ID 20034  frame_expect is 2
009.839 启动了ACK计时器
009.839 确认了15 帧
010.077 进入了物理层准备好、
010.077 进入了网络层准备好、
010.077 Send DATA 5 2, ID 0
010.109 接收到了帧、
010.109 Recv DATA 3 0, ID 20035  frame_expect is 3
010.109 启动了ACK计时器
010.109 确认了0 帧
010.346 进入了物理层准备好、
010.347 进入了网络层准备好、
010.347 Send DATA 6 3, ID 0
010.378 接收到了帧、
010.378 Recv DATA 4 1, ID 20036  frame_expect is 4
010.378 启动了ACK计时器
010.378 确认了1 帧
010.602 进入了物理层准备好、
010.602 进入了网络层准备好、
010.602 Send DATA 7 4, ID 0
010.649 接收到了帧、
010.649 Recv DATA 5 2, ID 20037  frame_expect is 5
010.649 启动了ACK计时器
010.649 确认了2 帧
010.870 进入了物理层准备好、
010.870 进入了网络层准备好、
010.870 Send DATA 8 5, ID 0
010.917 接收到了帧、
010.917 Recv DATA 6 3, ID 20038  frame_expect is 6
010.917 启动了ACK计时器
010.917 .... 39 packets received, 7551 bps, 94.39%, Err 1 (1.2e-05)
010.917 确认了3 帧
011.139 进入了物理层准备好、
011.140 进入了网络层准备好、
011.140 Send DATA 9 6, ID 0
011.171 接收到了帧、
011.172 Recv DATA 7 4, ID 20039  frame_expect is 7
011.172 启动了ACK计时器
011.172 确认了4 帧
011.394 进入了物理层准备好、
011.394 进入了网络层准备好、
011.394 Send DATA 10 7, ID 0
011.441 接收到了帧、
011.441 Recv DATA 8 5, ID 20040  frame_expect is 8
011.441 启动了ACK计时器
011.442 确认了5 帧
011.661 进入了物理层准备好、
011.661 进入了网络层准备好、
011.661 Send DATA 11 8, ID 0
011.707 接收到了帧、
011.707 Recv DATA 9 6, ID 20041  frame_expect is 9
011.707 启动了ACK计时器
011.707 确认了6 帧
011.930 进入了物理层准备好、
011.930 进入了网络层准备好、
011.930 Send DATA 12 9, ID 0
011.961 接收到了帧、
011.961 Recv DATA 10 7, ID 20042  frame_expect is 10
011.961 启动了ACK计时器
011.961 确认了7 帧
012.181 进入了物理层准备好、
012.181 进入了网络层准备好、
012.181 Send DATA 13 10, ID 0
012.212 接收到了帧、
012.213 Recv DATA 11 8, ID 20043  frame_expect is 11
012.213 启动了ACK计时器
012.213 确认了8 帧
012.449 进入了物理层准备好、
012.449 进入了网络层准备好、
012.449 Send DATA 14 11, ID 0
012.481 接收到了帧、
012.481 Recv DATA 12 9, ID 20044  frame_expect is 12
012.481 启动了ACK计时器
012.481 确认了9 帧
012.720 进入了物理层准备好、
012.720 进入了网络层准备好、
012.720 Send DATA 15 12, ID 0
012.767 接收到了帧、
012.767 Recv DATA 13 10, ID 20045  frame_expect is 13
012.767 启动了ACK计时器
012.767 确认了10 帧
012.974 进入了物理层准备好、
012.974 进入了网络层准备好、
012.974 Send DATA 16 13, ID 0
013.021 接收到了帧、
013.021 Recv DATA 14 11, ID 20046  frame_expect is 14
013.021 启动了ACK计时器
013.021 .... 47 packets received, 7591 bps, 94.88%, Err 1 (9.7e-06)
013.021 确认了11 帧
013.245 进入了物理层准备好、
013.245 进入了网络层准备好、
013.245 Send DATA 17 14, ID 0
013.292 接收到了帧、
013.292 Recv DATA 15 12, ID 20047  frame_expect is 15
013.292 启动了ACK计时器
013.292 确认了12 帧
013.515 进入了物理层准备好、
013.515 进入了网络层准备好、
013.515 Send DATA 18 15, ID 0
013.547 接收到了帧、
013.547 Recv DATA 16 13, ID 20048  frame_expect is 16
013.547 启动了ACK计时器
013.547 确认了13 帧
013.766 进入了物理层准备好、
013.767 进入了网络层准备好、
013.767 Send DATA 19 16, ID 0
013.814 接收到了帧、
013.814 Recv DATA 17 14, ID 20049  frame_expect is 17
013.814 启动了ACK计时器
013.814 确认了14 帧
014.034 进入了物理层准备好、
014.034 进入了网络层准备好、
014.034 Send DATA 20 17, ID 0
014.081 接收到了帧、
014.081 Recv DATA 18 15, ID 20050  frame_expect is 18
014.081 启动了ACK计时器
014.081 确认了15 帧
014.304 进入了物理层准备好、
014.304 进入了网络层准备好、
014.304 Send DATA 21 18, ID 0
014.336 接收到了帧、
014.336 Recv DATA 19 16, ID 20051  frame_expect is 19
014.336 启动了ACK计时器
014.336 确认了0 帧
014.559 进入了物理层准备好、
014.559 进入了网络层准备好、
014.559 Send DATA 22 19, ID 0
014.606 接收到了帧、
014.606 Recv DATA 20 17, ID 20052  frame_expect is 20
014.606 启动了ACK计时器
014.606 确认了1 帧
014.828 进入了物理层准备好、
014.828 进入了网络层准备好、
014.828 Send DATA 23 20, ID 0
014.876 接收到了帧、
014.876 Recv DATA 21 18, ID 20053  frame_expect is 21
014.876 启动了ACK计时器
014.876 确认了2 帧
015.097 进入了物理层准备好、
015.097 进入了网络层准备好、
015.097 Send DATA 24 21, ID 0
015.129 接收到了帧、
015.129 Recv DATA 22 19, ID 20054  frame_expect is 22
015.129 启动了ACK计时器
015.129 .... 55 packets received, 7616 bps, 95.21%, Err 1 (8.3e-06)
015.129 确认了3 帧
015.353 进入了物理层准备好、
015.354 进入了网络层准备好、
015.354 Send DATA 25 22, ID 0
015.401 接收到了帧、
015.401 Recv DATA 23 20, ID 20055  frame_expect is 23
015.401 启动了ACK计时器
015.401 确认了4 帧
015.621 进入了物理层准备好、
015.621 进入了网络层准备好、
015.621 Send DATA 26 23, ID 0
015.653 接收到了帧、
015.653 Recv DATA 24 21, ID 20056  frame_expect is 24
015.653 启动了ACK计时器
015.653 确认了5 帧
015.892 进入了物理层准备好、
015.892 进入了网络层准备好、
015.892 Send DATA 27 24, ID 0
015.923 接收到了帧、
015.923 Recv DATA 25 22, ID 20057  frame_expect is 25
015.923 启动了ACK计时器
015.923 确认了6 帧
016.146 进入了物理层准备好、
016.146 进入了网络层准备好、
016.146 Send DATA 28 25, ID 0
016.193 接收到了帧、
016.193 Recv DATA 26 23, ID 20058  frame_expect is 26
016.193 启动了ACK计时器
016.194 确认了7 帧
016.415 进入了物理层准备好、
016.415 进入了网络层准备好、
016.415 Send DATA 29 26, ID 0
016.461 接收到了帧、
016.461 Recv DATA 27 24, ID 20059  frame_expect is 27
016.461 启动了ACK计时器
016.461 确认了8 帧
016.669 进入了物理层准备好、
016.669 进入了网络层准备好、
016.669 Send DATA 30 27, ID 0
016.717 接收到了帧、
016.717 Recv DATA 28 25, ID 20060  frame_expect is 28
016.717 启动了ACK计时器
016.717 确认了9 帧
016.940 进入了物理层准备好、
016.940 进入了网络层准备好、
016.940 Send DATA 31 28, ID 0
016.988 接收到了帧、
016.988 Recv DATA 29 26, ID 20061  frame_expect is 29
016.988 启动了ACK计时器
016.988 确认了10 帧
017.209 进入了物理层准备好、
017.209 进入了网络层准备好、
017.209 Send DATA 0 29, ID 0
017.240 接收到了帧、
017.240 Recv DATA 30 27, ID 20062  frame_expect is 30
017.240 启动了ACK计时器
017.240 .... 63 packets received, 7635 bps, 95.43%, Err 1 (7.3e-06)
017.240 确认了11 帧
017.462 进入了物理层准备好、
017.462 进入了网络层准备好、
017.462 Send DATA 1 30, ID 0
017.509 接收到了帧、
017.509 Recv DATA 31 28, ID 20063  frame_expect is 31
017.509 启动了ACK计时器
017.509 确认了12 帧
017.732 进入了物理层准备好、
017.732 进入了网络层准备好、
017.732 Send DATA 2 31, ID 0
017.780 接收到了帧、
017.780 Recv DATA 0 29, ID 20064  frame_expect is 0
017.780 启动了ACK计时器
017.780 确认了13 帧
018.003 进入了物理层准备好、
018.003 进入了网络层准备好、
018.003 Send DATA 3 0, ID 0
018.051 接收到了帧、
018.051 Recv DATA 1 30, ID 20065  frame_expect is 1
018.051 启动了ACK计时器
018.051 确认了14 帧
018.257 进入了物理层准备好、
018.257 进入了网络层准备好、
018.258 Send DATA 4 1, ID 0
018.306 接收到了帧、
018.306 Recv DATA 2 31, ID 20066  frame_expect is 2
018.306 启动了ACK计时器
018.306 确认了15 帧
018.528 进入了物理层准备好、
018.528 进入了网络层准备好、
018.528 Send DATA 5 2, ID 0
018.576 接收到了帧、
018.576 Recv DATA 3 0, ID 20067  frame_expect is 3
018.576 启动了ACK计时器
018.576 确认了0 帧
018.782 进入了物理层准备好、
018.782 进入了网络层准备好、
018.782 Send DATA 6 3, ID 0
018.829 接收到了帧、
018.829 Recv DATA 4 1, ID 20068  frame_expect is 4
018.829 启动了ACK计时器
018.829 确认了1 帧
019.049 进入了物理层准备好、
019.049 进入了网络层准备好、
019.049 Send DATA 7 4, ID 0
019.097 接收到了帧、
019.097 Recv DATA 5 2, ID 20069  frame_expect is 5
019.097 启动了ACK计时器
019.097 确认了2 帧
019.318 进入了物理层准备好、
019.318 进入了网络层准备好、
019.318 Send DATA 8 5, ID 0
019.366 接收到了帧、
019.366 Recv DATA 6 3, ID 20070  frame_expect is 6
019.366 启动了ACK计时器
019.366 .... 71 packets received, 7643 bps, 95.53%, Err 1 (6.5e-06)
019.366 确认了3 帧
019.573 进入了物理层准备好、
019.573 进入了网络层准备好、
019.573 Send DATA 9 6, ID 0
019.605 接收到了帧、
019.605 Recv DATA 7 4, ID 20071  frame_expect is 7
019.605 启动了ACK计时器
019.605 确认了4 帧
019.844 进入了物理层准备好、
019.844 进入了网络层准备好、
019.844 Send DATA 10 7, ID 0
019.875 接收到了帧、
019.875 Recv DATA 8 5, ID 20072  frame_expect is 8
019.875 启动了ACK计时器
019.875 确认了5 帧
020.114 进入了物理层准备好、
020.114 进入了网络层准备好、
020.114 Send DATA 11 8, ID 0
020.145 接收到了帧、
020.145 Recv DATA 9 6, ID 20073  frame_expect is 9
020.145 启动了ACK计时器
020.145 确认了6 帧
020.368 进入了物理层准备好、
020.368 进入了网络层准备好、
020.368 Send DATA 12 9, ID 0
020.433 接收到了帧、
020.433 Recv DATA 10 7, ID 20074  frame_expect is 10
020.434 启动了ACK计时器
020.434 确认了7 帧
020.640 进入了物理层准备好、
020.640 进入了网络层准备好、
020.640 Send DATA 13 10, ID 0
020.671 接收到了帧、
020.671 Recv DATA 11 8, ID 20075  frame_expect is 11
020.671 启动了ACK计时器
020.671 确认了8 帧
020.894 进入了物理层准备好、
020.894 进入了网络层准备好、
020.894 Send DATA 14 11, ID 0
020.941 接收到了帧、
020.941 Recv DATA 12 9, ID 20076  frame_expect is 12
020.941 启动了ACK计时器
020.941 确认了9 帧
021.162 进入了物理层准备好、
021.162 进入了网络层准备好、
021.162 Send DATA 15 12, ID 0
021.209 接收到了帧、
021.209 Recv DATA 13 10, ID 20077  frame_expect is 13
021.209 启动了ACK计时器
021.209 确认了10 帧
021.432 进入了物理层准备好、
021.432 进入了网络层准备好、
021.432 Send DATA 16 13, ID 0
021.464 接收到了帧、
021.464 Recv DATA 14 11, ID 20078  frame_expect is 14
021.464 启动了ACK计时器
021.464 .... 79 packets received, 7659 bps, 95.74%, Err 1 (5.8e-06)
021.464 确认了11 帧
021.687 进入了物理层准备好、
021.687 进入了网络层准备好、
021.687 Send DATA 17 14, ID 0
021.734 接收到了帧、
021.734 Recv DATA 15 12, ID 20079  frame_expect is 15
021.734 启动了ACK计时器
021.734 确认了12 帧
021.954 进入了物理层准备好、
021.954 进入了网络层准备好、
021.954 Send DATA 18 15, ID 0
022.002 接收到了帧、
022.002 Recv DATA 16 13, ID 20080  frame_expect is 16
022.002 启动了ACK计时器
022.002 确认了13 帧
022.225 进入了物理层准备好、
022.225 进入了网络层准备好、
022.226 Send DATA 19 16, ID 0
022.256 接收到了帧、
022.256 Recv DATA 17 14, ID 20081  frame_expect is 17
022.256 启动了ACK计时器
022.256 确认了14 帧
022.478 进入了物理层准备好、
022.478 进入了网络层准备好、
022.478 Send DATA 20 17, ID 0
022.525 接收到了帧、
022.525 Recv DATA 18 15, ID 20082  frame_expect is 18
022.526 启动了ACK计时器
022.526 确认了15 帧
022.748 进入了物理层准备好、
022.748 进入了网络层准备好、
022.748 Send DATA 21 18, ID 0
022.795 接收到了帧、
022.795 Recv DATA 19 16, ID 20083  frame_expect is 19
022.795 启动了ACK计时器
022.795 确认了0 帧
023.016 进入了物理层准备好、
023.016 进入了网络层准备好、
023.016 Send DATA 22 19, ID 0
023.047 接收到了帧、
023.047 Recv DATA 20 17, ID 20084  frame_expect is 20
023.047 启动了ACK计时器
023.047 确认了1 帧
023.269 进入了物理层准备好、
023.269 进入了网络层准备好、
023.269 Send DATA 23 20, ID 0
023.317 接收到了帧、
023.317 Recv DATA 21 18, ID 20085  frame_expect is 21
023.317 启动了ACK计时器
023.317 确认了2 帧
023.537 进入了物理层准备好、
023.537 进入了网络层准备好、
023.537 Send DATA 24 21, ID 0
023.584 接收到了帧、
023.585 Recv DATA 22 19, ID 20086  frame_expect is 22
023.585 启动了ACK计时器
023.585 .... 87 packets received, 7665 bps, 95.82%, Err 1 (5.3e-06)
023.585 确认了3 帧
023.805 进入了物理层准备好、
023.805 进入了网络层准备好、
023.805 Send DATA 25 22, ID 0
023.837 接收到了帧、
023.837 Recv DATA 23 20, ID 20087  frame_expect is 23
023.837 启动了ACK计时器
023.837 确认了4 帧
024.075 进入了物理层准备好、
024.075 进入了网络层准备好、
024.075 Send DATA 26 23, ID 0
024.106 接收到了帧、
024.106 Recv DATA 24 21, ID 20088  frame_expect is 24
024.106 启动了ACK计时器
024.106 确认了5 帧
024.122 接收到了帧、
024.122 Send DATA 22 24, ID 0
024.377 接收到了帧、
024.377 Recv DATA 25 21, ID 20089  frame_expect is 25
024.377 启动了ACK计时器
024.598 进入了物理层准备好、
024.598 进入了网络层准备好、
024.598 Send DATA 27 25, ID 0
024.645 接收到了帧、
024.645 Recv DATA 26 21, ID 20090  frame_expect is 26
024.645 启动了ACK计时器
024.867 进入了物理层准备好、
024.867 进入了网络层准备好、
024.867 Send DATA 28 26, ID 0
024.899 接收到了帧、
024.899 Recv DATA 27 21, ID 20091  frame_expect is 27
024.899 启动了ACK计时器
025.123 进入了物理层准备好、
025.123 进入了网络层准备好、
025.123 Send DATA 29 27, ID 0
025.171 接收到了帧、
025.171 Recv DATA 28 21, ID 20092  frame_expect is 28
025.171 启动了ACK计时器
025.394 进入了物理层准备好、
025.394 进入了网络层准备好、
025.394 Send DATA 30 28, ID 0
025.442 接收到了帧、
025.442 Recv DATA 29 21, ID 20093  frame_expect is 29
025.442 启动了ACK计时器
025.648 进入了物理层准备好、
025.648 进入了网络层准备好、
025.648 Send DATA 31 29, ID 0
025.696 接收到了帧、
025.696 Recv DATA 30 26, ID 20094  frame_expect is 30
025.696 启动了ACK计时器
025.696 .... 95 packets received, 7673 bps, 95.91%, Err 1 (4.9e-06)
025.696 确认了6 帧
025.696 确认了7 帧
025.696 确认了8 帧
025.696 确认了9 帧
025.696 确认了10 帧
025.919 进入了物理层准备好、
025.919 进入了网络层准备好、
025.919 Send DATA 0 30, ID 0
025.966 接收到了帧、
025.966 Recv DATA 31 27, ID 20095  frame_expect is 31
025.966 启动了ACK计时器
025.966 确认了11 帧
026.188 进入了物理层准备好、
026.188 进入了网络层准备好、
026.188 Send DATA 1 31, ID 0
026.220 接收到了帧、
026.220 Recv DATA 0 28, ID 20096  frame_expect is 0
026.220 启动了ACK计时器
026.220 确认了12 帧
026.442 进入了物理层准备好、
026.442 进入了网络层准备好、
026.442 Send DATA 2 0, ID 0
026.490 接收到了帧、
026.490 Recv DATA 1 29, ID 20097  frame_expect is 1
026.490 启动了ACK计时器
026.490 确认了13 帧
026.711 进入了物理层准备好、
026.711 进入了网络层准备好、
026.711 Send DATA 3 1, ID 0
026.758 接收到了帧、
026.758 Recv DATA 2 30, ID 20098  frame_expect is 2
026.758 启动了ACK计时器
026.758 确认了14 帧
026.980 进入了物理层准备好、
026.980 进入了网络层准备好、
026.980 Send DATA 4 2, ID 0
027.012 接收到了帧、
027.012 Recv DATA 3 31, ID 20099  frame_expect is 3
027.012 启动了ACK计时器
027.012 确认了15 帧
027.234 进入了物理层准备好、
027.234 进入了网络层准备好、
027.234 Send DATA 5 3, ID 0
027.280 接收到了帧、
027.280 Recv DATA 4 0, ID 20100  frame_expect is 4
027.280 启动了ACK计时器
027.280 确认了0 帧
027.502 进入了物理层准备好、
027.502 进入了网络层准备好、
027.502 Send DATA 6 4, ID 0
027.548 接收到了帧、
027.548 Recv DATA 5 1, ID 20101  frame_expect is 5
027.548 启动了ACK计时器
027.548 确认了1 帧
027.766 进入了物理层准备好、
027.766 进入了网络层准备好、
027.766 Send DATA 7 5, ID 0
027.798 接收到了帧、
027.798 Recv DATA 6 2, ID 20102  frame_expect is 6
027.798 启动了ACK计时器
027.798 .... 103 packets received, 7682 bps, 96.03%, Err 1 (4.5e-06)
027.798 确认了2 帧
028.032 进入了物理层准备好、
028.033 进入了网络层准备好、
028.033 Send DATA 8 6, ID 0
028.064 接收到了帧、
028.064 Recv DATA 7 3, ID 20103  frame_expect is 7
028.064 启动了ACK计时器
028.064 确认了3 帧
028.285 进入了物理层准备好、
028.285 进入了网络层准备好、
028.285 Send DATA 9 7, ID 0
028.333 接收到了帧、
028.333 Recv DATA 8 4, ID 20104  frame_expect is 8
028.333 启动了ACK计时器
028.333 确认了4 帧
028.555 进入了物理层准备好、
028.555 进入了网络层准备好、
028.555 Send DATA 10 8, ID 0
028.603 接收到了帧、
028.603 Recv DATA 9 5, ID 20105  frame_expect is 9
028.603 启动了ACK计时器
028.603 确认了5 帧
028.825 进入了物理层准备好、
028.825 进入了网络层准备好、
028.825 Send DATA 11 9, ID 0
028.856 接收到了帧、
028.856 Recv DATA 10 6, ID 20106  frame_expect is 10
028.856 启动了ACK计时器
028.857 确认了6 帧
029.079 进入了物理层准备好、
029.079 进入了网络层准备好、
029.079 Send DATA 12 10, ID 0
029.126 接收到了帧、
029.126 Recv DATA 11 7, ID 20107  frame_expect is 11
029.126 启动了ACK计时器
029.126 确认了7 帧
029.347 进入了物理层准备好、
029.347 进入了网络层准备好、
029.347 Send DATA 13 11, ID 0
029.394 接收到了帧、
029.394 Recv DATA 12 8, ID 20108  frame_expect is 12
029.394 启动了ACK计时器
029.394 确认了8 帧
029.615 进入了物理层准备好、
029.615 进入了网络层准备好、
029.615 Send DATA 14 12, ID 0
029.662 接收到了帧、
029.662 Recv DATA 13 9, ID 20109  frame_expect is 13
029.662 启动了ACK计时器
029.662 确认了9 帧
029.882 进入了物理层准备好、
029.882 进入了网络层准备好、
029.882 Send DATA 15 13, ID 0
029.913 接收到了帧、
029.913 Recv DATA 14 10, ID 20110  frame_expect is 14
029.913 启动了ACK计时器
029.913 .... 111 packets received, 7687 bps, 96.09%, Err 1 (4.2e-06)
029.913 确认了10 帧
030.135 进入了物理层准备好、
030.135 进入了网络层准备好、
030.135 Send DATA 16 14, ID 0
030.184 接收到了帧、
030.184 Recv DATA 15 11, ID 20111  frame_expect is 15
030.184 启动了ACK计时器
030.184 确认了11 帧
030.405 进入了物理层准备好、
030.405 进入了网络层准备好、
030.405 Send DATA 17 15, ID 0
030.453 接收到了帧、
030.453 Recv DATA 16 12, ID 20112  frame_expect is 16
030.453 启动了ACK计时器
030.453 确认了12 帧
030.675 进入了物理层准备好、
030.675 进入了网络层准备好、
030.675 Send DATA 18 16, ID 0
030.707 接收到了帧、
030.707 Recv DATA 17 13, ID 20113  frame_expect is 17
030.707 启动了ACK计时器
030.707 确认了13 帧
030.931 进入了物理层准备好、
030.931 进入了网络层准备好、
030.931 Send DATA 19 17, ID 0
030.978 接收到了帧、
030.979 Recv DATA 18 14, ID 20114  frame_expect is 18
030.979 启动了ACK计时器
030.979 确认了14 帧
031.203 进入了物理层准备好、
031.203 进入了网络层准备好、
031.203 Send DATA 20 18, ID 0
031.250 接收到了帧、
031.250 Recv DATA 19 15, ID 20115  frame_expect is 19
031.250 启动了ACK计时器
031.250 确认了15 帧
031.426 Impose noise on received data, 2/250968=8.0E-06
031.457 进入了物理层准备好、
031.457 进入了网络层准备好、
031.457 Send DATA 21 19, ID 0
031.520 接收到了帧、
031.520 Recv DATA 20 16, ID 20116  frame_expect is 20
031.520 启动了ACK计时器
031.520 确认了0 帧
031.727 进入了物理层准备好、
031.728 进入了网络层准备好、
031.728 Send DATA 22 20, ID 0
031.774 接收到了帧、
031.774 CRC 校验出错！
031.774 Send NAK 0 20, ID 0
031.995 进入了物理层准备好、
031.995 进入了网络层准备好、
031.995 Send DATA 23 20, ID 0
032.043 接收到了帧、
032.043 Recv DATA 22 18, ID 20118  frame_expect is 21
032.043 启动了ACK计时器
032.043 确认了1 帧
032.043 确认了2 帧
032.264 进入了物理层准备好、
032.264 进入了网络层准备好、
032.264 Send DATA 24 20, ID 0
032.312 接收到了帧、
032.312 Recv DATA 23 19, ID 20119  frame_expect is 21
032.312 启动了ACK计时器
032.312 确认了3 帧
032.517 进入了物理层准备好、
032.517 进入了网络层准备好、
032.517 Send DATA 25 20, ID 0
032.564 接收到了帧、
032.564 Recv DATA 24 20, ID 20120  frame_expect is 21
032.564 启动了ACK计时器
032.564 确认了4 帧
032.580 接收到了帧、
032.580 Send DATA 21 20, ID 0
032.722 TCP disconnected.
