000.000 =============================================================
000.000                     Station A                               
000.000 -------------------------------------------------------------
000.000 Protocol.lib, version 4.0, jiangyanjun0718@bupt.edu.cn
000.000 Channel: 8000 bps, 270 ms propagation delay, bit error rate 1.0E-05
000.000 Log file "Afileutopia.log", TCP port 59144, debug mask 0x00
000.000 Station A is waiting for station B on TCP port 59144 ... Done.
000.250 New epoch: Wed May  5 12:21:43 2021
000.250 =================================================================
000.250 
000.251 Designed by Jiang Yanjun, build: May  5 2021  12:04:58
004.072 .... 1 packets received, 685 bps, 8.56%, Err 1 (2.2e-04)
006.503 .... 4 packets received, 1511 bps, 18.89%, Err 1 (9.1e-05)
008.914 .... 7 packets received, 1830 bps, 22.88%, Err 1 (5.7e-05)
011.332 .... 10 packets received, 1998 bps, 24.97%, Err 1 (4.2e-05)
013.752 .... 13 packets received, 2101 bps, 26.26%, Err 1 (3.3e-05)
016.152 .... 16 packets received, 2174 bps, 27.18%, Err 1 (2.7e-05)
018.588 .... 19 packets received, 2223 bps, 27.78%, Err 1 (2.3e-05)
021.011 .... 22 packets received, 2261 bps, 28.26%, Err 1 (2.0e-05)
023.443 .... 25 packets received, 2290 bps, 28.62%, Err 1 (1.8e-05)
025.873 .... 28 packets received, 2313 bps, 28.91%, Err 1 (1.6e-05)
028.290 .... 31 packets received, 2333 bps, 29.17%, Err 1 (1.4e-05)
030.752 .... 34 packets received, 2347 bps, 29.34%, Err 1 (1.3e-05)
033.191 .... 37 packets received, 2360 bps, 29.50%, Err 1 (1.2e-05)
035.615 .... 40 packets received, 2372 bps, 29.65%, Err 1 (1.1e-05)
038.069 .... 43 packets received, 2381 bps, 29.76%, Err 1 (1.0e-05)
040.517 .... 46 packets received, 2389 bps, 29.86%, Err 1 (9.8e-06)
042.977 .... 49 packets received, 2395 bps, 29.94%, Err 1 (9.2e-06)
045.394 .... 52 packets received, 2403 bps, 30.04%, Err 1 (8.7e-06)
047.836 .... 55 packets received, 2409 bps, 30.11%, Err 1 (8.2e-06)
050.243 .... 58 packets received, 2416 bps, 30.20%, Err 1 (7.8e-06)
052.694 .... 61 packets received, 2420 bps, 30.26%, Err 1 (7.4e-06)
055.128 .... 64 packets received, 2425 bps, 30.31%, Err 1 (7.1e-06)
057.549 .... 67 packets received, 2430 bps, 30.37%, Err 1 (6.8e-06)
059.954 .... 70 packets received, 2435 bps, 30.44%, Err 1 (6.5e-06)
062.371 .... 73 packets received, 2439 bps, 30.49%, Err 1 (6.2e-06)
064.787 .... 76 packets received, 2443 bps, 30.54%, Err 1 (6.0e-06)
067.196 .... 79 packets received, 2447 bps, 30.59%, Err 1 (5.8e-06)
069.598 .... 82 packets received, 2451 bps, 30.64%, Err 1 (5.6e-06)
072.015 .... 85 packets received, 2454 bps, 30.68%, Err 1 (5.4e-06)
074.475 .... 88 packets received, 2456 bps, 30.69%, Err 1 (5.2e-06)
076.924 .... 91 packets received, 2457 bps, 30.72%, Err 1 (5.0e-06)
079.383 .... 94 packets received, 2459 bps, 30.73%, Err 1 (4.9e-06)
081.840 .... 97 packets received, 2460 bps, 30.75%, Err 1 (4.7e-06)
084.267 .... 100 packets received, 2462 bps, 30.77%, Err 1 (4.6e-06)
086.686 .... 103 packets received, 2464 bps, 30.80%, Err 1 (4.4e-06)
089.126 .... 106 packets received, 2466 bps, 30.82%, Err 1 (4.3e-06)
091.563 .... 109 packets received, 2467 bps, 30.84%, Err 1 (4.2e-06)
093.995 .... 112 packets received, 2469 bps, 30.86%, Err 1 (4.1e-06)
096.407 .... 115 packets received, 2471 bps, 30.88%, Err 1 (4.0e-06)
098.863 .... 118 packets received, 2471 bps, 30.89%, Err 1 (3.9e-06)
104.553 .... 121 packets received, 2395 bps, 29.94%, Err 1 (3.8e-06)
108.646 .... 122 packets received, 2323 bps, 29.04%, Err 1 (3.8e-06)
112.709 .... 123 packets received, 2257 bps, 28.21%, Err 1 (3.7e-06)
116.763 .... 124 packets received, 2195 bps, 27.44%, Err 1 (3.7e-06)
120.958 .... 125 packets received, 2136 bps, 26.69%, Err 1 (3.7e-06)
125.075 .... 126 packets received, 2081 bps, 26.01%, Err 1 (3.6e-06)
129.216 .... 127 packets received, 2030 bps, 25.37%, Err 1 (3.6e-06)
133.380 .... 128 packets received, 1981 bps, 24.77%, Err 1 (3.6e-06)
137.419 .... 129 packets received, 1938 bps, 24.22%, Err 1 (3.5e-06)
141.466 .... 130 packets received, 1896 bps, 23.71%, Err 1 (3.5e-06)
145.512 .... 131 packets received, 1858 bps, 23.22%, Err 1 (3.5e-06)
149.546 .... 132 packets received, 1821 bps, 22.76%, Err 1 (3.4e-06)
153.580 .... 133 packets received, 1786 bps, 22.33%, Err 1 (3.4e-06)
157.767 .... 134 packets received, 1751 bps, 21.89%, Err 1 (3.4e-06)
161.882 .... 135 packets received, 1719 bps, 21.49%, Err 1 (3.4e-06)
166.009 .... 136 packets received, 1689 bps, 21.11%, Err 1 (3.3e-06)
170.126 .... 137 packets received, 1660 bps, 20.75%, Err 1 (3.3e-06)
174.156 .... 138 packets received, 1633 bps, 20.41%, Err 1 (3.3e-06)
178.272 .... 139 packets received, 1607 bps, 20.08%, Err 1 (3.3e-06)
182.358 .... 140 packets received, 1582 bps, 19.77%, Err 1 (3.2e-06)
186.454 .... 141 packets received, 1558 bps, 19.47%, Err 1 (3.2e-06)
190.624 .... 142 packets received, 1534 bps, 19.18%, Err 1 (3.2e-06)
194.649 .... 143 packets received, 1513 bps, 18.91%, Err 1 (3.2e-06)
198.894 .... 144 packets received, 1491 bps, 18.64%, Err 1 (3.1e-06)
201.343 .... 146 packets received, 1493 bps, 18.66%, Err 1 (3.1e-06)
203.746 .... 149 packets received, 1506 bps, 18.82%, Err 1 (3.0e-06)
206.164 .... 152 packets received, 1518 bps, 18.97%, Err 1 (3.0e-06)
208.563 .... 155 packets received, 1530 bps, 19.12%, Err 1 (2.9e-06)
210.979 .... 158 packets received, 1542 bps, 19.27%, Err 1 (2.9e-06)
213.384 .... 161 packets received, 1553 bps, 19.41%, Err 1 (2.8e-06)
215.796 .... 164 packets received, 1564 bps, 19.55%, Err 1 (2.8e-06)
218.206 .... 167 packets received, 1575 bps, 19.69%, Err 1 (2.7e-06)
220.611 .... 170 packets received, 1586 bps, 19.82%, Err 1 (2.7e-06)
223.054 .... 173 packets received, 1596 bps, 19.95%, Err 1 (2.6e-06)
225.467 .... 176 packets received, 1606 bps, 20.08%, Err 1 (2.6e-06)
227.867 .... 179 packets received, 1616 bps, 20.21%, Err 1 (2.5e-06)
230.281 .... 182 packets received, 1626 bps, 20.33%, Err 1 (2.5e-06)
232.682 .... 185 packets received, 1636 bps, 20.45%, Err 1 (2.5e-06)
235.097 .... 188 packets received, 1645 bps, 20.57%, Err 1 (2.4e-06)
237.506 .... 191 packets received, 1655 bps, 20.68%, Err 1 (2.4e-06)
239.907 .... 194 packets received, 1664 bps, 20.80%, Err 1 (2.3e-06)
242.354 .... 197 packets received, 1672 bps, 20.90%, Err 1 (2.3e-06)
244.765 .... 200 packets received, 1681 bps, 21.01%, Err 1 (2.3e-06)
247.226 .... 203 packets received, 1689 bps, 21.11%, Err 1 (2.2e-06)
249.647 .... 206 packets received, 1697 bps, 21.22%, Err 1 (2.2e-06)
252.074 .... 209 packets received, 1705 bps, 21.32%, Err 1 (2.2e-06)
254.507 .... 212 packets received, 1713 bps, 21.42%, Err 1 (2.1e-06)
256.914 .... 215 packets received, 1721 bps, 21.51%, Err 1 (2.1e-06)
259.353 .... 218 packets received, 1729 bps, 21.61%, Err 1 (2.1e-06)
261.791 .... 221 packets received, 1736 bps, 21.70%, Err 1 (2.1e-06)
265.105 .... 222 packets received, 1722 bps, 21.53%, Err 2 (4.1e-06)
267.551 .... 225 packets received, 1729 bps, 21.62%, Err 2 (4.0e-06)
269.953 .... 228 packets received, 1737 bps, 21.71%, Err 2 (4.0e-06)
272.377 .... 231 packets received, 1744 bps, 21.80%, Err 3 (5.9e-06)
274.814 .... 234 packets received, 1751 bps, 21.88%, Err 3 (5.8e-06)
277.237 .... 237 packets received, 1758 bps, 21.97%, Err 3 (5.7e-06)
279.671 .... 240 packets received, 1764 bps, 22.05%, Err 3 (5.7e-06)
282.103 .... 243 packets received, 1771 bps, 22.14%, Err 3 (5.6e-06)
284.531 .... 246 packets received, 1777 bps, 22.22%, Err 3 (5.5e-06)
286.953 .... 249 packets received, 1784 bps, 22.30%, Err 3 (5.5e-06)
289.359 .... 252 packets received, 1790 bps, 22.38%, Err 3 (5.4e-06)
291.766 .... 255 packets received, 1797 bps, 22.46%, Err 3 (5.3e-06)
294.219 .... 258 packets received, 1803 bps, 22.53%, Err 3 (5.3e-06)
296.632 .... 261 packets received, 1809 bps, 22.61%, Err 3 (5.2e-06)
299.068 .... 264 packets received, 1814 bps, 22.68%, Err 3 (5.2e-06)
303.990 .... 266 packets received, 1798 bps, 22.48%, Err 3 (5.1e-06)
308.064 .... 267 packets received, 1781 bps, 22.27%, Err 3 (5.1e-06)
312.185 .... 268 packets received, 1764 bps, 22.05%, Err 3 (5.1e-06)
316.206 .... 269 packets received, 1748 bps, 21.85%, Err 3 (5.1e-06)
320.374 .... 270 packets received, 1732 bps, 21.65%, Err 3 (5.0e-06)
324.462 .... 271 packets received, 1716 bps, 21.45%, Err 3 (5.0e-06)
328.587 .... 272 packets received, 1701 bps, 21.26%, Err 3 (5.0e-06)
332.604 .... 273 packets received, 1686 bps, 21.08%, Err 3 (5.0e-06)
336.713 .... 274 packets received, 1672 bps, 20.90%, Err 3 (5.0e-06)
340.772 .... 275 packets received, 1658 bps, 20.72%, Err 3 (4.9e-06)
344.823 .... 276 packets received, 1644 bps, 20.55%, Err 3 (4.9e-06)
348.952 .... 277 packets received, 1631 bps, 20.38%, Err 3 (4.9e-06)
353.001 .... 278 packets received, 1618 bps, 20.22%, Err 3 (4.9e-06)
357.137 .... 279 packets received, 1605 bps, 20.06%, Err 3 (4.9e-06)
361.235 .... 280 packets received, 1592 bps, 19.90%, Err 3 (4.8e-06)
365.400 .... 281 packets received, 1580 bps, 19.75%, Err 3 (4.8e-06)
369.568 .... 282 packets received, 1567 bps, 19.59%, Err 3 (4.8e-06)
373.608 .... 283 packets received, 1556 bps, 19.45%, Err 3 (4.8e-06)
377.672 .... 284 packets received, 1544 bps, 19.31%, Err 3 (4.8e-06)
381.701 .... 285 packets received, 1533 bps, 19.17%, Err 4 (6.3e-06)
385.841 .... 286 packets received, 1522 bps, 19.03%, Err 4 (6.3e-06)
392.386 .... 287 packets received, 1502 bps, 18.78%, Err 5 (7.8e-06)
398.050 .... 289 packets received, 1491 bps, 18.64%, Err 5 (7.8e-06)
400.536 .... 290 packets received, 1487 bps, 18.59%, Err 5 (7.8e-06)
402.956 .... 293 packets received, 1493 bps, 18.66%, Err 5 (7.7e-06)
405.365 .... 296 packets received, 1499 bps, 18.74%, Err 5 (7.6e-06)
407.831 .... 299 packets received, 1505 bps, 18.82%, Err 5 (7.5e-06)
410.264 .... 302 packets received, 1512 bps, 18.89%, Err 5 (7.5e-06)
412.718 .... 305 packets received, 1517 bps, 18.97%, Err 5 (7.4e-06)
415.156 .... 308 packets received, 1523 bps, 19.04%, Err 5 (7.3e-06)
417.593 .... 311 packets received, 1529 bps, 19.11%, Err 5 (7.2e-06)
419.988 .... 314 packets received, 1535 bps, 19.19%, Err 5 (7.2e-06)
422.390 .... 317 packets received, 1541 bps, 19.26%, Err 5 (7.1e-06)
424.813 .... 320 packets received, 1547 bps, 19.33%, Err 5 (7.0e-06)
427.192 .... 323 packets received, 1552 bps, 19.41%, Err 5 (7.0e-06)
429.640 .... 326 packets received, 1558 bps, 19.47%, Err 5 (6.9e-06)
432.071 .... 329 packets received, 1563 bps, 19.54%, Err 5 (6.9e-06)
434.462 .... 332 packets received, 1569 bps, 19.61%, Err 5 (6.8e-06)
436.867 .... 335 packets received, 1574 bps, 19.68%, Err 5 (6.7e-06)
439.272 .... 338 packets received, 1580 bps, 19.75%, Err 5 (6.7e-06)
441.689 .... 341 packets received, 1585 bps, 19.81%, Err 5 (6.6e-06)
444.084 .... 344 packets received, 1590 bps, 19.88%, Err 5 (6.6e-06)
449.012 .... 347 packets received, 1587 bps, 19.83%, Err 6 (7.8e-06)
451.426 .... 350 packets received, 1592 bps, 19.90%, Err 6 (7.7e-06)
453.829 .... 353 packets received, 1597 bps, 19.96%, Err 6 (7.7e-06)
456.282 .... 356 packets received, 1602 bps, 20.02%, Err 6 (7.6e-06)
458.702 .... 359 packets received, 1607 bps, 20.08%, Err 6 (7.5e-06)
461.114 .... 362 packets received, 1612 bps, 20.14%, Err 6 (7.5e-06)
463.531 .... 365 packets received, 1616 bps, 20.21%, Err 6 (7.4e-06)
465.953 .... 368 packets received, 1621 bps, 20.27%, Err 6 (7.4e-06)
468.380 .... 371 packets received, 1626 bps, 20.32%, Err 6 (7.3e-06)
470.801 .... 374 packets received, 1631 bps, 20.38%, Err 6 (7.2e-06)
473.227 .... 377 packets received, 1635 bps, 20.44%, Err 6 (7.2e-06)
475.624 .... 380 packets received, 1640 bps, 20.50%, Err 6 (7.1e-06)
478.047 .... 383 packets received, 1645 bps, 20.56%, Err 6 (7.1e-06)
480.453 .... 386 packets received, 1649 bps, 20.61%, Err 6 (7.0e-06)
482.874 .... 389 packets received, 1654 bps, 20.67%, Err 6 (7.0e-06)
485.289 .... 392 packets received, 1658 bps, 20.72%, Err 6 (6.9e-06)
487.712 .... 395 packets received, 1662 bps, 20.78%, Err 6 (6.9e-06)
490.093 .... 398 packets received, 1667 bps, 20.84%, Err 6 (6.8e-06)
492.535 .... 401 packets received, 1671 bps, 20.89%, Err 6 (6.8e-06)
494.990 .... 404 packets received, 1675 bps, 20.94%, Err 6 (6.7e-06)
497.426 .... 407 packets received, 1679 bps, 20.99%, Err 6 (6.7e-06)
499.843 .... 410 packets received, 1684 bps, 21.04%, Err 6 (6.6e-06)
503.895 .... 411 packets received, 1674 bps, 20.93%, Err 6 (6.6e-06)
507.982 .... 412 packets received, 1665 bps, 20.81%, Err 6 (6.6e-06)
512.107 .... 413 packets received, 1655 bps, 20.69%, Err 6 (6.6e-06)
516.216 .... 414 packets received, 1646 bps, 20.57%, Err 6 (6.5e-06)
520.283 .... 415 packets received, 1637 bps, 20.46%, Err 6 (6.5e-06)
524.448 .... 416 packets received, 1628 bps, 20.35%, Err 6 (6.5e-06)
531.156 .... 417 packets received, 1611 bps, 20.14%, Err 7 (7.6e-06)
536.750 .... 419 packets received, 1602 bps, 20.02%, Err 7 (7.5e-06)
540.915 .... 420 packets received, 1593 bps, 19.92%, Err 7 (7.5e-06)
545.125 .... 421 packets received, 1585 bps, 19.81%, Err 7 (7.5e-06)
549.179 .... 422 packets received, 1577 bps, 19.71%, Err 7 (7.5e-06)
553.328 .... 423 packets received, 1569 bps, 19.61%, Err 7 (7.4e-06)
557.387 .... 424 packets received, 1561 bps, 19.51%, Err 7 (7.4e-06)
561.599 .... 425 packets received, 1553 bps, 19.41%, Err 7 (7.4e-06)
565.729 .... 426 packets received, 1545 bps, 19.31%, Err 7 (7.4e-06)
569.912 .... 427 packets received, 1537 bps, 19.22%, Err 7 (7.4e-06)
574.013 .... 428 packets received, 1530 bps, 19.12%, Err 7 (7.4e-06)
578.119 .... 429 packets received, 1523 bps, 19.03%, Err 7 (7.3e-06)
582.279 .... 430 packets received, 1515 bps, 18.94%, Err 7 (7.3e-06)
586.433 .... 431 packets received, 1508 bps, 18.85%, Err 7 (7.3e-06)
590.462 .... 432 packets received, 1501 bps, 18.76%, Err 7 (7.3e-06)
594.540 .... 433 packets received, 1494 bps, 18.68%, Err 7 (7.3e-06)
598.645 .... 434 packets received, 1487 bps, 18.59%, Err 7 (7.2e-06)
601.343 .... 436 packets received, 1488 bps, 18.59%, Err 7 (7.2e-06)
603.757 .... 439 packets received, 1492 bps, 18.65%, Err 7 (7.2e-06)
606.200 .... 442 packets received, 1496 bps, 18.70%, Err 7 (7.1e-06)
608.641 .... 445 packets received, 1500 bps, 18.75%, Err 7 (7.1e-06)
611.943 .... 446 packets received, 1495 bps, 18.69%, Err 8 (8.0e-06)
614.354 .... 449 packets received, 1499 bps, 18.74%, Err 8 (8.0e-06)
616.768 .... 452 packets received, 1504 bps, 18.79%, Err 8 (7.9e-06)
619.221 .... 455 packets received, 1507 bps, 18.84%, Err 8 (7.9e-06)
621.647 .... 458 packets received, 1511 bps, 18.89%, Err 8 (7.8e-06)
624.052 .... 461 packets received, 1516 bps, 18.94%, Err 8 (7.8e-06)
626.462 .... 464 packets received, 1520 bps, 18.99%, Err 8 (7.7e-06)
628.890 .... 467 packets received, 1523 bps, 19.04%, Err 8 (7.7e-06)
631.311 .... 470 packets received, 1527 bps, 19.09%, Err 8 (7.6e-06)
633.721 .... 473 packets received, 1531 bps, 19.14%, Err 8 (7.6e-06)
636.126 .... 476 packets received, 1535 bps, 19.19%, Err 8 (7.6e-06)
638.552 .... 479 packets received, 1539 bps, 19.24%, Err 8 (7.5e-06)
639.134 TCP disconnected.
