000.000 =============================================================
000.000                     Station A                               
000.000 -------------------------------------------------------------
000.000 Protocol.lib, version 4.0, jiangyanjun0718@bupt.edu.cn
000.000 Channel: 8000 bps, 270 ms propagation delay, bit error rate 1.0E-05
000.000 Log file "Afile5.log", TCP port 59144, debug mask 0x07
000.000 Station A is waiting for station B on TCP port 59144 ... Done.
000.933 New epoch: Wed May  5 00:15:34 2021
000.933 =================================================================
000.933 
000.933 Designed by Jiang Yanjun, build: May  5 2021  00:15:31
000.933 Send DATA 0 1, ID 10000
001.121 Impose noise on received data, 1/632=1.6E-03
001.578 **** Receiver Error, Bad CRC Checksum    kind is 1
001.578 ---- NAK  32688 happen
001.578 Send NAK  1
004.980 Recv ACK  0
004.980   ACK计时器的状态  0
004.980 Send DATA 1 1, ID 10001
006.075 Recv DATA 0 1, ID 20000
006.075 .... 1 packets received, 430 bps, 5.37%, Err 1 (2.3e-04)
006.075 Send DATA 0 0, ID 10002
007.139 Recv DATA 1 0, ID 20001
007.139 Send DATA 1 1, ID 10003
008.197 Recv DATA 0 1, ID 20002
008.197 .... 3 packets received, 892 bps, 11.15%, Err 1 (1.2e-04)
008.197 Send DATA 0 0, ID 10004
009.267 Recv DATA 1 0, ID 20003
009.267 Send DATA 1 1, ID 10005
010.344 Recv DATA 0 1, ID 20004
010.344 .... 5 packets received, 1133 bps, 14.17%, Err 1 (7.9e-05)
010.344 Send DATA 0 0, ID 10006
011.404 Recv DATA 1 0, ID 20005
011.404 Send DATA 1 1, ID 10007
012.463 Recv DATA 0 1, ID 20006
012.463 .... 7 packets received, 1285 bps, 16.07%, Err 1 (5.9e-05)
012.463 Send DATA 0 0, ID 10008
013.530 Recv DATA 1 0, ID 20007
013.530 Send DATA 1 1, ID 10009
014.592 Recv DATA 0 1, ID 20008
014.592 .... 9 packets received, 1388 bps, 17.35%, Err 1 (4.7e-05)
014.592 Send DATA 0 0, ID 10010
015.649 Recv DATA 1 0, ID 20009
015.649 Send DATA 1 1, ID 10011
016.046 TCP disconnected.
