000.000 =============================================================
000.000                     Station A                               
000.000 -------------------------------------------------------------
000.000 Protocol.lib, version 4.0, jiangyanjun0718@bupt.edu.cn
000.000 Channel: 8000 bps, 270 ms propagation delay, bit error rate 1.0E-05
000.000 Log file "BfileutopiaFLOOD.log", TCP port 10002, debug mask 0x00
000.000 Station A is waiting for station B on TCP port 10002 ... Done.
000.286 New epoch: Wed May  5 12:21:33 2021
000.286 =================================================================
000.286 
000.286 Designed by Jiang Yanjun, build: May  5 2021  12:04:58
004.094 .... 1 packets received, 687 bps, 8.58%, Err 1 (2.2e-04)
006.522 .... 4 packets received, 1514 bps, 18.93%, Err 1 (9.1e-05)
008.952 .... 7 packets received, 1829 bps, 22.86%, Err 1 (5.7e-05)
011.441 .... 10 packets received, 1983 bps, 24.78%, Err 1 (4.2e-05)
013.880 .... 13 packets received, 2085 bps, 26.07%, Err 1 (3.3e-05)
016.300 .... 16 packets received, 2157 bps, 26.97%, Err 1 (2.7e-05)
018.716 .... 19 packets received, 2210 bps, 27.63%, Err 1 (2.3e-05)
021.158 .... 22 packets received, 2248 bps, 28.10%, Err 1 (2.0e-05)
023.583 .... 25 packets received, 2278 bps, 28.48%, Err 1 (1.8e-05)
025.988 .... 28 packets received, 2305 bps, 28.81%, Err 1 (1.6e-05)
028.414 .... 31 packets received, 2325 bps, 29.07%, Err 1 (1.4e-05)
030.824 .... 34 packets received, 2344 bps, 29.29%, Err 1 (1.3e-05)
033.236 .... 37 packets received, 2359 bps, 29.49%, Err 1 (1.2e-05)
035.655 .... 40 packets received, 2372 bps, 29.64%, Err 1 (1.1e-05)
038.068 .... 43 packets received, 2383 bps, 29.79%, Err 1 (1.0e-05)
040.520 .... 46 packets received, 2391 bps, 29.88%, Err 1 (9.8e-06)
042.940 .... 49 packets received, 2399 bps, 29.99%, Err 1 (9.2e-06)
045.366 .... 52 packets received, 2406 bps, 30.08%, Err 1 (8.7e-06)
047.806 .... 55 packets received, 2412 bps, 30.15%, Err 1 (8.2e-06)
050.223 .... 58 packets received, 2419 bps, 30.23%, Err 1 (7.8e-06)
052.635 .... 61 packets received, 2425 bps, 30.31%, Err 1 (7.4e-06)
055.040 .... 64 packets received, 2431 bps, 30.38%, Err 1 (7.1e-06)
057.470 .... 67 packets received, 2435 bps, 30.43%, Err 1 (6.8e-06)
059.916 .... 70 packets received, 2438 bps, 30.47%, Err 1 (6.5e-06)
062.365 .... 73 packets received, 2441 bps, 30.51%, Err 1 (6.2e-06)
064.839 .... 76 packets received, 2442 bps, 30.53%, Err 1 (6.0e-06)
067.278 .... 79 packets received, 2445 bps, 30.57%, Err 1 (5.8e-06)
069.687 .... 82 packets received, 2449 bps, 30.61%, Err 1 (5.6e-06)
072.117 .... 85 packets received, 2452 bps, 30.65%, Err 1 (5.4e-06)
074.531 .... 88 packets received, 2455 bps, 30.68%, Err 1 (5.2e-06)
076.979 .... 91 packets received, 2457 bps, 30.71%, Err 1 (5.0e-06)
079.387 .... 94 packets received, 2459 bps, 30.74%, Err 1 (4.9e-06)
081.824 .... 97 packets received, 2461 bps, 30.77%, Err 1 (4.7e-06)
084.255 .... 100 packets received, 2463 bps, 30.79%, Err 1 (4.6e-06)
086.671 .... 103 packets received, 2465 bps, 30.82%, Err 1 (4.4e-06)
089.116 .... 106 packets received, 2467 bps, 30.83%, Err 1 (4.3e-06)
091.538 .... 109 packets received, 2469 bps, 30.86%, Err 1 (4.2e-06)
093.974 .... 112 packets received, 2470 bps, 30.88%, Err 1 (4.1e-06)
096.387 .... 115 packets received, 2472 bps, 30.90%, Err 1 (4.0e-06)
098.848 .... 118 packets received, 2473 bps, 30.91%, Err 1 (3.9e-06)
107.064 .... 121 packets received, 2339 bps, 29.24%, Err 2 (7.5e-06)
112.668 .... 123 packets received, 2258 bps, 28.23%, Err 2 (7.4e-06)
116.791 .... 124 packets received, 2195 bps, 27.44%, Err 2 (7.3e-06)
120.840 .... 125 packets received, 2138 bps, 26.73%, Err 2 (7.2e-06)
124.882 .... 126 packets received, 2085 bps, 26.06%, Err 2 (7.2e-06)
128.914 .... 127 packets received, 2035 bps, 25.44%, Err 2 (7.1e-06)
132.925 .... 128 packets received, 1989 bps, 24.86%, Err 2 (7.1e-06)
136.951 .... 129 packets received, 1945 bps, 24.31%, Err 2 (7.0e-06)
141.155 .... 130 packets received, 1901 bps, 23.76%, Err 2 (6.9e-06)
145.254 .... 131 packets received, 1861 bps, 23.27%, Err 2 (6.9e-06)
149.355 .... 132 packets received, 1824 bps, 22.80%, Err 2 (6.8e-06)
153.471 .... 133 packets received, 1788 bps, 22.35%, Err 2 (6.8e-06)
157.515 .... 134 packets received, 1755 bps, 21.93%, Err 2 (6.7e-06)
161.543 .... 135 packets received, 1723 bps, 21.54%, Err 2 (6.7e-06)
165.649 .... 136 packets received, 1693 bps, 21.16%, Err 2 (6.6e-06)
169.762 .... 137 packets received, 1664 bps, 20.80%, Err 2 (6.6e-06)
173.954 .... 138 packets received, 1635 bps, 20.44%, Err 2 (6.5e-06)
177.999 .... 139 packets received, 1609 bps, 20.12%, Err 2 (6.5e-06)
182.053 .... 140 packets received, 1585 bps, 19.81%, Err 2 (6.4e-06)
186.071 .... 141 packets received, 1561 bps, 19.52%, Err 2 (6.4e-06)
190.154 .... 142 packets received, 1538 bps, 19.23%, Err 2 (6.3e-06)
194.282 .... 143 packets received, 1516 bps, 18.95%, Err 2 (6.3e-06)
198.374 .... 144 packets received, 1495 bps, 18.69%, Err 2 (6.2e-06)
200.530 .... 145 packets received, 1489 bps, 18.61%, Err 2 (6.2e-06)
202.933 .... 148 packets received, 1502 bps, 18.77%, Err 2 (6.1e-06)
205.341 .... 151 packets received, 1514 bps, 18.93%, Err 2 (5.9e-06)
207.752 .... 154 packets received, 1526 bps, 19.08%, Err 2 (5.8e-06)
210.157 .... 157 packets received, 1538 bps, 19.23%, Err 2 (5.7e-06)
212.601 .... 160 packets received, 1549 bps, 19.37%, Err 2 (5.6e-06)
215.023 .... 163 packets received, 1561 bps, 19.51%, Err 2 (5.5e-06)
217.442 .... 166 packets received, 1572 bps, 19.64%, Err 2 (5.4e-06)
219.863 .... 169 packets received, 1582 bps, 19.78%, Err 2 (5.3e-06)
222.320 .... 172 packets received, 1592 bps, 19.91%, Err 2 (5.2e-06)
224.728 .... 175 packets received, 1603 bps, 20.03%, Err 2 (5.2e-06)
227.151 .... 178 packets received, 1613 bps, 20.16%, Err 2 (5.1e-06)
229.567 .... 181 packets received, 1623 bps, 20.28%, Err 2 (5.0e-06)
231.972 .... 184 packets received, 1632 bps, 20.40%, Err 2 (4.9e-06)
234.391 .... 187 packets received, 1642 bps, 20.52%, Err 2 (4.8e-06)
236.812 .... 190 packets received, 1651 bps, 20.64%, Err 2 (4.8e-06)
239.219 .... 193 packets received, 1660 bps, 20.75%, Err 2 (4.7e-06)
241.623 .... 196 packets received, 1669 bps, 20.86%, Err 2 (4.6e-06)
244.016 .... 199 packets received, 1678 bps, 20.97%, Err 2 (4.5e-06)
246.424 .... 202 packets received, 1686 bps, 21.08%, Err 2 (4.5e-06)
248.830 .... 205 packets received, 1695 bps, 21.19%, Err 2 (4.4e-06)
251.237 .... 208 packets received, 1703 bps, 21.29%, Err 2 (4.4e-06)
253.645 .... 211 packets received, 1711 bps, 21.39%, Err 2 (4.3e-06)
256.047 .... 214 packets received, 1719 bps, 21.49%, Err 2 (4.2e-06)
258.465 .... 217 packets received, 1727 bps, 21.59%, Err 2 (4.2e-06)
260.892 .... 220 packets received, 1734 bps, 21.68%, Err 2 (4.1e-06)
263.305 .... 223 packets received, 1742 bps, 21.77%, Err 2 (4.1e-06)
265.704 .... 226 packets received, 1749 bps, 21.87%, Err 2 (4.0e-06)
269.824 .... 228 packets received, 1738 bps, 21.72%, Err 3 (5.9e-06)
272.248 .... 231 packets received, 1745 bps, 21.81%, Err 3 (5.9e-06)
274.677 .... 234 packets received, 1752 bps, 21.90%, Err 3 (5.8e-06)
278.004 .... 235 packets received, 1738 bps, 21.73%, Err 4 (7.7e-06)
280.426 .... 238 packets received, 1745 bps, 21.81%, Err 4 (7.6e-06)
282.831 .... 241 packets received, 1752 bps, 21.90%, Err 4 (7.5e-06)
285.239 .... 244 packets received, 1759 bps, 21.98%, Err 4 (7.4e-06)
287.672 .... 247 packets received, 1765 bps, 22.07%, Err 4 (7.3e-06)
290.081 .... 250 packets received, 1772 bps, 22.15%, Err 4 (7.2e-06)
292.500 .... 253 packets received, 1778 bps, 22.23%, Err 4 (7.1e-06)
294.920 .... 256 packets received, 1784 bps, 22.31%, Err 4 (7.0e-06)
297.313 .... 259 packets received, 1791 bps, 22.38%, Err 4 (7.0e-06)
299.743 .... 262 packets received, 1797 bps, 22.46%, Err 4 (6.9e-06)
303.828 .... 263 packets received, 1779 bps, 22.24%, Err 4 (6.9e-06)
307.953 .... 264 packets received, 1762 bps, 22.03%, Err 4 (6.8e-06)
312.048 .... 265 packets received, 1745 bps, 21.82%, Err 4 (6.8e-06)
316.135 .... 266 packets received, 1729 bps, 21.62%, Err 4 (6.8e-06)
320.165 .... 267 packets received, 1714 bps, 21.42%, Err 4 (6.7e-06)
324.209 .... 268 packets received, 1699 bps, 21.23%, Err 4 (6.7e-06)
328.278 .... 269 packets received, 1684 bps, 21.05%, Err 4 (6.7e-06)
332.483 .... 270 packets received, 1669 bps, 20.86%, Err 4 (6.7e-06)
336.613 .... 271 packets received, 1654 bps, 20.68%, Err 4 (6.6e-06)
340.671 .... 272 packets received, 1641 bps, 20.51%, Err 4 (6.6e-06)
344.692 .... 273 packets received, 1627 bps, 20.34%, Err 4 (6.6e-06)
348.842 .... 274 packets received, 1614 bps, 20.17%, Err 4 (6.6e-06)
352.858 .... 275 packets received, 1601 bps, 20.01%, Err 4 (6.5e-06)
357.045 .... 276 packets received, 1588 bps, 19.85%, Err 4 (6.5e-06)
361.135 .... 277 packets received, 1576 bps, 19.70%, Err 4 (6.5e-06)
365.247 .... 278 packets received, 1564 bps, 19.54%, Err 4 (6.5e-06)
369.395 .... 279 packets received, 1552 bps, 19.39%, Err 4 (6.4e-06)
373.430 .... 280 packets received, 1540 bps, 19.25%, Err 4 (6.4e-06)
377.596 .... 281 packets received, 1529 bps, 19.11%, Err 4 (6.4e-06)
381.697 .... 282 packets received, 1517 bps, 18.97%, Err 4 (6.4e-06)
388.346 .... 283 packets received, 1497 bps, 18.71%, Err 5 (7.9e-06)
392.469 .... 284 packets received, 1486 bps, 18.58%, Err 6 (9.4e-06)
398.141 .... 286 packets received, 1475 bps, 18.44%, Err 6 (9.3e-06)
400.546 .... 287 packets received, 1472 bps, 18.39%, Err 6 (9.3e-06)
402.960 .... 290 packets received, 1478 bps, 18.47%, Err 6 (9.2e-06)
405.414 .... 293 packets received, 1484 bps, 18.55%, Err 6 (9.1e-06)
407.813 .... 296 packets received, 1491 bps, 18.63%, Err 6 (9.0e-06)
410.239 .... 299 packets received, 1497 bps, 18.71%, Err 6 (8.9e-06)
412.646 .... 302 packets received, 1503 bps, 18.79%, Err 6 (8.9e-06)
415.051 .... 305 packets received, 1509 bps, 18.86%, Err 6 (8.8e-06)
417.466 .... 308 packets received, 1515 bps, 18.94%, Err 6 (8.7e-06)
419.905 .... 311 packets received, 1521 bps, 19.01%, Err 6 (8.6e-06)
422.341 .... 314 packets received, 1527 bps, 19.08%, Err 6 (8.5e-06)
424.781 .... 317 packets received, 1532 bps, 19.15%, Err 6 (8.5e-06)
427.220 .... 320 packets received, 1538 bps, 19.23%, Err 6 (8.4e-06)
430.542 .... 321 packets received, 1531 bps, 19.14%, Err 7 (9.7e-06)
432.971 .... 324 packets received, 1537 bps, 19.21%, Err 7 (9.6e-06)
435.376 .... 327 packets received, 1542 bps, 19.28%, Err 7 (9.5e-06)
437.823 .... 330 packets received, 1548 bps, 19.34%, Err 7 (9.5e-06)
440.235 .... 333 packets received, 1553 bps, 19.41%, Err 7 (9.4e-06)
442.670 .... 336 packets received, 1558 bps, 19.48%, Err 7 (9.3e-06)
445.075 .... 339 packets received, 1564 bps, 19.55%, Err 7 (9.2e-06)
447.473 .... 342 packets received, 1569 bps, 19.61%, Err 7 (9.1e-06)
450.776 .... 343 packets received, 1562 bps, 19.53%, Err 8 (1.0e-05)
453.175 .... 346 packets received, 1567 bps, 19.59%, Err 8 (1.0e-05)
455.608 .... 349 packets received, 1573 bps, 19.66%, Err 8 (1.0e-05)
458.016 .... 352 packets received, 1578 bps, 19.72%, Err 8 (1.0e-05)
460.430 .... 355 packets received, 1583 bps, 19.79%, Err 8 (1.0e-05)
462.839 .... 358 packets received, 1588 bps, 19.85%, Err 8 (1.0e-05)
465.273 .... 361 packets received, 1593 bps, 19.91%, Err 8 (9.9e-06)
467.668 .... 364 packets received, 1598 bps, 19.97%, Err 8 (9.8e-06)
470.074 .... 367 packets received, 1603 bps, 20.03%, Err 8 (9.7e-06)
472.493 .... 370 packets received, 1608 bps, 20.09%, Err 8 (9.7e-06)
474.911 .... 373 packets received, 1612 bps, 20.15%, Err 8 (9.6e-06)
477.315 .... 376 packets received, 1617 bps, 20.21%, Err 8 (9.5e-06)
479.740 .... 379 packets received, 1622 bps, 20.27%, Err 8 (9.4e-06)
482.136 .... 382 packets received, 1626 bps, 20.33%, Err 8 (9.4e-06)
484.532 .... 385 packets received, 1631 bps, 20.39%, Err 8 (9.3e-06)
486.947 .... 388 packets received, 1636 bps, 20.44%, Err 8 (9.2e-06)
489.347 .... 391 packets received, 1640 bps, 20.50%, Err 8 (9.2e-06)
491.740 .... 394 packets received, 1645 bps, 20.56%, Err 8 (9.1e-06)
494.155 .... 397 packets received, 1649 bps, 20.61%, Err 8 (9.0e-06)
496.561 .... 400 packets received, 1653 bps, 20.67%, Err 8 (9.0e-06)
499.002 .... 403 packets received, 1658 bps, 20.72%, Err 8 (8.9e-06)
503.871 .... 405 packets received, 1650 bps, 20.62%, Err 8 (8.8e-06)
507.946 .... 406 packets received, 1641 bps, 20.51%, Err 8 (8.8e-06)
511.982 .... 407 packets received, 1632 bps, 20.40%, Err 8 (8.8e-06)
516.182 .... 408 packets received, 1622 bps, 20.28%, Err 8 (8.8e-06)
520.258 .... 409 packets received, 1613 bps, 20.17%, Err 8 (8.7e-06)
524.337 .... 410 packets received, 1605 bps, 20.06%, Err 8 (8.7e-06)
528.402 .... 411 packets received, 1596 bps, 19.95%, Err 8 (8.7e-06)
532.468 .... 412 packets received, 1588 bps, 19.85%, Err 8 (8.7e-06)
536.575 .... 413 packets received, 1580 bps, 19.75%, Err 8 (8.7e-06)
540.715 .... 414 packets received, 1571 bps, 19.64%, Err 8 (8.6e-06)
544.853 .... 415 packets received, 1563 bps, 19.54%, Err 8 (8.6e-06)
549.000 .... 416 packets received, 1555 bps, 19.44%, Err 8 (8.6e-06)
553.144 .... 417 packets received, 1547 bps, 19.34%, Err 8 (8.6e-06)
557.315 .... 418 packets received, 1539 bps, 19.24%, Err 8 (8.6e-06)
561.365 .... 419 packets received, 1532 bps, 19.15%, Err 8 (8.5e-06)
565.482 .... 420 packets received, 1524 bps, 19.05%, Err 8 (8.5e-06)
569.549 .... 421 packets received, 1517 bps, 18.96%, Err 8 (8.5e-06)
573.647 .... 422 packets received, 1510 bps, 18.87%, Err 8 (8.5e-06)
577.806 .... 423 packets received, 1502 bps, 18.78%, Err 8 (8.4e-06)
582.013 .... 424 packets received, 1495 bps, 18.69%, Err 8 (8.4e-06)
586.097 .... 425 packets received, 1488 bps, 18.60%, Err 8 (8.4e-06)
590.186 .... 426 packets received, 1481 bps, 18.51%, Err 8 (8.4e-06)
594.283 .... 427 packets received, 1474 bps, 18.43%, Err 8 (8.4e-06)
598.421 .... 428 packets received, 1467 bps, 18.34%, Err 8 (8.3e-06)
600.532 .... 429 packets received, 1466 bps, 18.32%, Err 8 (8.3e-06)
602.925 .... 432 packets received, 1470 bps, 18.38%, Err 8 (8.3e-06)
605.342 .... 435 packets received, 1474 bps, 18.43%, Err 8 (8.2e-06)
607.754 .... 438 packets received, 1479 bps, 18.48%, Err 8 (8.2e-06)
610.151 .... 441 packets received, 1483 bps, 18.54%, Err 8 (8.1e-06)
612.581 .... 444 packets received, 1487 bps, 18.59%, Err 8 (8.0e-06)
615.901 .... 445 packets received, 1482 bps, 18.53%, Err 9 (9.0e-06)
618.327 .... 448 packets received, 1487 bps, 18.58%, Err 9 (9.0e-06)
620.722 .... 451 packets received, 1491 bps, 18.63%, Err 9 (8.9e-06)
623.118 .... 454 packets received, 1495 bps, 18.69%, Err 9 (8.8e-06)
625.525 .... 457 packets received, 1499 bps, 18.74%, Err 9 (8.8e-06)
627.930 .... 460 packets received, 1503 bps, 18.79%, Err 9 (8.7e-06)
630.330 .... 463 packets received, 1507 bps, 18.84%, Err 9 (8.7e-06)
635.242 .... 466 packets received, 1505 bps, 18.81%, Err 10 (9.6e-06)
637.664 .... 469 packets received, 1509 bps, 18.86%, Err 10 (9.5e-06)
640.071 .... 472 packets received, 1513 bps, 18.91%, Err 10 (9.4e-06)
642.501 .... 475 packets received, 1517 bps, 18.96%, Err 10 (9.4e-06)
644.909 .... 478 packets received, 1521 bps, 19.01%, Err 10 (9.3e-06)
647.317 .... 481 packets received, 1524 bps, 19.06%, Err 10 (9.3e-06)
649.749 .... 484 packets received, 1528 bps, 19.10%, Err 10 (9.2e-06)
652.198 .... 487 packets received, 1532 bps, 19.15%, Err 10 (9.2e-06)
654.627 .... 490 packets received, 1536 bps, 19.19%, Err 10 (9.1e-06)
657.025 .... 493 packets received, 1539 bps, 19.24%, Err 10 (9.1e-06)
661.960 .... 496 packets received, 1537 bps, 19.21%, Err 11 (9.9e-06)
664.408 .... 499 packets received, 1541 bps, 19.26%, Err 11 (9.8e-06)
666.817 .... 502 packets received, 1544 bps, 19.30%, Err 11 (9.8e-06)
669.240 .... 505 packets received, 1548 bps, 19.35%, Err 11 (9.7e-06)
671.655 .... 508 packets received, 1552 bps, 19.39%, Err 11 (9.7e-06)
674.074 .... 511 packets received, 1555 bps, 19.44%, Err 11 (9.6e-06)
676.473 .... 514 packets received, 1559 bps, 19.48%, Err 11 (9.5e-06)
678.870 .... 517 packets received, 1562 bps, 19.53%, Err 11 (9.5e-06)
681.303 .... 520 packets received, 1566 bps, 19.57%, Err 11 (9.4e-06)
684.336 TCP disconnected.
ackets received, 2325 bps, 29.07%, Err 13 (9.0e-06)
579.975 .... 658 packets received, 2326 bps, 29.07%, Err 13 (9.0e-06)
582.559 .... 661 packets received, 2326 bps, 29.08%, Err 13 (8.9e-06)
584.980 .... 664 packets received, 2327 bps, 29