000.000 =============================================================
000.000                     Station A                               
000.000 -------------------------------------------------------------
000.000 Protocol.lib, version 4.0, jiangyanjun0718@bupt.edu.cn
000.000 Channel: 8000 bps, 270 ms propagation delay, bit error rate 1.0E-05
000.000 Log file "./datalink.out-A.log", TCP port 59144, debug mask 0x00
000.000 Station A is waiting for station B on TCP port 59144 ... Done.
000.301 New epoch: Sat May 22 09:06:38 2021
000.301 =================================================================
000.301 
000.301 Designed by Jiang Yanjun, build: May 20 2021  21:40:37
003.426 .... 7 packets received, 6734 bps, 84.17%, Err 1 (5.3e-05)
005.540 .... 15 packets received, 7240 bps, 90.50%, Err 1 (2.8e-05)
007.641 .... 23 packets received, 7425 bps, 92.81%, Err 1 (1.9e-05)
009.746 .... 31 packets received, 7514 bps, 93.93%, Err 1 (1.4e-05)
011.884 .... 39 packets received, 7544 bps, 94.30%, Err 1 (1.2e-05)
013.981 .... 47 packets received, 7589 bps, 94.86%, Err 1 (9.7e-06)
016.116 .... 55 packets received, 7601 bps, 95.01%, Err 1 (8.3e-06)
018.214 .... 63 packets received, 7627 bps, 95.34%, Err 1 (7.3e-06)
020.325 .... 71 packets received, 7642 bps, 95.52%, Err 1 (6.5e-06)
022.424 .... 79 packets received, 7658 bps, 95.73%, Err 1 (5.8e-06)
024.554 .... 87 packets received, 7661 bps, 95.76%, Err 1 (5.3e-06)
026.679 .... 95 packets received, 7665 bps, 95.82%, Err 1 (4.9e-06)
028.762 .... 103 packets received, 7680 bps, 96.01%, Err 1 (4.5e-06)
030.883 .... 111 packets received, 7684 bps, 96.05%, Err 1 (4.2e-06)
034.077 .... 119 packets received, 7435 bps, 92.93%, Err 2 (7.6e-06)
036.185 .... 129 packets received, 7573 bps, 94.66%, Err 3 (1.1e-05)
038.303 .... 137 packets received, 7582 bps, 94.77%, Err 3 (1.0e-05)
039.422 ** WARNING: System too busy, sleep 15 ms, but be awakened 75 ms later
040.408 .... 145 packets received, 7593 bps, 94.91%, Err 4 (1.3e-05)
042.513 .... 153 packets received, 7602 bps, 95.03%, Err 4 (1.2e-05)
044.630 .... 161 packets received, 7609 bps, 95.11%, Err 4 (1.1e-05)
046.756 .... 169 packets received, 7614 bps, 95.17%, Err 4 (1.1e-05)
048.847 .... 177 packets received, 7623 bps, 95.29%, Err 4 (1.0e-05)
050.968 .... 185 packets received, 7628 bps, 95.35%, Err 4 (1.0e-05)
053.072 .... 193 packets received, 7634 bps, 95.43%, Err 4 (9.6e-06)
055.196 .... 201 packets received, 7637 bps, 95.47%, Err 4 (9.2e-06)
057.293 .... 209 packets received, 7644 bps, 95.55%, Err 4 (8.9e-06)
059.414 .... 217 packets received, 7647 bps, 95.59%, Err 4 (8.6e-06)
061.532 .... 225 packets received, 7650 bps, 95.63%, Err 4 (8.3e-06)
063.648 .... 233 packets received, 7653 bps, 95.66%, Err 4 (8.0e-06)
065.750 .... 241 packets received, 7658 bps, 95.72%, Err 4 (7.7e-06)
067.882 .... 249 packets received, 7659 bps, 95.73%, Err 4 (7.5e-06)
069.993 .... 257 packets received, 7662 bps, 95.77%, Err 4 (7.3e-06)
072.112 .... 265 packets received, 7664 bps, 95.80%, Err 4 (7.0e-06)
074.206 .... 273 packets received, 7669 bps, 95.86%, Err 4 (6.8e-06)
076.854 .... 279 packets received, 7562 bps, 94.53%, Err 5 (8.2e-06)
079.218 .... 287 packets received, 7543 bps, 94.29%, Err 6 (9.6e-06)
081.341 .... 298 packets received, 7625 bps, 95.31%, Err 6 (9.3e-06)
083.449 .... 306 packets received, 7628 bps, 95.35%, Err 6 (9.1e-06)
085.553 .... 314 packets received, 7632 bps, 95.40%, Err 6 (8.9e-06)
087.682 .... 322 packets received, 7634 bps, 95.42%, Err 6 (8.7e-06)
089.803 .... 330 packets received, 7636 bps, 95.45%, Err 6 (8.4e-06)
091.897 .... 338 packets received, 7640 bps, 95.51%, Err 6 (8.3e-06)
094.038 .... 346 packets received, 7641 bps, 95.51%, Err 6 (8.1e-06)
096.145 .... 354 packets received, 7644 bps, 95.55%, Err 7 (9.2e-06)
098.253 .... 361 packets received, 7625 bps, 95.32%, Err 8 (1.0e-05)
100.371 .... 369 packets received, 7628 bps, 95.35%, Err 8 (1.0e-05)
104.456 .... 370 packets received, 7346 bps, 91.82%, Err 8 (1.0e-05)
108.552 .... 371 packets received, 7084 bps, 88.55%, Err 8 (1.0e-05)
112.653 .... 372 packets received, 6842 bps, 85.52%, Err 8 (1.0e-05)
116.775 .... 373 packets received, 6615 bps, 82.69%, Err 8 (1.0e-05)
120.873 .... 374 packets received, 6406 bps, 80.07%, Err 8 (1.0e-05)
124.934 .... 375 packets received, 6212 bps, 77.65%, Err 8 (9.9e-06)
128.948 .... 376 packets received, 6032 bps, 75.41%, Err 8 (9.9e-06)
133.020 .... 377 packets received, 5862 bps, 73.27%, Err 8 (9.9e-06)
137.139 .... 378 packets received, 5699 bps, 71.24%, Err 8 (9.8e-06)
141.232 .... 379 packets received, 5547 bps, 69.34%, Err 8 (9.8e-06)
145.312 .... 380 packets received, 5404 bps, 67.55%, Err 8 (9.8e-06)
149.492 .... 381 packets received, 5265 bps, 65.82%, Err 8 (9.8e-06)
153.631 .... 382 packets received, 5136 bps, 64.20%, Err 8 (9.7e-06)
157.694 .... 383 packets received, 5015 bps, 62.69%, Err 8 (9.7e-06)
161.734 .... 384 packets received, 4902 bps, 61.27%, Err 8 (9.7e-06)
165.964 .... 385 packets received, 4788 bps, 59.85%, Err 8 (9.6e-06)
170.079 .... 386 packets received, 4684 bps, 58.55%, Err 8 (9.6e-06)
174.152 .... 387 packets received, 4585 bps, 57.32%, Err 8 (9.6e-06)
178.171 .... 388 packets received, 4493 bps, 56.16%, Err 8 (9.6e-06)
182.381 .... 389 packets received, 4399 bps, 54.99%, Err 8 (9.5e-06)
186.472 .... 390 packets received, 4313 bps, 53.92%, Err 8 (9.5e-06)
190.537 .... 391 packets received, 4231 bps, 52.89%, Err 8 (9.5e-06)
194.729 .... 392 packets received, 4150 bps, 51.88%, Err 8 (9.5e-06)
198.962 .... 393 packets received, 4072 bps, 50.90%, Err 8 (9.4e-06)
201.076 .... 396 packets received, 4060 bps, 50.74%, Err 8 (9.3e-06)
203.185 .... 404 packets received, 4098 bps, 51.23%, Err 8 (9.2e-06)
205.280 .... 412 packets received, 4137 bps, 51.71%, Err 8 (9.0e-06)
207.417 .... 420 packets received, 4173 bps, 52.16%, Err 8 (8.8e-06)
209.525 .... 427 packets received, 4200 bps, 52.50%, Err 9 (9.7e-06)
211.679 .... 435 packets received, 4235 bps, 52.93%, Err 9 (9.6e-06)
213.779 .... 443 packets received, 4270 bps, 53.37%, Err 9 (9.4e-06)
215.883 .... 451 packets received, 4304 bps, 53.80%, Err 9 (9.2e-06)
218.006 .... 459 packets received, 4338 bps, 54.22%, Err 9 (9.1e-06)
220.123 .... 467 packets received, 4371 bps, 54.63%, Err 9 (8.9e-06)
222.221 .... 475 packets received, 4403 bps, 55.04%, Err 9 (8.8e-06)
224.344 .... 483 packets received, 4435 bps, 55.44%, Err 9 (8.6e-06)
226.461 .... 491 packets received, 4466 bps, 55.82%, Err 9 (8.5e-06)
228.548 .... 499 packets received, 4497 bps, 56.21%, Err 9 (8.4e-06)
231.734 .... 507 packets received, 4506 bps, 56.32%, Err 10 (9.1e-06)
233.847 .... 518 packets received, 4562 bps, 57.02%, Err 10 (8.9e-06)
236.220 .... 523 packets received, 4559 bps, 56.99%, Err 11 (9.7e-06)
238.313 .... 534 packets received, 4614 bps, 57.68%, Err 11 (9.5e-06)
240.432 .... 542 packets received, 4642 bps, 58.02%, Err 11 (9.4e-06)
242.543 .... 549 packets received, 4661 bps, 58.26%, Err 12 (1.0e-05)
244.676 .... 557 packets received, 4687 bps, 58.59%, Err 12 (1.0e-05)
247.314 .... 563 packets received, 4687 bps, 58.58%, Err 13 (1.1e-05)
249.426 .... 574 packets received, 4738 bps, 59.22%, Err 13 (1.0e-05)
251.535 .... 582 packets received, 4763 bps, 59.54%, Err 13 (1.0e-05)
253.639 .... 590 packets received, 4788 bps, 59.86%, Err 13 (1.0e-05)
255.766 .... 598 packets received, 4813 bps, 60.16%, Err 13 (1.0e-05)
257.872 .... 606 packets received, 4837 bps, 60.46%, Err 13 (9.9e-06)
259.977 .... 614 packets received, 4861 bps, 60.76%, Err 13 (9.8e-06)
262.084 .... 622 packets received, 4885 bps, 61.06%, Err 13 (9.7e-06)
264.196 .... 630 packets received, 4908 bps, 61.35%, Err 13 (9.5e-06)
266.316 .... 638 packets received, 4930 bps, 61.63%, Err 13 (9.4e-06)
268.426 .... 646 packets received, 4953 bps, 61.91%, Err 13 (9.3e-06)
270.538 .... 654 packets received, 4975 bps, 62.18%, Err 13 (9.2e-06)
272.634 .... 662 packets received, 4997 bps, 62.46%, Err 13 (9.1e-06)
274.770 .... 670 packets received, 5018 bps, 62.72%, Err 13 (9.0e-06)
276.875 .... 678 packets received, 5039 bps, 62.98%, Err 13 (8.9e-06)
278.991 .... 682 packets received, 5030 bps, 62.87%, Err 14 (9.5e-06)
281.111 .... 693 packets received, 5072 bps, 63.40%, Err 14 (9.4e-06)
283.233 .... 701 packets received, 5092 bps, 63.65%, Err 14 (9.3e-06)
285.339 .... 709 packets received, 5112 bps, 63.90%, Err 14 (9.1e-06)
287.723 .... 713 packets received, 5098 bps, 63.73%, Err 15 (9.7e-06)
289.834 .... 725 packets received, 5146 bps, 64.32%, Err 15 (9.6e-06)
292.207 .... 730 packets received, 5139 bps, 64.24%, Err 16 (1.0e-05)
294.320 .... 741 packets received, 5179 bps, 64.74%, Err 16 (1.0e-05)
296.424 .... 749 packets received, 5198 bps, 64.97%, Err 16 (9.9e-06)
298.546 .... 757 packets received, 5216 bps, 65.20%, Err 16 (9.8e-06)
304.537 .... 765 packets received, 5167 bps, 64.58%, Err 16 (9.7e-06)
308.622 .... 766 packets received, 5105 bps, 63.81%, Err 16 (9.7e-06)
312.694 .... 767 packets received, 5044 bps, 63.06%, Err 16 (9.7e-06)
316.730 .... 768 packets received, 4986 bps, 62.33%, Err 16 (9.7e-06)
320.885 .... 769 packets received, 4928 bps, 61.60%, Err 16 (9.6e-06)
325.072 .... 770 packets received, 4871 bps, 60.88%, Err 16 (9.6e-06)
329.157 .... 771 packets received, 4816 bps, 60.20%, Err 16 (9.6e-06)
333.321 .... 772 packets received, 4762 bps, 59.52%, Err 16 (9.6e-06)
337.490 .... 773 packets received, 4709 bps, 58.86%, Err 16 (9.6e-06)
341.562 .... 774 packets received, 4659 bps, 58.23%, Err 16 (9.6e-06)
345.564 .... 775 packets received, 4610 bps, 57.63%, Err 16 (9.6e-06)
349.649 .... 776 packets received, 4562 bps, 57.03%, Err 16 (9.5e-06)
353.751 .... 777 packets received, 4515 bps, 56.44%, Err 16 (9.5e-06)
357.821 .... 778 packets received, 4469 bps, 55.86%, Err 16 (9.5e-06)
362.006 .... 779 packets received, 4423 bps, 55.29%, Err 16 (9.5e-06)
366.044 .... 780 packets received, 4380 bps, 54.74%, Err 16 (9.5e-06)
370.170 .... 781 packets received, 4336 bps, 54.20%, Err 16 (9.5e-06)
374.271 .... 782 packets received, 4294 bps, 53.67%, Err 16 (9.5e-06)
378.345 .... 783 packets received, 4253 bps, 53.16%, Err 16 (9.5e-06)
382.526 .... 784 packets received, 4212 bps, 52.65%, Err 16 (9.4e-06)
386.559 .... 785 packets received, 4173 bps, 52.16%, Err 16 (9.4e-06)
390.565 .... 786 packets received, 4135 bps, 51.69%, Err 16 (9.4e-06)
394.699 .... 787 packets received, 4097 bps, 51.21%, Err 16 (9.4e-06)
398.850 .... 788 packets received, 4059 bps, 50.74%, Err 16 (9.4e-06)
401.071 .... 791 packets received, 4052 bps, 50.65%, Err 16 (9.3e-06)
403.452 .... 796 packets received, 4054 bps, 50.67%, Err 17 (9.8e-06)
405.564 .... 807 packets received, 4088 bps, 51.10%, Err 17 (9.7e-06)
407.681 .... 815 packets received, 4107 bps, 51.34%, Err 17 (9.6e-06)
409.782 .... 823 packets received, 4126 bps, 51.58%, Err 17 (9.5e-06)
411.891 .... 831 packets received, 4145 bps, 51.81%, Err 17 (9.5e-06)
414.014 .... 839 packets received, 4163 bps, 52.04%, Err 17 (9.4e-06)
416.133 .... 847 packets received, 4182 bps, 52.27%, Err 17 (9.3e-06)
418.221 .... 855 packets received, 4200 bps, 52.50%, Err 17 (9.2e-06)
420.334 .... 862 packets received, 4213 bps, 52.66%, Err 19 (1.0e-05)
422.468 .... 870 packets received, 4230 bps, 52.88%, Err 19 (1.0e-05)
424.579 .... 878 packets received, 4248 bps, 53.10%, Err 19 (1.0e-05)
426.693 .... 886 packets received, 4266 bps, 53.32%, Err 20 (1.0e-05)
428.803 .... 893 packets received, 4278 bps, 53.47%, Err 20 (1.0e-05)
430.937 .... 901 packets received, 4295 bps, 53.69%, Err 20 (1.0e-05)
433.046 .... 909 packets received, 4312 bps, 53.90%, Err 20 (1.0e-05)
435.151 .... 916 packets received, 4324 bps, 54.05%, Err 21 (1.1e-05)
437.283 .... 924 packets received, 4340 bps, 54.25%, Err 21 (1.0e-05)
439.397 .... 932 packets received, 4357 bps, 54.46%, Err 21 (1.0e-05)
441.492 .... 940 packets received, 4373 bps, 54.67%, Err 22 (1.1e-05)
443.615 .... 948 packets received, 4389 bps, 54.87%, Err 22 (1.1e-05)
445.992 .... 953 packets received, 4389 bps, 54.86%, Err 23 (1.1e-05)
448.112 .... 964 packets received, 4419 bps, 55.23%, Err 23 (1.1e-05)
450.210 .... 972 packets received, 4434 bps, 55.43%, Err 23 (1.1e-05)
452.336 .... 976 packets received, 4432 bps, 55.40%, Err 24 (1.1e-05)
454.457 .... 987 packets received, 4461 bps, 55.76%, Err 24 (1.1e-05)
456.554 .... 995 packets received, 4476 bps, 55.95%, Err 24 (1.1e-05)
458.686 .... 1003 packets received, 4491 bps, 56.14%, Err 24 (1.1e-05)
460.790 .... 1011 packets received, 4506 bps, 56.33%, Err 24 (1.1e-05)
462.905 .... 1019 packets received, 4521 bps, 56.51%, Err 24 (1.1e-05)
465.004 .... 1027 packets received, 4536 bps, 56.70%, Err 24 (1.1e-05)
467.135 .... 1035 packets received, 4550 bps, 56.88%, Err 24 (1.1e-05)
469.249 .... 1043 packets received, 4565 bps, 57.06%, Err 24 (1.1e-05)
471.356 .... 1051 packets received, 4579 bps, 57.24%, Err 24 (1.1e-05)
473.467 .... 1059 packets received, 4593 bps, 57.42%, Err 24 (1.0e-05)
475.567 .... 1067 packets received, 4608 bps, 57.59%, Err 24 (1.0e-05)
477.688 .... 1075 packets received, 4621 bps, 57.77%, Err 24 (1.0e-05)
479.796 .... 1083 packets received, 4635 bps, 57.94%, Err 24 (1.0e-05)
481.912 .... 1091 packets received, 4649 bps, 58.11%, Err 24 (1.0e-05)
484.037 .... 1099 packets received, 4662 bps, 58.28%, Err 24 (1.0e-05)
486.135 .... 1107 packets received, 4676 bps, 58.45%, Err 24 (1.0e-05)
488.251 .... 1115 packets received, 4689 bps, 58.62%, Err 24 (1.0e-05)
490.368 .... 1123 packets received, 4703 bps, 58.78%, Err 24 (9.9e-06)
492.480 .... 1131 packets received, 4716 bps, 58.95%, Err 24 (9.8e-06)
494.584 .... 1139 packets received, 4729 bps, 59.11%, Err 24 (9.8e-06)
496.683 .... 1147 packets received, 4742 bps, 59.27%, Err 24 (9.7e-06)
498.812 .... 1155 packets received, 4755 bps, 59.43%, Err 24 (9.6e-06)
504.512 .... 1162 packets received, 4729 bps, 59.11%, Err 24 (9.6e-06)
504.781 TCP disconnected.
