000.000 =============================================================
000.000                     Station B                               
000.000 -------------------------------------------------------------
000.000 Protocol.lib, version 4.0, jiangyanjun0718@bupt.edu.cn
000.000 Channel: 8000 bps, 270 ms propagation delay, bit error rate 1.0E-04
000.000 Log file "fileB3.log", TCP port 59144, debug mask 0x03
000.000 Station B is connecting station A (TCP port 59144) ... Failed!
000.000 Station B is connecting station A (TCP port 59144) ... Done.
000.694 New epoch: Sat Apr 24 23:02:22 2021
000.694 =================================================================
000.694 
000.694 Designed by Jiang Yanjun, build: Apr 24 2021  22:58:53
000.694 启动了网络层，phlready 是 1  numberOFSend 是 0 have_ack[number_of_send] = 0
001.039 Send DATA 0 0, ID 20000
001.244 接收到了帧、
001.244 CRC校验出错！1
001.276 启动了网络层，phlready 是 1  numberOFSend 是 1 have_ack[number_of_send] = 0
001.276 Send DATA 1 0, ID 20001
001.513 接收到了帧、
001.513 Recv DATA 1 0, ID 10001  frame_expect is 0
001.529 启动了网络层，phlready 是 1  numberOFSend 是 2 have_ack[number_of_send] = 0
001.529 Send DATA 2 0, ID 20002
001.780 接收到了帧、
001.780 Recv DATA 2 0, ID 10002  frame_expect is 0
001.797 启动了网络层，phlready 是 1  numberOFSend 是 3 have_ack[number_of_send] = 0
001.797 Send DATA 3 0, ID 20003
002.033 接收到了帧、
002.033 Recv DATA 3 0, ID 10003  frame_expect is 0
002.064 启动了网络层，phlready 是 1  numberOFSend 是 4 have_ack[number_of_send] = 0
002.064 Send DATA 4 0, ID 20004
002.284 接收到了帧、
002.284 CRC校验出错！1
002.332 启动了网络层，phlready 是 1  numberOFSend 是 5 have_ack[number_of_send] = 0
002.332 Send DATA 5 0, ID 20005
002.553 接收到了帧、
002.553 Recv DATA 5 0, ID 10005  frame_expect is 0
002.584 启动了网络层，phlready 是 1  numberOFSend 是 6 have_ack[number_of_send] = 0
002.584 Send DATA 6 0, ID 20006
002.820 接收到了帧、
002.820 Recv DATA 6 0, ID 10006  frame_expect is 0
002.852 启动了网络层，phlready 是 1  numberOFSend 是 7 have_ack[number_of_send] = 0
002.852 Send DATA 7 0, ID 20007
003.104 接收到了帧、
003.104 Recv DATA 7 0, ID 10007  frame_expect is 0
003.120 启动了网络层，phlready 是 1  numberOFSend 是 8 have_ack[number_of_send] = 0
003.120 Send DATA 8 0, ID 20008
003.358 接收到了帧、
003.358 Recv DATA 8 0, ID 10008  frame_expect is 0
003.374 启动了网络层，phlready 是 1  numberOFSend 是 9 have_ack[number_of_send] = 0
003.374 Send DATA 9 0, ID 20009
003.546 ---- DATA 0 timeout
003.546 Send DATA 0 0, ID 20000
003.546 Send DATA 1 0, ID 20001
003.546 Send DATA 2 0, ID 20002
003.546 Send DATA 3 0, ID 20003
003.546 Send DATA 4 0, ID 20004
003.546 Send DATA 5 0, ID 20005
003.546 Send DATA 6 0, ID 20006
003.546 Send DATA 7 0, ID 20007
003.546 Send DATA 8 0, ID 20008
003.546 Send DATA 9 0, ID 20009
003.609 接收到了帧、
003.609 CRC校验出错！1
003.893 接收到了帧、
003.893 Recv DATA 0 0, ID 10000  frame_expect is 0
003.893 放入了网络层
003.893 .... 1 packets received, 698 bps, 8.73%, Err 3 (1.2e-04)
003.894 Send ACK  0
004.160 接收到了帧、
004.160 Recv DATA 1 0, ID 10001  frame_expect is 1
004.160 放入了网络层
004.160 Send ACK  1
004.410 接收到了帧、
004.410 Recv DATA 2 0, ID 10002  frame_expect is 2
004.410 放入了网络层
004.410 Send ACK  2
004.679 接收到了帧、
004.679 CRC校验出错！1
004.951 接收到了帧、
004.951 Recv DATA 4 0, ID 10004  frame_expect is 3
005.206 接收到了帧、
005.207 Recv DATA 5 0, ID 10005  frame_expect is 3
005.477 接收到了帧、
005.477 Recv DATA 6 0, ID 10006  frame_expect is 3
005.732 接收到了帧、
005.732 CRC校验出错！1
006.002 接收到了帧、
006.002 CRC校验出错！1
006.289 接收到了帧、
006.289 Recv DATA 9 0, ID 10009  frame_expect is 3
006.289 接收到了帧、
006.289 收到了  ACK  帧， ACK  号是 0 not_receive 是 0  number_OF_SEND  0 
006.289 ~~~~~~~~~~~~~~~~~~~~~~~~~~~~~~~~~~~~~~测试in_middle 成功
006.289 接收到了帧、
006.289 收到了  ACK  帧， ACK  号是 1 not_receive 是 1  number_OF_SEND  9 
006.289 ~~~~~~~~~~~~~~~~~~~~~~~~~~~~~~~~~~~~~~测试in_middle 成功
006.305 接收到了帧、
006.305 收到了  ACK  帧， ACK  号是 2 not_receive 是 2  number_OF_SEND  8 
006.305 ~~~~~~~~~~~~~~~~~~~~~~~~~~~~~~~~~~~~~~测试in_middle 成功
006.305 启动了网络层，phlready 是 1  numberOFSend 是 7 have_ack[number_of_send] = 0
006.305 Send DATA 7 0, ID 20010
006.321 接收到了帧、
006.321 收到了  ACK  帧， ACK  号是 3 not_receive 是 3  number_OF_SEND  8 
006.321 ~~~~~~~~~~~~~~~~~~~~~~~~~~~~~~~~~~~~~~测试in_middle 成功
006.336 接收到了帧、
006.336 收到了  ACK  帧， ACK  号是 4 not_receive 是 4  number_OF_SEND  7 
006.337 ~~~~~~~~~~~~~~~~~~~~~~~~~~~~~~~~~~~~~~测试in_middle 成功
006.352 接收到了帧、
006.352 收到了  ACK  帧， ACK  号是 5 not_receive 是 5  number_OF_SEND  6 
006.352 ~~~~~~~~~~~~~~~~~~~~~~~~~~~~~~~~~~~~~~测试in_middle 成功
006.368 接收到了帧、
006.368 收到了  ACK  帧， ACK  号是 6 not_receive 是 6  number_OF_SEND  5 
006.368 ~~~~~~~~~~~~~~~~~~~~~~~~~~~~~~~~~~~~~~测试in_middle 成功
006.571 接收到了帧、
006.571 CRC校验出错！1
006.571 启动了网络层，phlready 是 1  numberOFSend 是 4 have_ack[number_of_send] = 1
006.571 Send DATA 4 0, ID 20011
006.825 接收到了帧、
006.825 Recv DATA 1 0, ID 10001  frame_expect is 3
006.841 启动了网络层，phlready 是 1  numberOFSend 是 5 have_ack[number_of_send] = 1
006.841 Send DATA 5 0, ID 20012
007.093 启动了网络层，phlready 是 1  numberOFSend 是 6 have_ack[number_of_send] = 1
007.093 Send DATA 6 0, ID 20013
007.109 接收到了帧、
007.109 Recv DATA 2 0, ID 10002  frame_expect is 3
007.363 接收到了帧、
007.363 Recv DATA 3 0, ID 10003  frame_expect is 3
007.363 放入了网络层
007.363 .... 4 packets received, 1279 bps, 15.99%, Err 7 (1.3e-04)
007.363 Send ACK  3
007.363 启动了网络层，phlready 是 1  numberOFSend 是 7 have_ack[number_of_send] = 0
007.363 Send DATA 7 0, ID 20014
007.629 接收到了帧、
007.629 Recv DATA 4 0, ID 10004  frame_expect is 4
007.629 放入了网络层
007.629 Send ACK  4
007.646 启动了网络层，phlready 是 1  numberOFSend 是 8 have_ack[number_of_send] = 0
007.646 Send DATA 8 0, ID 20015
007.899 接收到了帧、
007.899 Recv DATA 5 0, ID 10005  frame_expect is 5
007.899 放入了网络层
007.899 Send ACK  5
007.915 启动了网络层，phlready 是 1  numberOFSend 是 9 have_ack[number_of_send] = 0
007.915 Send DATA 9 0, ID 20016
008.155 接收到了帧、
008.155 CRC校验出错！1
008.409 接收到了帧、
008.409 Recv DATA 7 0, ID 10007  frame_expect is 6
008.489 TCP disconnected.
